PRT1
60
139
4 0 2 (248 1112 16 ) (248 1112 55 ) (248 1128 55 ) (248 1128 16 ) 
4 0 1 (248 1128 55 ) (248 1983 55 ) (248 1983 -127 ) (248 1128 -127 ) 
4 1 13 (240 1983 -127 ) (240 1128 -127 ) (240 1128 -80 ) (240 1983 -80 ) 
4 1 6 (240 1128 -80 ) (240 1128 55 ) (240 1983 55 ) (240 1983 -80 ) 
4 1 2 (248 1128 16 ) (248 1128 55 ) (240 1128 55 ) (240 1128 16 ) 
4 2 6 (240 1112 16 ) (240 1112 55 ) (240 1128 55 ) (240 1128 16 ) 
4 3 28 (248 1024 -127 ) (511 1024 -127 ) (511 1024 55 ) (248 1024 55 ) 
4 3 4 (248 1095 55 ) (248 1095 16 ) (248 1040 16 ) (248 1040 55 ) 
4 3 5 (248 1040 -127 ) (248 1024 -127 ) (248 1024 55 ) (248 1040 55 ) 
4 4 8 (240 1040 16 ) (240 1040 55 ) (240 1095 55 ) (240 1095 16 ) 
4 4 5 (248 1040 16 ) (248 1040 55 ) (240 1040 55 ) (240 1040 16 ) 
4 5 28 (240 1024 55 ) (240 1024 -127 ) (248 1024 -127 ) (248 1024 55 ) 
4 5 15 (240 1040 -127 ) (240 1024 -127 ) (240 1024 -80 ) (240 1040 -80 ) 
4 5 8 (240 1024 -80 ) (240 1024 55 ) (240 1040 55 ) (240 1040 -80 ) 
4 6 17 (160 1112 55 ) (160 1128 55 ) (160 1128 16 ) (160 1112 16 ) 
4 6 16 (160 1128 55 ) (160 1983 55 ) (160 1983 -80 ) (160 1128 -80 ) 
4 6 13 (160 1112 -80 ) (160 1983 -80 ) (240 1983 -80 ) (240 1112 -80 ) 
4 6 7 (160 1112 -80 ) (240 1112 -80 ) (240 1112 16 ) (160 1112 16 ) 
4 7 13 (160 1105 -80 ) (160 1112 -80 ) (240 1112 -80 ) (240 1105 -80 ) 
4 7 10 (178 1095 -80 ) (226 1095 -80 ) (226 1095 16 ) (178 1095 16 ) 
4 7 8 (226 1095 -80 ) (240 1095 -80 ) (240 1095 16 ) (226 1095 16 ) 
4 7 12 (160 1095 -80 ) (178 1095 -80 ) (178 1095 16 ) (160 1095 16 ) 
4 8 28 (226 1024 -80 ) (240 1024 -80 ) (240 1024 55 ) (226 1024 55 ) 
4 8 15 (240 1082 -80 ) (240 1024 -80 ) (226 1024 -80 ) (226 1082 -80 ) 
4 8 9 (226 1095 55 ) (226 1095 41 ) (226 1093 41 ) (226 1093 55 ) 
4 8 10 (226 1095 24 ) (226 1095 -80 ) (226 1093 -80 ) (226 1093 24 ) 
4 8 11 (226 1093 -80 ) (226 1024 -80 ) (226 1024 55 ) (226 1093 55 ) 
4 9 12 (178 1095 55 ) (178 1095 41 ) (178 1093 41 ) (178 1093 55 ) 
4 9 11 (178 1093 55 ) (178 1093 41 ) (226 1093 41 ) (226 1093 55 ) 
4 10 11 (178 1093 24 ) (178 1093 -80 ) (226 1093 -80 ) (226 1093 24 ) 
4 10 12 (178 1095 24 ) (178 1095 -80 ) (178 1093 -80 ) (178 1093 24 ) 
4 11 28 (178 1024 -80 ) (226 1024 -80 ) (226 1024 55 ) (178 1024 55 ) 
4 11 15 (226 1082 -80 ) (226 1024 -80 ) (178 1024 -80 ) (178 1082 -80 ) 
4 11 12 (178 1093 -80 ) (178 1024 -80 ) (178 1024 55 ) (178 1093 55 ) 
4 12 28 (160 1024 55 ) (160 1024 -80 ) (178 1024 -80 ) (178 1024 55 ) 
4 12 26 (160 1024 -80 ) (160 1024 16 ) (160 1040 16 ) (160 1040 -80 ) 
4 12 25 (160 1024 16 ) (160 1024 55 ) (160 1095 55 ) (160 1095 16 ) 
4 12 15 (160 1024 -80 ) (160 1082 -80 ) (178 1082 -80 ) (178 1024 -80 ) 
4 13 16 (160 1983 -127 ) (160 1128 -127 ) (160 1128 -80 ) (160 1983 -80 ) 
4 13 14 (240 1105 -127 ) (240 1105 -82 ) (160 1105 -82 ) (160 1105 -127 ) 
4 14 15 (240 1082 -127 ) (240 1082 -82 ) (160 1082 -82 ) (160 1082 -127 ) 
4 15 28 (160 1024 -80 ) (160 1024 -127 ) (240 1024 -127 ) (240 1024 -80 ) 
4 15 26 (160 1040 -127 ) (160 1024 -127 ) (160 1024 -80 ) (160 1040 -80 ) 
4 16 17 (152 1128 55 ) (152 1128 16 ) (160 1128 16 ) (160 1128 55 ) 
4 16 18 (152 1128 55 ) (152 1983 55 ) (152 1983 -127 ) (152 1128 -127 ) 
4 17 18 (152 1112 16 ) (152 1112 55 ) (152 1128 55 ) (152 1128 16 ) 
4 18 36 (0 1983 -68 ) (0 1983 -127 ) (0 1112 -127 ) (0 1112 -68 ) 
4 18 31 (0 1983 -50 ) (0 1983 -68 ) (0 1112 -68 ) (0 1112 -50 ) 
4 18 29 (0 1983 55 ) (0 1983 -50 ) (0 1112 -50 ) (0 1112 55 ) 
4 18 22 (0 1112 -50 ) (0 1112 -68 ) (76 1112 -68 ) (76 1112 -50 ) 
4 18 19 (80 1112 -68 ) (144 1112 -68 ) (144 1112 -50 ) (80 1112 -50 ) 
4 19 20 (80 1108 -50 ) (80 1108 -68 ) (144 1108 -68 ) (144 1108 -50 ) 
4 20 21 (80 1100 -50 ) (80 1100 -68 ) (144 1100 -68 ) (144 1100 -50 ) 
4 21 27 (144 1095 -50 ) (80 1095 -50 ) (80 1095 -68 ) (144 1095 -68 ) 
4 22 31 (0 1112 -50 ) (0 1112 -68 ) (0 1108 -68 ) (0 1108 -50 ) 
4 22 23 (0 1108 -68 ) (76 1108 -68 ) (76 1108 -50 ) (0 1108 -50 ) 
4 23 32 (0 1108 -68 ) (0 1100 -68 ) (0 1100 -50 ) (0 1108 -50 ) 
4 23 24 (0 1100 -68 ) (76 1100 -68 ) (76 1100 -50 ) (0 1100 -50 ) 
4 24 33 (0 1100 -68 ) (0 1095 -68 ) (0 1095 -50 ) (0 1100 -50 ) 
4 24 27 (76 1095 -50 ) (0 1095 -50 ) (0 1095 -68 ) (76 1095 -68 ) 
4 25 30 (0 1024 16 ) (0 1024 55 ) (0 1095 55 ) (0 1095 16 ) 
4 25 28 (0 1024 55 ) (0 1024 16 ) (160 1024 16 ) (160 1024 55 ) 
4 25 26 (160 1040 16 ) (160 1024 16 ) (152 1024 16 ) (152 1040 16 ) 
4 25 27 (0 1024 16 ) (0 1095 16 ) (152 1095 16 ) (152 1024 16 ) 
4 26 28 (152 1024 -127 ) (160 1024 -127 ) (160 1024 16 ) (152 1024 16 ) 
4 26 27 (152 1024 16 ) (152 1040 16 ) (152 1040 -127 ) (152 1024 -127 ) 
4 27 37 (0 1024 -127 ) (0 1024 -68 ) (0 1095 -68 ) (0 1095 -127 ) 
4 27 33 (0 1024 -68 ) (0 1024 -50 ) (0 1095 -50 ) (0 1095 -68 ) 
4 27 30 (0 1024 -50 ) (0 1024 16 ) (0 1095 16 ) (0 1095 -50 ) 
4 27 28 (0 1024 16 ) (0 1024 -127 ) (152 1024 -127 ) (152 1024 16 ) 
4 28 55 (0 1024 55 ) (0 1024 -127 ) (0 897 -127 ) (0 897 55 ) 
4 29 34 (-127 1112 -50 ) (-127 1983 -50 ) (-8 1983 -50 ) (-8 1112 -50 ) 
4 29 31 (-8 1983 -50 ) (0 1983 -50 ) (0 1112 -50 ) (-8 1112 -50 ) 
4 30 55 (0 1024 -50 ) (0 1024 55 ) (-127 1024 55 ) (-127 1024 -50 ) 
4 30 35 (-127 1024 -50 ) (-127 1095 -50 ) (-8 1095 -50 ) (-8 1024 -50 ) 
4 30 33 (-8 1095 -50 ) (0 1095 -50 ) (0 1024 -50 ) (-8 1024 -50 ) 
4 31 36 (-8 1112 -68 ) (-8 1983 -68 ) (0 1983 -68 ) (0 1112 -68 ) 
4 31 34 (-8 1983 -68 ) (-8 1112 -68 ) (-8 1112 -50 ) (-8 1983 -50 ) 
4 31 32 (-8 1108 -50 ) (-8 1108 -68 ) (0 1108 -68 ) (0 1108 -50 ) 
4 32 33 (-8 1100 -50 ) (-8 1100 -68 ) (0 1100 -68 ) (0 1100 -50 ) 
4 33 55 (0 1024 -68 ) (0 1024 -50 ) (-8 1024 -50 ) (-8 1024 -68 ) 
4 33 37 (0 1024 -68 ) (-8 1024 -68 ) (-8 1095 -68 ) (0 1095 -68 ) 
4 33 35 (-8 1095 -68 ) (-8 1024 -68 ) (-8 1024 -50 ) (-8 1095 -50 ) 
4 34 36 (-127 1112 -68 ) (-127 1983 -68 ) (-8 1983 -68 ) (-8 1112 -68 ) 
4 35 55 (-8 1024 -50 ) (-127 1024 -50 ) (-127 1024 -68 ) (-8 1024 -68 ) 
4 35 37 (-8 1024 -68 ) (-127 1024 -68 ) (-127 1095 -68 ) (-8 1095 -68 ) 
4 37 55 (0 1024 -127 ) (0 1024 -68 ) (-127 1024 -68 ) (-127 1024 -127 ) 
4 38 56 (-544 1024 216 ) (-544 1024 -127 ) (-273 1024 -127 ) (-273 1024 216 ) 
4 38 47 (-544 1532 -127 ) (-544 1024 -127 ) (-544 1024 216 ) (-544 1532 216 ) 
4 38 46 (-544 1700 -127 ) (-544 1532 -127 ) (-544 1532 -107 ) (-544 1700 -107 ) 
4 38 44 (-544 1532 -30 ) (-544 1532 216 ) (-544 1700 216 ) (-544 1700 -30 ) 
4 38 45 (-544 1532 -107 ) (-544 1532 -30 ) (-544 1700 -30 ) (-544 1700 -107 ) 
4 38 39 (-544 1983 -127 ) (-544 1700 -127 ) (-544 1700 216 ) (-544 1983 216 ) 
4 39 46 (-551 1700 -127 ) (-544 1700 -127 ) (-544 1700 -107 ) (-551 1700 -107 ) 
4 39 44 (-544 1700 -30 ) (-544 1700 216 ) (-551 1700 216 ) (-551 1700 -30 ) 
4 39 45 (-544 1700 -107 ) (-544 1700 -30 ) (-551 1700 -30 ) (-551 1700 -107 ) 
4 39 42 (-551 1792 122 ) (-551 1792 -127 ) (-551 1772 -127 ) (-551 1772 122 ) 
4 39 41 (-551 1772 216 ) (-551 1792 216 ) (-551 1792 122 ) (-551 1772 122 ) 
4 39 40 (-551 1792 216 ) (-551 1983 216 ) (-551 1983 -127 ) (-551 1792 -127 ) 
4 39 43 (-551 1700 216 ) (-551 1772 216 ) (-551 1772 -127 ) (-551 1700 -127 ) 
4 40 48 (-655 1792 216 ) (-655 1983 216 ) (-655 1983 -127 ) (-655 1792 -127 ) 
4 40 42 (-655 1792 -127 ) (-551 1792 -127 ) (-551 1792 122 ) (-655 1792 122 ) 
4 40 41 (-551 1792 122 ) (-551 1792 216 ) (-655 1792 216 ) (-655 1792 122 ) 
4 41 49 (-655 1772 216 ) (-655 1792 216 ) (-655 1792 122 ) (-655 1772 122 ) 
4 41 43 (-551 1772 122 ) (-551 1772 216 ) (-655 1772 216 ) (-655 1772 122 ) 
4 41 42 (-551 1772 122 ) (-655 1772 122 ) (-655 1792 122 ) (-551 1792 122 ) 
4 42 50 (-655 1792 122 ) (-655 1792 -127 ) (-655 1772 -127 ) (-655 1772 122 ) 
4 42 43 (-655 1772 -127 ) (-551 1772 -127 ) (-551 1772 122 ) (-655 1772 122 ) 
4 43 52 (-655 1700 -127 ) (-655 1700 216 ) (-655 1772 216 ) (-655 1772 -127 ) 
4 43 46 (-655 1700 -107 ) (-655 1700 -127 ) (-551 1700 -127 ) (-551 1700 -107 ) 
4 43 44 (-655 1700 216 ) (-655 1700 -30 ) (-551 1700 -30 ) (-551 1700 216 ) 
4 43 45 (-655 1700 -30 ) (-655 1700 -107 ) (-551 1700 -107 ) (-551 1700 -30 ) 
4 44 52 (-655 1532 -30 ) (-655 1532 216 ) (-655 1700 216 ) (-655 1700 -30 ) 
4 44 47 (-655 1532 216 ) (-655 1532 -30 ) (-544 1532 -30 ) (-544 1532 216 ) 
4 44 45 (-544 1532 -30 ) (-655 1532 -30 ) (-655 1700 -30 ) (-544 1700 -30 ) 
4 45 52 (-655 1532 -107 ) (-655 1532 -30 ) (-655 1700 -30 ) (-655 1700 -107 ) 
4 45 47 (-655 1532 -30 ) (-655 1532 -107 ) (-544 1532 -107 ) (-544 1532 -30 ) 
4 45 46 (-544 1532 -107 ) (-655 1532 -107 ) (-655 1700 -107 ) (-544 1700 -107 ) 
4 46 52 (-655 1532 -127 ) (-655 1532 -107 ) (-655 1700 -107 ) (-655 1700 -127 ) 
4 46 47 (-655 1532 -107 ) (-655 1532 -127 ) (-544 1532 -127 ) (-544 1532 -107 ) 
4 47 56 (-544 1024 -127 ) (-544 1024 216 ) (-655 1024 216 ) (-655 1024 -127 ) 
4 47 52 (-655 1024 -127 ) (-655 1024 216 ) (-655 1532 216 ) (-655 1532 -127 ) 
4 48 50 (-656 1792 122 ) (-656 1792 -127 ) (-655 1792 -127 ) (-655 1792 122 ) 
4 48 49 (-656 1792 216 ) (-656 1792 122 ) (-655 1792 122 ) (-655 1792 216 ) 
4 48 51 (-656 1983 216 ) (-656 1983 -127 ) (-656 1792 -127 ) (-656 1792 216 ) 
4 49 52 (-655 1772 122 ) (-655 1772 216 ) (-656 1772 216 ) (-656 1772 122 ) 
4 49 51 (-656 1772 122 ) (-656 1772 216 ) (-656 1792 216 ) (-656 1792 122 ) 
4 49 50 (-655 1772 122 ) (-656 1772 122 ) (-656 1792 122 ) (-655 1792 122 ) 
4 50 52 (-656 1772 -127 ) (-655 1772 -127 ) (-655 1772 122 ) (-656 1772 122 ) 
4 50 51 (-656 1792 -127 ) (-656 1772 -127 ) (-656 1772 122 ) (-656 1792 122 ) 
4 51 54 (-1024 1772 216 ) (-1024 1983 216 ) (-1024 1983 -127 ) (-1024 1772 -127 ) 
4 51 53 (-1024 1772 -127 ) (-992 1772 -127 ) (-992 1772 216 ) (-1024 1772 216 ) 
4 51 52 (-992 1772 -127 ) (-656 1772 -127 ) (-656 1772 216 ) (-992 1772 216 ) 
4 52 56 (-655 1024 -127 ) (-655 1024 216 ) (-992 1024 216 ) (-992 1024 -127 ) 
4 52 53 (-992 1772 216 ) (-992 1772 -127 ) (-992 1032 -127 ) (-992 1032 216 ) 
4 53 54 (-1024 1032 216 ) (-1024 1772 216 ) (-1024 1772 -127 ) (-1024 1032 -127 ) 
4 56 57 (-992 996 -127 ) (-992 948 -127 ) (-992 948 -32 ) (-992 996 -32 ) 
4 57 58 (-1000 996 -127 ) (-1000 948 -127 ) (-1000 948 -32 ) (-1000 996 -32 ) 
4 58 59 (-1024 1024 -32 ) (-1024 1024 -127 ) (-1024 897 -127 ) (-1024 897 -32 ) 
