


materialPath: E:\SteamLibrary\steamapps\common\GarrysMod\garrysmod\materials
Loading E:\SteamLibrary\steamapps\common\GarrysMod\garrysmod\addons\trainingcenter\trainingcenter.vmf
ConVarRef mat_reduceparticles doesn't point to an existing ConVar
fixing up env_cubemap materials on brush sides...
0...1...2...3...4...5...6...7...8...9...10**** leaked ****
Entity prop_static (200.00 1056.00 55.00) leaked!
Processing areas...done (0)
Building Faces...done (0)
Chop Details...done (0)
Find Visible Detail Sides...done (0)
Merging details...done (0)
FixTjuncs...
PruneNodes...
WriteBSP...
done (0)
Creating default LDR cubemaps for env_cubemap using skybox materials:
   skybox/sky_day01_01*.vmt
 ! Run buildcubemaps in the engine to get the correct cube maps.
*** Error: Skybox vtf files for skybox/sky_day01_01 weren't compiled with the same size texture and/or same flags!
Can't load skybox file skybox/sky_day01_01 to build the default cubemap!
Finding displacement neighbors...
Finding lightmap sample positions...
Displacement Alpha : 0...1...2...3...4...5...6...7...8...9...10
Building Physics collision data...
done (0) (36992 bytes)
Error! prop_static using model "models/props_junk/wood_crate002a.mdl", which must be used on a dynamic entity (i.e. prop_physics). Deleted.
Error loading studio model STATIC "models/props_junk/wood_crate002a.mdl"!
Unable to load vertex data "models/wicked_custom/obstacles/ob_tanktrap_1.vvd"



12 threads
reading e:\steamlibrary\steamapps\common\garrysmod\garrysmod\addons\trainingcenter\trainingcenter.bsp
Error opening e:\steamlibrary\steamapps\common\garrysmod\garrysmod\addons\trainingcenter\trainingcenter.bsp


[Reading texlights from 'lights.rad']
[45 texlights parsed from 'lights.rad']

Loading e:\steamlibrary\steamapps\common\garrysmod\garrysmod\addons\trainingcenter\trainingcenter.bsp
Error opening e:\steamlibrary\steamapps\common\garrysmod\garrysmod\addons\trainingcenter\trainingcenter.bsp


materialPath: E:\SteamLibrary\steamapps\common\GarrysMod\garrysmod\materials
Loading E:\SteamLibrary\steamapps\common\GarrysMod\garrysmod\addons\trainingcenter\trainingcenter.vmf
ConVarRef mat_reduceparticles doesn't point to an existing ConVar
fixing up env_cubemap materials on brush sides...
0...1...2...3...4...5...6...7...8...9...10**** leaked ****
Entity prop_static (200.00 1056.00 55.00) leaked!
Processing areas...done (0)
Building Faces...done (0)
Chop Details...done (0)
Find Visible Detail Sides...done (0)
Merging details...done (0)
FixTjuncs...
PruneNodes...
WriteBSP...
done (0)
Creating default LDR cubemaps for env_cubemap using skybox materials:
   skybox/sky_day01_01*.vmt
 ! Run buildcubemaps in the engine to get the correct cube maps.
*** Error: Skybox vtf files for skybox/sky_day01_01 weren't compiled with the same size texture and/or same flags!
Can't load skybox file skybox/sky_day01_01 to build the default cubemap!
Finding displacement neighbors...
Finding lightmap sample positions...
Displacement Alpha : 0...1...2...3...4...5...6...7...8...9...10
Building Physics collision data...
done (0) (36992 bytes)
Error! prop_static using model "models/props_junk/wood_crate002a.mdl", which must be used on a dynamic entity (i.e. prop_physics). Deleted.
Error loading studio model STATIC "models/props_junk/wood_crate002a.mdl"!
Unable to load vertex data "models/wicked_custom/obstacles/ob_tanktrap_1.vvd"



12 threads
reading e:\steamlibrary\steamapps\common\garrysmod\garrysmod\addons\trainingcenter\trainingcenter.bsp
Error opening e:\steamlibrary\steamapps\common\garrysmod\garrysmod\addons\trainingcenter\trainingcenter.bsp


[Reading texlights from 'lights.rad']
[45 texlights parsed from 'lights.rad']

Loading e:\steamlibrary\steamapps\common\garrysmod\garrysmod\addons\trainingcenter\trainingcenter.bsp
Error opening e:\steamlibrary\steamapps\common\garrysmod\garrysmod\addons\trainingcenter\trainingcenter.bsp


materialPath: E:\SteamLibrary\steamapps\common\GarrysMod\garrysmod\materials
Loading E:\SteamLibrary\steamapps\common\GarrysMod\garrysmod\addons\trainingcenter\trainingcenter.vmf
ConVarRef mat_reduceparticles doesn't point to an existing ConVar
fixing up env_cubemap materials on brush sides...
0...1...2...3...4...5...6...7...8...9...10**** leaked ****
Entity prop_static (200.00 1056.00 55.00) leaked!
Processing areas...done (0)
Building Faces...done (0)
Chop Details...done (0)
Find Visible Detail Sides...done (0)
Merging details...done (0)
FixTjuncs...
PruneNodes...
WriteBSP...
done (0)
Creating default LDR cubemaps for env_cubemap using skybox materials:
   skybox/sky_day01_01*.vmt
 ! Run buildcubemaps in the engine to get the correct cube maps.
*** Error: Skybox vtf files for skybox/sky_day01_01 weren't compiled with the same size texture and/or same flags!
Can't load skybox file skybox/sky_day01_01 to build the default cubemap!
Finding displacement neighbors...
Finding lightmap sample positions...
Displacement Alpha : 0...1...2...3...4...5...6...7...8...9...10
Building Physics collision data...
done (0) (36992 bytes)
Error! prop_static using model "models/props_junk/wood_crate002a.mdl", which must be used on a dynamic entity (i.e. prop_physics). Deleted.
Error loading studio model STATIC "models/props_junk/wood_crate002a.mdl"!
Unable to load vertex data "models/wicked_custom/obstacles/ob_tanktrap_1.vvd"



12 threads
reading e:\steamlibrary\steamapps\common\garrysmod\garrysmod\addons\trainingcenter\trainingcenter.bsp
Error opening e:\steamlibrary\steamapps\common\garrysmod\garrysmod\addons\trainingcenter\trainingcenter.bsp


[Reading texlights from 'lights.rad']
[45 texlights parsed from 'lights.rad']

Loading e:\steamlibrary\steamapps\common\garrysmod\garrysmod\addons\trainingcenter\trainingcenter.bsp
Error opening e:\steamlibrary\steamapps\common\garrysmod\garrysmod\addons\trainingcenter\trainingcenter.bsp


materialPath: E:\SteamLibrary\steamapps\common\GarrysMod\garrysmod\materials
Loading E:\SteamLibrary\steamapps\common\GarrysMod\garrysmod\addons\trainingcenter\trainingcenter.vmf
ConVarRef mat_reduceparticles doesn't point to an existing ConVar
fixing up env_cubemap materials on brush sides...
0...1...2...3...4...5...6...7...8...9...100...1...2...3...4...5...6...7...8...9...10Processing areas...done (0)
Building Faces...done (0)
Chop Details...done (0)
Find Visible Detail Sides...done (0)
Merging details...done (0)
FixTjuncs...
PruneNodes...
WriteBSP...
done (0)
writing E:\SteamLibrary\steamapps\common\GarrysMod\garrysmod\addons\trainingcenter\trainingcenter.prt...Building visibility clusters...
done (0)
Creating default LDR cubemaps for env_cubemap using skybox materials:
   skybox/sky_day01_01*.vmt
 ! Run buildcubemaps in the engine to get the correct cube maps.
*** Error: Skybox vtf files for skybox/sky_day01_01 weren't compiled with the same size texture and/or same flags!
Can't load skybox file skybox/sky_day01_01 to build the default cubemap!
Finding displacement neighbors...
Finding lightmap sample positions...
Displacement Alpha : 0...1...2...3...4...5...6...7...8...9...10
Building Physics collision data...
done (0) (36992 bytes)
Unable to load vertex data "models/wicked_custom/obstacles/ob_tanktrap_1.vvd"



12 threads
reading e:\steamlibrary\steamapps\common\garrysmod\garrysmod\addons\trainingcenter\trainingcenter.bsp
Error opening e:\steamlibrary\steamapps\common\garrysmod\garrysmod\addons\trainingcenter\trainingcenter.bsp


[Reading texlights from 'lights.rad']
[45 texlights parsed from 'lights.rad']

Loading e:\steamlibrary\steamapps\common\garrysmod\garrysmod\addons\trainingcenter\trainingcenter.bsp
Error opening e:\steamlibrary\steamapps\common\garrysmod\garrysmod\addons\trainingcenter\trainingcenter.bsp


materialPath: E:\SteamLibrary\steamapps\common\GarrysMod\garrysmod\materials
Loading E:\SteamLibrary\steamapps\common\GarrysMod\garrysmod\addons\trainingcenter\trainingcenter.vmf
ConVarRef mat_reduceparticles doesn't point to an existing ConVar
fixing up env_cubemap materials on brush sides...
0...1...2...3...4...5...6...7...8...9...100...1...2...3...4...5...6...7...8...9...10Processing areas...done (0)
Building Faces...done (0)
Chop Details...done (0)
Find Visible Detail Sides...done (0)
Merging details...done (0)
FixTjuncs...
PruneNodes...
WriteBSP...
done (0)
writing E:\SteamLibrary\steamapps\common\GarrysMod\garrysmod\addons\trainingcenter\trainingcenter.prt...Building visibility clusters...
done (0)
Creating default LDR cubemaps for env_cubemap using skybox materials:
   skybox/sky_day01_01*.vmt
 ! Run buildcubemaps in the engine to get the correct cube maps.
*** Error: Skybox vtf files for skybox/sky_day01_01 weren't compiled with the same size texture and/or same flags!
Can't load skybox file skybox/sky_day01_01 to build the default cubemap!
Finding displacement neighbors...
Finding lightmap sample positions...
Displacement Alpha : 0...1...2...3...4...5...6...7...8...9...10
Building Physics collision data...
done (0) (36992 bytes)
Unable to load vertex data "models/wicked_custom/obstacles/ob_tanktrap_1.vvd"



12 threads
reading e:\steamlibrary\steamapps\common\garrysmod\garrysmod\addons\trainingcenter\trainingcenter.bsp
Error opening e:\steamlibrary\steamapps\common\garrysmod\garrysmod\addons\trainingcenter\trainingcenter.bsp


[Reading texlights from 'lights.rad']
[45 texlights parsed from 'lights.rad']

Loading e:\steamlibrary\steamapps\common\garrysmod\garrysmod\addons\trainingcenter\trainingcenter.bsp
Error opening e:\steamlibrary\steamapps\common\garrysmod\garrysmod\addons\trainingcenter\trainingcenter.bsp


materialPath: E:\SteamLibrary\steamapps\common\GarrysMod\garrysmod\materials
Loading E:\SteamLibrary\steamapps\common\GarrysMod\garrysmod\addons\trainingcenter\trainingcenter.vmf
ConVarRef mat_reduceparticles doesn't point to an existing ConVar
fixing up env_cubemap materials on brush sides...
0...1...2...3...4...5...6...7...8...9...100...1...2...3...4...5...6...7...8...9...10Processing areas...done (0)
Building Faces...done (0)
Chop Details...done (0)
Find Visible Detail Sides...done (0)
Merging details...done (0)
FixTjuncs...
PruneNodes...
WriteBSP...
done (0)
writing E:\SteamLibrary\steamapps\common\GarrysMod\garrysmod\addons\trainingcenter\trainingcenter.prt...Building visibility clusters...
done (0)
Creating default LDR cubemaps for env_cubemap using skybox materials:
   skybox/sky_day01_01*.vmt
 ! Run buildcubemaps in the engine to get the correct cube maps.
*** Error: Skybox vtf files for skybox/sky_day01_01 weren't compiled with the same size texture and/or same flags!
Can't load skybox file skybox/sky_day01_01 to build the default cubemap!
Finding displacement neighbors...
Finding lightmap sample positions...
Displacement Alpha : 0...1...2...3...4...5...6...7...8...9...10
Building Physics collision data...
done (0) (36992 bytes)
Unable to load vertex data "models/wicked_custom/obstacles/ob_tanktrap_1.vvd"



12 threads
reading e:\steamlibrary\steamapps\common\garrysmod\garrysmod\addons\trainingcenter\trainingcenter.bsp
Error opening e:\steamlibrary\steamapps\common\garrysmod\garrysmod\addons\trainingcenter\trainingcenter.bsp


materialPath: E:\SteamLibrary\steamapps\common\GarrysMod\garrysmod\materials
Loading E:\SteamLibrary\steamapps\common\GarrysMod\garrysmod\addons\trainingcenter\trainingcenter.vmf
ConVarRef mat_reduceparticles doesn't point to an existing ConVar
fixing up env_cubemap materials on brush sides...
0...1...2...3...4...5...6...7...8...9...100...1...2...3...4...5...6...7...8...9...10Processing areas...done (0)
Building Faces...done (0)
Chop Details...done (0)
Find Visible Detail Sides...done (0)
Merging details...done (0)
FixTjuncs...
PruneNodes...
WriteBSP...
done (0)
writing E:\SteamLibrary\steamapps\common\GarrysMod\garrysmod\addons\trainingcenter\trainingcenter.prt...Building visibility clusters...
done (0)
Creating default LDR cubemaps for env_cubemap using skybox materials:
   skybox/sky_day01_01*.vmt
 ! Run buildcubemaps in the engine to get the correct cube maps.
*** Error: Skybox vtf files for skybox/sky_day01_01 weren't compiled with the same size texture and/or same flags!
Can't load skybox file skybox/sky_day01_01 to build the default cubemap!
Finding displacement neighbors...
Finding lightmap sample positions...
Displacement Alpha : 0...1...2...3...4...5...6...7...8...9...10
Building Physics collision data...
done (0) (36992 bytes)
Unable to load vertex data "models/wicked_custom/obstacles/ob_tanktrap_1.vvd"



12 threads
reading e:\steamlibrary\steamapps\common\garrysmod\garrysmod\addons\trainingcenter\trainingcenter.bsp
Error opening e:\steamlibrary\steamapps\common\garrysmod\garrysmod\addons\trainingcenter\trainingcenter.bsp


materialPath: E:\SteamLibrary\steamapps\common\GarrysMod\garrysmod\materials
Loading E:\SteamLibrary\steamapps\common\GarrysMod\garrysmod\addons\trainingcenter\trainingcenter.vmf
ConVarRef mat_reduceparticles doesn't point to an existing ConVar
fixing up env_cubemap materials on brush sides...
0...1...2...3...4...5...6...7...8...9...100...1...2...3...4...5...6...7...8...9...10Processing areas...done (0)
Building Faces...done (0)
Chop Details...done (0)
Find Visible Detail Sides...done (0)
Merging details...done (0)
FixTjuncs...
PruneNodes...
WriteBSP...
done (0)
writing E:\SteamLibrary\steamapps\common\GarrysMod\garrysmod\addons\trainingcenter\trainingcenter.prt...Building visibility clusters...
done (0)
Creating default LDR cubemaps for env_cubemap using skybox materials:
   skybox/sky_day01_01*.vmt
 ! Run buildcubemaps in the engine to get the correct cube maps.
*** Error: Skybox vtf files for skybox/sky_day01_01 weren't compiled with the same size texture and/or same flags!
Can't load skybox file skybox/sky_day01_01 to build the default cubemap!
Finding displacement neighbors...
Finding lightmap sample positions...
Displacement Alpha : 0...1...2...3...4...5...6...7...8...9...10
Building Physics collision data...
done (0) (36992 bytes)
Unable to load vertex data "models/wicked_custom/obstacles/ob_tanktrap_1.vvd"



materialPath: E:\SteamLibrary\steamapps\common\GarrysMod\garrysmod\materials
Loading E:\SteamLibrary\steamapps\common\GarrysMod\garrysmod\addons\trainingcenter\trainingcenter.vmf
ConVarRef mat_reduceparticles doesn't point to an existing ConVar
fixing up env_cubemap materials on brush sides...
0...1...2...3...4...5...6...7...8...9...100...1...2...3...4...5...6...7...8...9...10Processing areas...done (0)
Building Faces...done (0)
Chop Details...done (0)
Find Visible Detail Sides...done (0)
Merging details...done (0)
FixTjuncs...
PruneNodes...
WriteBSP...
done (0)
writing E:\SteamLibrary\steamapps\common\GarrysMod\garrysmod\addons\trainingcenter\trainingcenter.prt...Building visibility clusters...
done (0)
Creating default LDR cubemaps for env_cubemap using skybox materials:
   skybox/sky_day01_01*.vmt
 ! Run buildcubemaps in the engine to get the correct cube maps.
*** Error: Skybox vtf files for skybox/sky_day01_01 weren't compiled with the same size texture and/or same flags!
Can't load skybox file skybox/sky_day01_01 to build the default cubemap!
Finding displacement neighbors...
Finding lightmap sample positions...
Displacement Alpha : 0...1...2...3...4...5...6...7...8...9...10
Building Physics collision data...
done (0) (36992 bytes)
Unable to load vertex data "models/wicked_custom/obstacles/ob_tanktrap_1.vvd"



12 threads
reading e:\steamlibrary\steamapps\common\garrysmod\garrysmod\addons\trainingcenter\trainingcenter.bsp
Error opening e:\steamlibrary\steamapps\common\garrysmod\garrysmod\addons\trainingcenter\trainingcenter.bsp


[Reading texlights from 'lights.rad']
[45 texlights parsed from 'lights.rad']

Loading e:\steamlibrary\steamapps\common\garrysmod\garrysmod\addons\trainingcenter\trainingcenter.bsp
Error opening e:\steamlibrary\steamapps\common\garrysmod\garrysmod\addons\trainingcenter\trainingcenter.bsp


materialPath: E:\SteamLibrary\steamapps\common\GarrysMod\garrysmod\materials
Loading E:\SteamLibrary\steamapps\common\GarrysMod\garrysmod\addons\trainingcenter\trainingcenter.vmf
ConVarRef mat_reduceparticles doesn't point to an existing ConVar
fixing up env_cubemap materials on brush sides...
0...1...2...3...4...5...6...7...8...9...100...1...2...3...4...5...6...7...8...9...10Processing areas...done (0)
Building Faces...done (0)
Chop Details...done (0)
Find Visible Detail Sides...done (0)
Merging details...done (0)
FixTjuncs...
PruneNodes...
WriteBSP...
done (0)
writing E:\SteamLibrary\steamapps\common\GarrysMod\garrysmod\addons\trainingcenter\trainingcenter.prt...Building visibility clusters...
done (0)
Creating default LDR cubemaps for env_cubemap using skybox materials:
   skybox/sky_day01_01*.vmt
 ! Run buildcubemaps in the engine to get the correct cube maps.
*** Error: Skybox vtf files for skybox/sky_day01_01 weren't compiled with the same size texture and/or same flags!
Can't load skybox file skybox/sky_day01_01 to build the default cubemap!
Finding displacement neighbors...
Finding lightmap sample positions...
Displacement Alpha : 0...1...2...3...4...5...6...7...8...9...10
Building Physics collision data...
done (0) (36992 bytes)
Placing detail props : 0...1...2...3...4...5...6...7...8...9...10
Water found with no water_lod_control entity, creating a default one.
Compacting texture/material tables...
Reduced 215 texinfos to 107
Reduced 16 texdatas to 13 (385 bytes to 292)
Writing E:\SteamLibrary\steamapps\common\GarrysMod\garrysmod\addons\trainingcenter\trainingcenter.bsp
0 seconds elapsed



12 threads
reading e:\steamlibrary\steamapps\common\garrysmod\garrysmod\addons\trainingcenter\trainingcenter.bsp
reading e:\steamlibrary\steamapps\common\garrysmod\garrysmod\addons\trainingcenter\trainingcenter.prt
  58 portalclusters
 138 numportals
0...1...2...3...4...5...6...7...8...9...100...1...2...3...4...5...6...7...8...9...10Optimized: 4 visible clusters (0.24%)
Total clusters visible: 1636
Average clusters visible: 28
Building PAS...
Average clusters audible: 32
visdatasize:1471  compressed from 928
writing e:\steamlibrary\steamapps\common\garrysmod\garrysmod\addons\trainingcenter\trainingcenter.bsp
0 seconds elapsed



[Reading texlights from 'lights.rad']
[45 texlights parsed from 'lights.rad']

Loading e:\steamlibrary\steamapps\common\garrysmod\garrysmod\addons\trainingcenter\trainingcenter.bsp
PREP OK
392 faces
40119 square feet [5777260.50 square inches]
0 Displacements
0 Square Feet [0.00 Square Inches]
392 patches before subdivision
5178 patches after subdivision
2 direct lights
0...1...2...3...4...5...6...7...8...9...100...1...2...3...4...5...6...7...8...9...10transfers 401861, max 290
transfer lists:   3.1 megs
0...1...2...3...4...5...6...7...8...9...10	Bounce #1 added RGB(6817, 6271, 5493)
0...1...2...3...4...5...6...7...8...9...10	Bounce #2 added RGB(1883, 1617, 1263)
0...1...2...3...4...5...6...7...8...9...10	Bounce #3 added RGB(671, 523, 354)
0...1...2...3...4...5...6...7...8...9...10	Bounce #4 added RGB(229, 163, 96)
0...1...2...3...4...5...6...7...8...9...10	Bounce #5 added RGB(85, 55, 28)
0...1...2...3...4...5...6...7...8...9...10	Bounce #6 added RGB(31, 18, 8)
0...1...2...3...4...5...6...7...8...9...10	Bounce #7 added RGB(12, 6, 2)
0...1...2...3...4...5...6...7...8...9...10	Bounce #8 added RGB(5, 2, 1)
0...1...2...3...4...5...6...7...8...9...10	Bounce #9 added RGB(2, 1, 0)
0...1...2...3...4...5...6...7...8...9...10	Bounce #10 added RGB(1, 0, 0)
Build Patch/Sample Hash Table(s).....Done<0.0013 sec>
0...1...2...3...4...5...6...7...8...9...10FinalLightFace Done
0 of 0 (0% of) surface lights went in leaf ambient cubes.
0...1...2...3...4...5...6...7...8...9...10Writing leaf ambient...done
Ready to Finish

Object names       Objects/Maxobjs  Memory / Maxmem  Fullness 
------------       ---------------  ---------------  -------- 
models                   9/4096          432/196608   ( 0.2%) 
brushes                 78/16384         936/196608   ( 0.5%) 
brushsides             569/163840       4552/1310720  ( 0.3%) 
planes                 574/65536       11480/1310720  ( 0.9%) 
vertexes               681/65536        8172/786432   ( 1.0%) 
nodes                  214/65536        6848/2097152  ( 0.3%) 
texinfos               107/12288        7704/884736   ( 0.9%) 
texdata                 13/2048          416/65536    ( 0.6%) 
dispinfos                0/0               0/0        ( 0.0%) 
disp_verts               0/0               0/0        ( 0.0%) 
disp_tris                0/0               0/0        ( 0.0%) 
disp_lmsamples           0/0               0/0        ( 0.0%) 
faces                  392/65536       21952/3670016  ( 0.6%) 
hdr faces                0/65536           0/3670016  ( 0.0%) 
origfaces              276/65536       15456/3670016  ( 0.4%) 
leaves                 224/65536        7168/2097152  ( 0.3%) 
leaffaces              439/65536         878/131072   ( 0.7%) 
leafbrushes            132/65536         264/131072   ( 0.2%) 
areas                    3/1024           24/8192     ( 0.3%) 
surfedges             3046/512000      12184/2048000  ( 0.6%) 
edges                 1775/256000       7100/1024000  ( 0.7%) 
LDR worldlights          2/8192          176/720896   ( 0.0%) 
HDR worldlights          0/8192            0/720896   ( 0.0%) 
leafwaterdata            1/32768          12/393216   ( 0.0%) 
waterstrips             12/32768         120/327680   ( 0.0%) 
waterverts               0/65536           0/786432   ( 0.0%) 
waterindices           192/65536         384/131072   ( 0.3%) 
cubemapsamples           0/1024            0/16384    ( 0.0%) 
overlays                 0/1024            0/360448   ( 0.0%) 
LDR lightdata         [variable]      350536/0        ( 0.0%) 
HDR lightdata         [variable]           0/0        ( 0.0%) 
visdata               [variable]        1471/16777216 ( 0.0%) 
entdata               [variable]        8318/393216   ( 2.1%) 
LDR ambient table      224/65536         896/262144   ( 0.3%) 
HDR ambient table      224/65536         896/262144   ( 0.3%) 
LDR leaf ambient       512/65536       14336/1835008  ( 0.8%) 
HDR leaf ambient       224/65536        6272/1835008  ( 0.3%) 
occluders                0/0               0/0        ( 0.0%) 
occluder polygons        0/0               0/0        ( 0.0%) 
occluder vert ind        0/0               0/0        ( 0.0%) 
detail props          [variable]           1/12       ( 8.3%) 
static props          [variable]           1/7908     ( 0.0%) 
pakfile               [variable]       25175/0        ( 0.0%) 
physics               [variable]       36992/4194304  ( 0.9%) 
physics terrain       [variable]           2/1048576  ( 0.0%) 

Level flags = 0

Total triangle count: 1062
Writing e:\steamlibrary\steamapps\common\garrysmod\garrysmod\addons\trainingcenter\trainingcenter.bsp
0 seconds elapsed



materialPath: E:\SteamLibrary\steamapps\common\GarrysMod\garrysmod\materials
Loading E:\SteamLibrary\steamapps\common\GarrysMod\garrysmod\addons\trainingcenter\trainingcenter.vmf
ConVarRef mat_reduceparticles doesn't point to an existing ConVar
fixing up env_cubemap materials on brush sides...
0...1...2...3...4...5...6...7...8...9...100...1...2...3...4...5...6...7...8...9...10Processing areas...done (0)
Building Faces...done (0)
Chop Details...done (0)
Find Visible Detail Sides...done (0)
Merging details...done (0)
FixTjuncs...
PruneNodes...
WriteBSP...
done (0)
writing E:\SteamLibrary\steamapps\common\GarrysMod\garrysmod\addons\trainingcenter\trainingcenter.prt...Building visibility clusters...
done (0)
Creating default LDR cubemaps for env_cubemap using skybox materials:
   skybox/sky_day01_01*.vmt
 ! Run buildcubemaps in the engine to get the correct cube maps.
*** Error: Skybox vtf files for skybox/sky_day01_01 weren't compiled with the same size texture and/or same flags!
Can't load skybox file skybox/sky_day01_01 to build the default cubemap!
Finding displacement neighbors...
Finding lightmap sample positions...
Displacement Alpha : 0...1...2...3...4...5...6...7...8...9...10
Building Physics collision data...
done (0) (36992 bytes)
Unable to load vertex data "models/wicked_custom/obstacles/ob_tanktrap_2.vvd"



12 threads
reading e:\steamlibrary\steamapps\common\garrysmod\garrysmod\addons\trainingcenter\trainingcenter.bsp
reading e:\steamlibrary\steamapps\common\garrysmod\garrysmod\addons\trainingcenter\trainingcenter.prt
  58 portalclusters
 138 numportals
0...1...2...3...4...5...6...7...8...9...100...1...2...3...4...5...6...7...8...9...10Optimized: 4 visible clusters (0.24%)
Total clusters visible: 1636
Average clusters visible: 28
Building PAS...
Average clusters audible: 32
visdatasize:1471  compressed from 928
writing e:\steamlibrary\steamapps\common\garrysmod\garrysmod\addons\trainingcenter\trainingcenter.bsp
0 seconds elapsed



[Reading texlights from 'lights.rad']
[45 texlights parsed from 'lights.rad']

Loading e:\steamlibrary\steamapps\common\garrysmod\garrysmod\addons\trainingcenter\trainingcenter.bsp
PREP OK
392 faces
40119 square feet [5777260.50 square inches]
0 Displacements
0 Square Feet [0.00 Square Inches]
392 patches before subdivision
5178 patches after subdivision
2 direct lights
0...1...2...3...4...5...6...7...8...9...100...1...2...3...4...5...6...7...8...9...10transfers 401861, max 290
transfer lists:   3.1 megs
0...1...2...3...4...5...6...7...8...9...10	Bounce #1 added RGB(6817, 6271, 5493)
0...1...2...3...4...5...6...7...8...9...10	Bounce #2 added RGB(1883, 1617, 1263)
0...1...2...3...4...5...6...7...8...9...10	Bounce #3 added RGB(671, 523, 354)
0...1...2...3...4...5...6...7...8...9...10	Bounce #4 added RGB(229, 163, 96)
0...1...2...3...4...5...6...7...8...9...10	Bounce #5 added RGB(85, 55, 28)
0...1...2...3...4...5...6...7...8...9...10	Bounce #6 added RGB(31, 18, 8)
0...1...2...3...4...5...6...7...8...9...10	Bounce #7 added RGB(12, 6, 2)
0...1...2...3...4...5...6...7...8...9...10	Bounce #8 added RGB(5, 2, 1)
0...1...2...3...4...5...6...7...8...9...10	Bounce #9 added RGB(2, 1, 0)
0...1...2...3...4...5...6...7...8...9...10	Bounce #10 added RGB(1, 0, 0)
Build Patch/Sample Hash Table(s).....Done<0.0013 sec>
0...1...2...3...4...5...6...7...8...9...10FinalLightFace Done
0 of 0 (0% of) surface lights went in leaf ambient cubes.
0...1...2...3...4...5...6...7...8...9...10Writing leaf ambient...done
Ready to Finish

Object names       Objects/Maxobjs  Memory / Maxmem  Fullness 
------------       ---------------  ---------------  -------- 
models                   9/4096          432/196608   ( 0.2%) 
brushes                 78/16384         936/196608   ( 0.5%) 
brushsides             569/163840       4552/1310720  ( 0.3%) 
planes                 574/65536       11480/1310720  ( 0.9%) 
vertexes               681/65536        8172/786432   ( 1.0%) 
nodes                  214/65536        6848/2097152  ( 0.3%) 
texinfos               107/12288        7704/884736   ( 0.9%) 
texdata                 13/2048          416/65536    ( 0.6%) 
dispinfos                0/0               0/0        ( 0.0%) 
disp_verts               0/0               0/0        ( 0.0%) 
disp_tris                0/0               0/0        ( 0.0%) 
disp_lmsamples           0/0               0/0        ( 0.0%) 
faces                  392/65536       21952/3670016  ( 0.6%) 
hdr faces                0/65536           0/3670016  ( 0.0%) 
origfaces              276/65536       15456/3670016  ( 0.4%) 
leaves                 224/65536        7168/2097152  ( 0.3%) 
leaffaces              439/65536         878/131072   ( 0.7%) 
leafbrushes            132/65536         264/131072   ( 0.2%) 
areas                    3/1024           24/8192     ( 0.3%) 
surfedges             3046/512000      12184/2048000  ( 0.6%) 
edges                 1775/256000       7100/1024000  ( 0.7%) 
LDR worldlights          2/8192          176/720896   ( 0.0%) 
HDR worldlights          0/8192            0/720896   ( 0.0%) 
leafwaterdata            1/32768          12/393216   ( 0.0%) 
waterstrips             12/32768         120/327680   ( 0.0%) 
waterverts               0/65536           0/786432   ( 0.0%) 
waterindices           192/65536         384/131072   ( 0.3%) 
cubemapsamples           0/1024            0/16384    ( 0.0%) 
overlays                 0/1024            0/360448   ( 0.0%) 
LDR lightdata         [variable]      350536/0        ( 0.0%) 
HDR lightdata         [variable]           0/0        ( 0.0%) 
visdata               [variable]        1471/16777216 ( 0.0%) 
entdata               [variable]        8318/393216   ( 2.1%) 
LDR ambient table      224/65536         896/262144   ( 0.3%) 
HDR ambient table      224/65536         896/262144   ( 0.3%) 
LDR leaf ambient       512/65536       14336/1835008  ( 0.8%) 
HDR leaf ambient       224/65536        6272/1835008  ( 0.3%) 
occluders                0/0               0/0        ( 0.0%) 
occluder polygons        0/0               0/0        ( 0.0%) 
occluder vert ind        0/0               0/0        ( 0.0%) 
detail props          [variable]           1/12       ( 8.3%) 
static props          [variable]           1/7908     ( 0.0%) 
pakfile               [variable]       25175/0        ( 0.0%) 
physics               [variable]       36992/4194304  ( 0.9%) 
physics terrain       [variable]           2/1048576  ( 0.0%) 

Level flags = 0

Total triangle count: 1062
Writing e:\steamlibrary\steamapps\common\garrysmod\garrysmod\addons\trainingcenter\trainingcenter.bsp
0 seconds elapsed



materialPath: E:\SteamLibrary\steamapps\common\GarrysMod\garrysmod\materials
Loading E:\SteamLibrary\steamapps\common\GarrysMod\garrysmod\addons\trainingcenter\trainingcenter.vmf
ConVarRef mat_reduceparticles doesn't point to an existing ConVar
fixing up env_cubemap materials on brush sides...
0...1...2...3...4...5...6...7...8...9...100...1...2...3...4...5...6...7...8...9...10Processing areas...done (0)
Building Faces...done (0)
Chop Details...done (0)
Find Visible Detail Sides...done (0)
Merging details...done (0)
FixTjuncs...
PruneNodes...
WriteBSP...
done (0)
writing E:\SteamLibrary\steamapps\common\GarrysMod\garrysmod\addons\trainingcenter\trainingcenter.prt...Building visibility clusters...
done (0)
Creating default LDR cubemaps for env_cubemap using skybox materials:
   skybox/sky_day01_01*.vmt
 ! Run buildcubemaps in the engine to get the correct cube maps.
*** Error: Skybox vtf files for skybox/sky_day01_01 weren't compiled with the same size texture and/or same flags!
Can't load skybox file skybox/sky_day01_01 to build the default cubemap!
Finding displacement neighbors...
Finding lightmap sample positions...
Displacement Alpha : 0...1...2...3...4...5...6...7...8...9...10
Building Physics collision data...
done (0) (36992 bytes)
Placing detail props : 0...1...2...3...4...5...6...7...8...9...10
Water found with no water_lod_control entity, creating a default one.
Compacting texture/material tables...
Reduced 215 texinfos to 107
Reduced 16 texdatas to 13 (385 bytes to 292)
Writing E:\SteamLibrary\steamapps\common\GarrysMod\garrysmod\addons\trainingcenter\trainingcenter.bsp
0 seconds elapsed



12 threads
reading e:\steamlibrary\steamapps\common\garrysmod\garrysmod\addons\trainingcenter\trainingcenter.bsp
reading e:\steamlibrary\steamapps\common\garrysmod\garrysmod\addons\trainingcenter\trainingcenter.prt
  58 portalclusters
 138 numportals
0...1...2...3...4...5...6...7...8...9...100...1...2...3...4...5...6...7...8...9...10Optimized: 4 visible clusters (0.24%)
Total clusters visible: 1636
Average clusters visible: 28
Building PAS...
Average clusters audible: 32
visdatasize:1471  compressed from 928
writing e:\steamlibrary\steamapps\common\garrysmod\garrysmod\addons\trainingcenter\trainingcenter.bsp
0 seconds elapsed



[Reading texlights from 'lights.rad']
[45 texlights parsed from 'lights.rad']

Loading e:\steamlibrary\steamapps\common\garrysmod\garrysmod\addons\trainingcenter\trainingcenter.bsp
PREP OK
392 faces
40119 square feet [5777260.50 square inches]
0 Displacements
0 Square Feet [0.00 Square Inches]
392 patches before subdivision
5178 patches after subdivision
2 direct lights
0...1...2...3...4...5...6...7...8...9...100...1...2...3...4...5...6...7...8...9...10transfers 401861, max 290
transfer lists:   3.1 megs
0...1...2...3...4...5...6...7...8...9...10	Bounce #1 added RGB(6817, 6271, 5493)
0...1...2...3...4...5...6...7...8...9...10	Bounce #2 added RGB(1883, 1617, 1263)
0...1...2...3...4...5...6...7...8...9...10	Bounce #3 added RGB(671, 523, 354)
0...1...2...3...4...5...6...7...8...9...10	Bounce #4 added RGB(229, 163, 96)
0...1...2...3...4...5...6...7...8...9...10	Bounce #5 added RGB(85, 55, 28)
0...1...2...3...4...5...6...7...8...9...10	Bounce #6 added RGB(31, 18, 8)
0...1...2...3...4...5...6...7...8...9...10	Bounce #7 added RGB(12, 6, 2)
0...1...2...3...4...5...6...7...8...9...10	Bounce #8 added RGB(5, 2, 1)
0...1...2...3...4...5...6...7...8...9...10	Bounce #9 added RGB(2, 1, 0)
0...1...2...3...4...5...6...7...8...9...10	Bounce #10 added RGB(1, 0, 0)
Build Patch/Sample Hash Table(s).....Done<0.0012 sec>
0...1...2...3...4...5...6...7...8...9...10FinalLightFace Done
0 of 0 (0% of) surface lights went in leaf ambient cubes.
0...1...2...3...4...5...6...7...8...9...10Writing leaf ambient...done
Ready to Finish

Object names       Objects/Maxobjs  Memory / Maxmem  Fullness 
------------       ---------------  ---------------  -------- 
models                   9/4096          432/196608   ( 0.2%) 
brushes                 78/16384         936/196608   ( 0.5%) 
brushsides             569/163840       4552/1310720  ( 0.3%) 
planes                 574/65536       11480/1310720  ( 0.9%) 
vertexes               681/65536        8172/786432   ( 1.0%) 
nodes                  214/65536        6848/2097152  ( 0.3%) 
texinfos               107/12288        7704/884736   ( 0.9%) 
texdata                 13/2048          416/65536    ( 0.6%) 
dispinfos                0/0               0/0        ( 0.0%) 
disp_verts               0/0               0/0        ( 0.0%) 
disp_tris                0/0               0/0        ( 0.0%) 
disp_lmsamples           0/0               0/0        ( 0.0%) 
faces                  392/65536       21952/3670016  ( 0.6%) 
hdr faces                0/65536           0/3670016  ( 0.0%) 
origfaces              276/65536       15456/3670016  ( 0.4%) 
leaves                 224/65536        7168/2097152  ( 0.3%) 
leaffaces              439/65536         878/131072   ( 0.7%) 
leafbrushes            132/65536         264/131072   ( 0.2%) 
areas                    3/1024           24/8192     ( 0.3%) 
surfedges             3046/512000      12184/2048000  ( 0.6%) 
edges                 1775/256000       7100/1024000  ( 0.7%) 
LDR worldlights          2/8192          176/720896   ( 0.0%) 
HDR worldlights          0/8192            0/720896   ( 0.0%) 
leafwaterdata            1/32768          12/393216   ( 0.0%) 
waterstrips             12/32768         120/327680   ( 0.0%) 
waterverts               0/65536           0/786432   ( 0.0%) 
waterindices           192/65536         384/131072   ( 0.3%) 
cubemapsamples           0/1024            0/16384    ( 0.0%) 
overlays                 0/1024            0/360448   ( 0.0%) 
LDR lightdata         [variable]      350536/0        ( 0.0%) 
HDR lightdata         [variable]           0/0        ( 0.0%) 
visdata               [variable]        1471/16777216 ( 0.0%) 
entdata               [variable]        9017/393216   ( 2.3%) 
LDR ambient table      224/65536         896/262144   ( 0.3%) 
HDR ambient table      224/65536         896/262144   ( 0.3%) 
LDR leaf ambient       512/65536       14336/1835008  ( 0.8%) 
HDR leaf ambient       224/65536        6272/1835008  ( 0.3%) 
occluders                0/0               0/0        ( 0.0%) 
occluder polygons        0/0               0/0        ( 0.0%) 
occluder vert ind        0/0               0/0        ( 0.0%) 
detail props          [variable]           1/12       ( 8.3%) 
static props          [variable]           1/7906     ( 0.0%) 
pakfile               [variable]       25175/0        ( 0.0%) 
physics               [variable]       36992/4194304  ( 0.9%) 
physics terrain       [variable]           2/1048576  ( 0.0%) 

Level flags = 0

Total triangle count: 1062
Writing e:\steamlibrary\steamapps\common\garrysmod\garrysmod\addons\trainingcenter\trainingcenter.bsp
0 seconds elapsed



materialPath: E:\SteamLibrary\steamapps\common\GarrysMod\garrysmod\materials
Loading E:\SteamLibrary\steamapps\common\GarrysMod\garrysmod\addons\trainingcenter\trainingcenter.vmf
ConVarRef mat_reduceparticles doesn't point to an existing ConVar
fixing up env_cubemap materials on brush sides...
0...1...2...3...4...5...6...7...8...9...100...1...2...3...4...5...6...7...8...9...10Processing areas...done (0)
Building Faces...done (0)
Chop Details...done (0)
Find Visible Detail Sides...done (0)
Merging details...done (0)
FixTjuncs...
PruneNodes...
WriteBSP...
done (0)
writing E:\SteamLibrary\steamapps\common\GarrysMod\garrysmod\addons\trainingcenter\trainingcenter.prt...Building visibility clusters...
done (0)
Creating default LDR cubemaps for env_cubemap using skybox materials:
   skybox/sky_day01_01*.vmt
 ! Run buildcubemaps in the engine to get the correct cube maps.
*** Error: Skybox vtf files for skybox/sky_day01_01 weren't compiled with the same size texture and/or same flags!
Can't load skybox file skybox/sky_day01_01 to build the default cubemap!
Finding displacement neighbors...
Finding lightmap sample positions...
Displacement Alpha : 0...1...2...3...4...5...6...7...8...9...10
Building Physics collision data...
done (0) (36992 bytes)
Placing detail props : 0...1...2...3...4...5...6...7...8...9...10
Water found with no water_lod_control entity, creating a default one.
Compacting texture/material tables...
Reduced 215 texinfos to 107
Reduced 16 texdatas to 13 (385 bytes to 292)
Writing E:\SteamLibrary\steamapps\common\GarrysMod\garrysmod\addons\trainingcenter\trainingcenter.bsp
0 seconds elapsed



12 threads
reading e:\steamlibrary\steamapps\common\garrysmod\garrysmod\addons\trainingcenter\trainingcenter.bsp
reading e:\steamlibrary\steamapps\common\garrysmod\garrysmod\addons\trainingcenter\trainingcenter.prt
  60 portalclusters
 139 numportals
0...1...2...3...4...5...6...7...8...9...100...1...2...3...4...5...6...7...8...9...10Optimized: 4 visible clusters (0.23%)
Total clusters visible: 1710
Average clusters visible: 28
Building PAS...
Average clusters audible: 32
visdatasize:1510  compressed from 960
writing e:\steamlibrary\steamapps\common\garrysmod\garrysmod\addons\trainingcenter\trainingcenter.bsp
0 seconds elapsed



[Reading texlights from 'lights.rad']
[45 texlights parsed from 'lights.rad']

Loading e:\steamlibrary\steamapps\common\garrysmod\garrysmod\addons\trainingcenter\trainingcenter.bsp
PREP OK
401 faces
40119 square feet [5777260.50 square inches]
0 Displacements
0 Square Feet [0.00 Square Inches]
401 patches before subdivision
5207 patches after subdivision
2 direct lights
0...1...2...3...4...5...6...7...8...9...100...1...2...3...4...5...6...7...8...9...10transfers 405394, max 290
transfer lists:   3.1 megs
0...1...2...3...4...5...6...7...8...9...10	Bounce #1 added RGB(6825, 6278, 5500)
0...1...2...3...4...5...6...7...8...9...10	Bounce #2 added RGB(1886, 1620, 1265)
0...1...2...3...4...5...6...7...8...9...10	Bounce #3 added RGB(672, 523, 354)
0...1...2...3...4...5...6...7...8...9...10	Bounce #4 added RGB(229, 163, 96)
0...1...2...3...4...5...6...7...8...9...10	Bounce #5 added RGB(85, 55, 28)
0...1...2...3...4...5...6...7...8...9...10	Bounce #6 added RGB(31, 18, 8)
0...1...2...3...4...5...6...7...8...9...10	Bounce #7 added RGB(12, 6, 2)
0...1...2...3...4...5...6...7...8...9...10	Bounce #8 added RGB(5, 2, 1)
0...1...2...3...4...5...6...7...8...9...10	Bounce #9 added RGB(2, 1, 0)
0...1...2...3...4...5...6...7...8...9...10	Bounce #10 added RGB(1, 0, 0)
Build Patch/Sample Hash Table(s).....Done<0.0013 sec>
0...1...2...3...4...5...6...7...8...9...10FinalLightFace Done
0 of 0 (0% of) surface lights went in leaf ambient cubes.
0...1...2...3...4...5...6...7...8...9...10Writing leaf ambient...done
Ready to Finish

Object names       Objects/Maxobjs  Memory / Maxmem  Fullness 
------------       ---------------  ---------------  -------- 
models                   9/4096          432/196608   ( 0.2%) 
brushes                 78/16384         936/196608   ( 0.5%) 
brushsides             569/163840       4552/1310720  ( 0.3%) 
planes                 572/65536       11440/1310720  ( 0.9%) 
vertexes               695/65536        8340/786432   ( 1.1%) 
nodes                  216/65536        6912/2097152  ( 0.3%) 
texinfos               107/12288        7704/884736   ( 0.9%) 
texdata                 13/2048          416/65536    ( 0.6%) 
dispinfos                0/0               0/0        ( 0.0%) 
disp_verts               0/0               0/0        ( 0.0%) 
disp_tris                0/0               0/0        ( 0.0%) 
disp_lmsamples           0/0               0/0        ( 0.0%) 
faces                  401/65536       22456/3670016  ( 0.6%) 
hdr faces                0/65536           0/3670016  ( 0.0%) 
origfaces              276/65536       15456/3670016  ( 0.4%) 
leaves                 226/65536        7232/2097152  ( 0.3%) 
leaffaces              444/65536         888/131072   ( 0.7%) 
leafbrushes            136/65536         272/131072   ( 0.2%) 
areas                    3/1024           24/8192     ( 0.3%) 
surfedges             3096/512000      12384/2048000  ( 0.6%) 
edges                 1806/256000       7224/1024000  ( 0.7%) 
LDR worldlights          2/8192          176/720896   ( 0.0%) 
HDR worldlights          0/8192            0/720896   ( 0.0%) 
leafwaterdata            1/32768          12/393216   ( 0.0%) 
waterstrips             14/32768         140/327680   ( 0.0%) 
waterverts               0/65536           0/786432   ( 0.0%) 
waterindices           210/65536         420/131072   ( 0.3%) 
cubemapsamples           0/1024            0/16384    ( 0.0%) 
overlays                 0/1024            0/360448   ( 0.0%) 
LDR lightdata         [variable]      355052/0        ( 0.0%) 
HDR lightdata         [variable]           0/0        ( 0.0%) 
visdata               [variable]        1510/16777216 ( 0.0%) 
entdata               [variable]        9017/393216   ( 2.3%) 
LDR ambient table      226/65536         904/262144   ( 0.3%) 
HDR ambient table      226/65536         904/262144   ( 0.3%) 
LDR leaf ambient       552/65536       15456/1835008  ( 0.8%) 
HDR leaf ambient       226/65536        6328/1835008  ( 0.3%) 
occluders                0/0               0/0        ( 0.0%) 
occluder polygons        0/0               0/0        ( 0.0%) 
occluder vert ind        0/0               0/0        ( 0.0%) 
detail props          [variable]           1/12       ( 8.3%) 
static props          [variable]           1/7924     ( 0.0%) 
pakfile               [variable]       25175/0        ( 0.0%) 
physics               [variable]       36992/4194304  ( 0.9%) 
physics terrain       [variable]           2/1048576  ( 0.0%) 

Level flags = 0

Total triangle count: 1094
Writing e:\steamlibrary\steamapps\common\garrysmod\garrysmod\addons\trainingcenter\trainingcenter.bsp
0 seconds elapsed



materialPath: E:\SteamLibrary\steamapps\common\GarrysMod\garrysmod\materials
Loading E:\SteamLibrary\steamapps\common\GarrysMod\garrysmod\addons\trainingcenter\trainingcenter.vmf
ConVarRef mat_reduceparticles doesn't point to an existing ConVar
fixing up env_cubemap materials on brush sides...
0...1...2...3...4...5...6...7...8...9...100...1...2...3...4...5...6...7...8...9...10Processing areas...done (0)
Building Faces...done (0)
Chop Details...done (0)
Find Visible Detail Sides...done (0)
Merging details...done (0)
FixTjuncs...
PruneNodes...
WriteBSP...
done (0)
writing E:\SteamLibrary\steamapps\common\GarrysMod\garrysmod\addons\trainingcenter\trainingcenter.prt...Building visibility clusters...
done (0)
Creating default LDR cubemaps for env_cubemap using skybox materials:
   skybox/sky_day01_01*.vmt
 ! Run buildcubemaps in the engine to get the correct cube maps.
*** Error: Skybox vtf files for skybox/sky_day01_01 weren't compiled with the same size texture and/or same flags!
Can't load skybox file skybox/sky_day01_01 to build the default cubemap!
Finding displacement neighbors...
Finding lightmap sample positions...
Displacement Alpha : 0...1...2...3...4...5...6...7...8...9...10
Building Physics collision data...
done (0) (36992 bytes)
Placing detail props : 0...1...2...3...4...5...6...7...8...9...10
Water found with no water_lod_control entity, creating a default one.
Compacting texture/material tables...
Reduced 215 texinfos to 107
Reduced 16 texdatas to 13 (385 bytes to 292)
Writing E:\SteamLibrary\steamapps\common\GarrysMod\garrysmod\addons\trainingcenter\trainingcenter.bsp
0 seconds elapsed



12 threads
reading e:\steamlibrary\steamapps\common\garrysmod\garrysmod\addons\trainingcenter\trainingcenter.bsp
reading e:\steamlibrary\steamapps\common\garrysmod\garrysmod\addons\trainingcenter\trainingcenter.prt
  60 portalclusters
 139 numportals
0...1...2...3...4...5...6...7...8...9...100...1...2...3...4...5...6...7...8...9...10Optimized: 4 visible clusters (0.23%)
Total clusters visible: 1710
Average clusters visible: 28
Building PAS...
Average clusters audible: 32
visdatasize:1510  compressed from 960
writing e:\steamlibrary\steamapps\common\garrysmod\garrysmod\addons\trainingcenter\trainingcenter.bsp
0 seconds elapsed



[Reading texlights from 'lights.rad']
[45 texlights parsed from 'lights.rad']

Loading e:\steamlibrary\steamapps\common\garrysmod\garrysmod\addons\trainingcenter\trainingcenter.bsp
PREP OK
401 faces
40119 square feet [5777260.50 square inches]
0 Displacements
0 Square Feet [0.00 Square Inches]
401 patches before subdivision
5207 patches after subdivision
2 direct lights
0...1...2...3...4...5...6...7...8...9...100...1...2...3...4...5...6...7...8...9...10transfers 405368, max 290
transfer lists:   3.1 megs
0...1...2...3...4...5...6...7...8...9...10	Bounce #1 added RGB(6825, 6278, 5500)
0...1...2...3...4...5...6...7...8...9...10	Bounce #2 added RGB(1886, 1620, 1265)
0...1...2...3...4...5...6...7...8...9...10	Bounce #3 added RGB(672, 523, 354)
0...1...2...3...4...5...6...7...8...9...10	Bounce #4 added RGB(229, 163, 96)
0...1...2...3...4...5...6...7...8...9...10	Bounce #5 added RGB(85, 55, 28)
0...1...2...3...4...5...6...7...8...9...10	Bounce #6 added RGB(31, 18, 8)
0...1...2...3...4...5...6...7...8...9...10	Bounce #7 added RGB(12, 6, 2)
0...1...2...3...4...5...6...7...8...9...10	Bounce #8 added RGB(5, 2, 1)
0...1...2...3...4...5...6...7...8...9...10	Bounce #9 added RGB(2, 1, 0)
0...1...2...3...4...5...6...7...8...9...10	Bounce #10 added RGB(1, 0, 0)
Build Patch/Sample Hash Table(s).....Done<0.0010 sec>
0...1...2...3...4...5...6...7...8...9...10FinalLightFace Done
0 of 0 (0% of) surface lights went in leaf ambient cubes.
0...1...2...3...4...5...6...7...8...9...10Writing leaf ambient...done
Ready to Finish

Object names       Objects/Maxobjs  Memory / Maxmem  Fullness 
------------       ---------------  ---------------  -------- 
models                   9/4096          432/196608   ( 0.2%) 
brushes                 78/16384         936/196608   ( 0.5%) 
brushsides             569/163840       4552/1310720  ( 0.3%) 
planes                 572/65536       11440/1310720  ( 0.9%) 
vertexes               695/65536        8340/786432   ( 1.1%) 
nodes                  216/65536        6912/2097152  ( 0.3%) 
texinfos               107/12288        7704/884736   ( 0.9%) 
texdata                 13/2048          416/65536    ( 0.6%) 
dispinfos                0/0               0/0        ( 0.0%) 
disp_verts               0/0               0/0        ( 0.0%) 
disp_tris                0/0               0/0        ( 0.0%) 
disp_lmsamples           0/0               0/0        ( 0.0%) 
faces                  401/65536       22456/3670016  ( 0.6%) 
hdr faces                0/65536           0/3670016  ( 0.0%) 
origfaces              276/65536       15456/3670016  ( 0.4%) 
leaves                 226/65536        7232/2097152  ( 0.3%) 
leaffaces              444/65536         888/131072   ( 0.7%) 
leafbrushes            136/65536         272/131072   ( 0.2%) 
areas                    3/1024           24/8192     ( 0.3%) 
surfedges             3096/512000      12384/2048000  ( 0.6%) 
edges                 1806/256000       7224/1024000  ( 0.7%) 
LDR worldlights          2/8192          176/720896   ( 0.0%) 
HDR worldlights          0/8192            0/720896   ( 0.0%) 
leafwaterdata            1/32768          12/393216   ( 0.0%) 
waterstrips             14/32768         140/327680   ( 0.0%) 
waterverts               0/65536           0/786432   ( 0.0%) 
waterindices           210/65536         420/131072   ( 0.3%) 
cubemapsamples           0/1024            0/16384    ( 0.0%) 
overlays                 0/1024            0/360448   ( 0.0%) 
LDR lightdata         [variable]      355052/0        ( 0.0%) 
HDR lightdata         [variable]           0/0        ( 0.0%) 
visdata               [variable]        1510/16777216 ( 0.0%) 
entdata               [variable]        9017/393216   ( 2.3%) 
LDR ambient table      226/65536         904/262144   ( 0.3%) 
HDR ambient table      226/65536         904/262144   ( 0.3%) 
LDR leaf ambient       555/65536       15540/1835008  ( 0.8%) 
HDR leaf ambient       226/65536        6328/1835008  ( 0.3%) 
occluders                0/0               0/0        ( 0.0%) 
occluder polygons        0/0               0/0        ( 0.0%) 
occluder vert ind        0/0               0/0        ( 0.0%) 
detail props          [variable]           1/12       ( 8.3%) 
static props          [variable]           1/7928     ( 0.0%) 
pakfile               [variable]       25175/0        ( 0.0%) 
physics               [variable]       36992/4194304  ( 0.9%) 
physics terrain       [variable]           2/1048576  ( 0.0%) 

Level flags = 0

Total triangle count: 1094
Writing e:\steamlibrary\steamapps\common\garrysmod\garrysmod\addons\trainingcenter\trainingcenter.bsp
0 seconds elapsed



materialPath: E:\SteamLibrary\steamapps\common\GarrysMod\garrysmod\materials
Loading E:\SteamLibrary\steamapps\common\GarrysMod\garrysmod\addons\trainingcenter\trainingcenter.vmf
ConVarRef mat_reduceparticles doesn't point to an existing ConVar
fixing up env_cubemap materials on brush sides...
0...1...2...3...4...5...6...7...8...9...100...1...2...3...4...5...6...7...8...9...10Processing areas...done (0)
Building Faces...done (0)
Chop Details...done (0)
Find Visible Detail Sides...done (0)
Merging details...done (0)
FixTjuncs...
PruneNodes...
WriteBSP...
done (0)
writing E:\SteamLibrary\steamapps\common\GarrysMod\garrysmod\addons\trainingcenter\trainingcenter.prt...Building visibility clusters...
done (0)
Creating default LDR cubemaps for env_cubemap using skybox materials:
   skybox/sky_day01_01*.vmt
 ! Run buildcubemaps in the engine to get the correct cube maps.
*** Error: Skybox vtf files for skybox/sky_day01_01 weren't compiled with the same size texture and/or same flags!
Can't load skybox file skybox/sky_day01_01 to build the default cubemap!
Finding displacement neighbors...
Finding lightmap sample positions...
Displacement Alpha : 0...1...2...3...4...5...6...7...8...9...10
Building Physics collision data...
done (0) (36992 bytes)
Placing detail props : 0...1...2...3...4...5...6...7...8...9...10
Water found with no water_lod_control entity, creating a default one.
Compacting texture/material tables...
Reduced 216 texinfos to 107
Reduced 16 texdatas to 13 (385 bytes to 292)
Writing E:\SteamLibrary\steamapps\common\GarrysMod\garrysmod\addons\trainingcenter\trainingcenter.bsp
0 seconds elapsed



12 threads
reading e:\steamlibrary\steamapps\common\garrysmod\garrysmod\addons\trainingcenter\trainingcenter.bsp
reading e:\steamlibrary\steamapps\common\garrysmod\garrysmod\addons\trainingcenter\trainingcenter.prt
  60 portalclusters
 139 numportals
0...1...2...3...4...5...6...7...8...9...100...1...2...3...4...5...6...7...8...9...10Optimized: 4 visible clusters (0.23%)
Total clusters visible: 1710
Average clusters visible: 28
Building PAS...
Average clusters audible: 32
visdatasize:1510  compressed from 960
writing e:\steamlibrary\steamapps\common\garrysmod\garrysmod\addons\trainingcenter\trainingcenter.bsp
0 seconds elapsed



[Reading texlights from 'lights.rad']
[45 texlights parsed from 'lights.rad']

Loading e:\steamlibrary\steamapps\common\garrysmod\garrysmod\addons\trainingcenter\trainingcenter.bsp
PREP OK
401 faces
40119 square feet [5777260.50 square inches]
0 Displacements
0 Square Feet [0.00 Square Inches]
401 patches before subdivision
5207 patches after subdivision
2 direct lights
0...1...2...3...4...5...6...7...8...9...100...1...2...3...4...5...6...7...8...9...10transfers 405368, max 290
transfer lists:   3.1 megs
0...1...2...3...4...5...6...7...8...9...10	Bounce #1 added RGB(6825, 6278, 5500)
0...1...2...3...4...5...6...7...8...9...10	Bounce #2 added RGB(1886, 1620, 1265)
0...1...2...3...4...5...6...7...8...9...10	Bounce #3 added RGB(672, 523, 354)
0...1...2...3...4...5...6...7...8...9...10	Bounce #4 added RGB(229, 163, 96)
0...1...2...3...4...5...6...7...8...9...10	Bounce #5 added RGB(85, 55, 28)
0...1...2...3...4...5...6...7...8...9...10	Bounce #6 added RGB(31, 18, 8)
0...1...2...3...4...5...6...7...8...9...10	Bounce #7 added RGB(12, 6, 2)
0...1...2...3...4...5...6...7...8...9...10	Bounce #8 added RGB(5, 2, 1)
0...1...2...3...4...5...6...7...8...9...10	Bounce #9 added RGB(2, 1, 0)
0...1...2...3...4...5...6...7...8...9...10	Bounce #10 added RGB(1, 0, 0)
Build Patch/Sample Hash Table(s).....Done<0.0011 sec>
0...1...2...3...4...5...6...7...8...9...10FinalLightFace Done
0 of 0 (0% of) surface lights went in leaf ambient cubes.
0...1...2...3...4...5...6...7...8...9...10Writing leaf ambient...done
Ready to Finish

Object names       Objects/Maxobjs  Memory / Maxmem  Fullness 
------------       ---------------  ---------------  -------- 
models                   9/4096          432/196608   ( 0.2%) 
brushes                 78/16384         936/196608   ( 0.5%) 
brushsides             569/163840       4552/1310720  ( 0.3%) 
planes                 572/65536       11440/1310720  ( 0.9%) 
vertexes               695/65536        8340/786432   ( 1.1%) 
nodes                  216/65536        6912/2097152  ( 0.3%) 
texinfos               107/12288        7704/884736   ( 0.9%) 
texdata                 13/2048          416/65536    ( 0.6%) 
dispinfos                0/0               0/0        ( 0.0%) 
disp_verts               0/0               0/0        ( 0.0%) 
disp_tris                0/0               0/0        ( 0.0%) 
disp_lmsamples           0/0               0/0        ( 0.0%) 
faces                  401/65536       22456/3670016  ( 0.6%) 
hdr faces                0/65536           0/3670016  ( 0.0%) 
origfaces              276/65536       15456/3670016  ( 0.4%) 
leaves                 226/65536        7232/2097152  ( 0.3%) 
leaffaces              444/65536         888/131072   ( 0.7%) 
leafbrushes            136/65536         272/131072   ( 0.2%) 
areas                    3/1024           24/8192     ( 0.3%) 
surfedges             3096/512000      12384/2048000  ( 0.6%) 
edges                 1806/256000       7224/1024000  ( 0.7%) 
LDR worldlights          2/8192          176/720896   ( 0.0%) 
HDR worldlights          0/8192            0/720896   ( 0.0%) 
leafwaterdata            1/32768          12/393216   ( 0.0%) 
waterstrips             14/32768         140/327680   ( 0.0%) 
waterverts               0/65536           0/786432   ( 0.0%) 
waterindices           210/65536         420/131072   ( 0.3%) 
cubemapsamples           0/1024            0/16384    ( 0.0%) 
overlays                 0/1024            0/360448   ( 0.0%) 
LDR lightdata         [variable]      355052/0        ( 0.0%) 
HDR lightdata         [variable]           0/0        ( 0.0%) 
visdata               [variable]        1510/16777216 ( 0.0%) 
entdata               [variable]        9017/393216   ( 2.3%) 
LDR ambient table      226/65536         904/262144   ( 0.3%) 
HDR ambient table      226/65536         904/262144   ( 0.3%) 
LDR leaf ambient       555/65536       15540/1835008  ( 0.8%) 
HDR leaf ambient       226/65536        6328/1835008  ( 0.3%) 
occluders                0/0               0/0        ( 0.0%) 
occluder polygons        0/0               0/0        ( 0.0%) 
occluder vert ind        0/0               0/0        ( 0.0%) 
detail props          [variable]           1/12       ( 8.3%) 
static props          [variable]           1/7928     ( 0.0%) 
pakfile               [variable]       25175/0        ( 0.0%) 
physics               [variable]       36992/4194304  ( 0.9%) 
physics terrain       [variable]           2/1048576  ( 0.0%) 

Level flags = 0

Total triangle count: 1094
Writing e:\steamlibrary\steamapps\common\garrysmod\garrysmod\addons\trainingcenter\trainingcenter.bsp
0 seconds elapsed



materialPath: E:\SteamLibrary\steamapps\common\GarrysMod\garrysmod\materials
Loading E:\SteamLibrary\steamapps\common\GarrysMod\garrysmod\addons\trainingcenter\trainingcenter.vmf
ConVarRef mat_reduceparticles doesn't point to an existing ConVar
fixing up env_cubemap materials on brush sides...
0...1...2...3...4...5...6...7...8...9...100...1...2...3...4...5...6...7...8...9...10Processing areas...done (0)
Building Faces...done (0)
Chop Details...done (0)
Find Visible Detail Sides...done (0)
Merging details...done (0)
FixTjuncs...
PruneNodes...
WriteBSP...
done (0)
writing E:\SteamLibrary\steamapps\common\GarrysMod\garrysmod\addons\trainingcenter\trainingcenter.prt...Building visibility clusters...
done (0)
Creating default LDR cubemaps for env_cubemap using skybox materials:
   skybox/sky_day01_01*.vmt
 ! Run buildcubemaps in the engine to get the correct cube maps.
*** Error: Skybox vtf files for skybox/sky_day01_01 weren't compiled with the same size texture and/or same flags!
Can't load skybox file skybox/sky_day01_01 to build the default cubemap!
Finding displacement neighbors...
Finding lightmap sample positions...
Displacement Alpha : 0...1...2...3...4...5...6...7...8...9...10
Building Physics collision data...
done (0) (67539 bytes)
Placing detail props : 0...1...2...3...4...5...6...7...8...9...10
Water found with no water_lod_control entity, creating a default one.
Compacting texture/material tables...
Reduced 409 texinfos to 218
Reduced 19 texdatas to 15 (485 bytes to 339)
Writing E:\SteamLibrary\steamapps\common\GarrysMod\garrysmod\addons\trainingcenter\trainingcenter.bsp
0 seconds elapsed



12 threads
reading e:\steamlibrary\steamapps\common\garrysmod\garrysmod\addons\trainingcenter\trainingcenter.bsp
reading e:\steamlibrary\steamapps\common\garrysmod\garrysmod\addons\trainingcenter\trainingcenter.prt
  67 portalclusters
 145 numportals
0...1...2...3...4...5...6...7...8...9...100...1...2...3...4...5...6...7...8...9...10Optimized: 4 visible clusters (0.23%)
Total clusters visible: 1747
Average clusters visible: 26
Building PAS...
Average clusters audible: 30
visdatasize:1714  compressed from 2144
writing e:\steamlibrary\steamapps\common\garrysmod\garrysmod\addons\trainingcenter\trainingcenter.bsp
0 seconds elapsed



[Reading texlights from 'lights.rad']
[45 texlights parsed from 'lights.rad']

Loading e:\steamlibrary\steamapps\common\garrysmod\garrysmod\addons\trainingcenter\trainingcenter.bsp
PREP OK
728 faces
64403 square feet [9274160.00 square inches]
0 Displacements
0 Square Feet [0.00 Square Inches]
728 patches before subdivision
7984 patches after subdivision
3 direct lights
0...1...2...3...4...5...6...7...8...9...100...1...2...3...4...5...6...7...8...9...10transfers 556498, max 290
transfer lists:   4.2 megs
0...1...2...3...4...5...6...7...8...9...10	Bounce #1 added RGB(8788, 8236, 7307)
0...1...2...3...4...5...6...7...8...9...10	Bounce #2 added RGB(2310, 2035, 1611)
0...1...2...3...4...5...6...7...8...9...10	Bounce #3 added RGB(777, 625, 432)
0...1...2...3...4...5...6...7...8...9...10	Bounce #4 added RGB(254, 187, 113)
0...1...2...3...4...5...6...7...8...9...10	Bounce #5 added RGB(92, 61, 32)
0...1...2...3...4...5...6...7...8...9...10	Bounce #6 added RGB(33, 20, 9)
0...1...2...3...4...5...6...7...8...9...10	Bounce #7 added RGB(12, 7, 3)
0...1...2...3...4...5...6...7...8...9...10	Bounce #8 added RGB(5, 2, 1)
0...1...2...3...4...5...6...7...8...9...10	Bounce #9 added RGB(2, 1, 0)
0...1...2...3...4...5...6...7...8...9...10	Bounce #10 added RGB(1, 0, 0)
Build Patch/Sample Hash Table(s).....Done<0.0017 sec>
0...1...2...3...4...5...6...7...8...9...10FinalLightFace Done
0 of 0 (0% of) surface lights went in leaf ambient cubes.
0...1...2...3...4...5...6...7...8...9...10Writing leaf ambient...done
Ready to Finish

Object names       Objects/Maxobjs  Memory / Maxmem  Fullness 
------------       ---------------  ---------------  -------- 
models                  19/4096          912/196608   ( 0.5%) 
brushes                134/16384        1608/196608   ( 0.8%) 
brushsides            1335/163840      10680/1310720  ( 0.8%) 
planes                1850/65536       37000/1310720  ( 2.8%) 
vertexes              1235/65536       14820/786432   ( 1.9%) 
nodes                  357/65536       11424/2097152  ( 0.5%) 
texinfos               218/12288       15696/884736   ( 1.8%) 
texdata                 15/2048          480/65536    ( 0.7%) 
dispinfos                0/0               0/0        ( 0.0%) 
disp_verts               0/0               0/0        ( 0.0%) 
disp_tris                0/0               0/0        ( 0.0%) 
disp_lmsamples           0/0               0/0        ( 0.0%) 
faces                  728/65536       40768/3670016  ( 1.1%) 
hdr faces                0/65536           0/3670016  ( 0.0%) 
origfaces              570/65536       31920/3670016  ( 0.9%) 
leaves                 377/65536       12064/2097152  ( 0.6%) 
leaffaces              792/65536        1584/131072   ( 1.2%) 
leafbrushes            214/65536         428/131072   ( 0.3%) 
areas                    4/1024           32/8192     ( 0.4%) 
surfedges             5926/512000      23704/2048000  ( 1.2%) 
edges                 3378/256000      13512/1024000  ( 1.3%) 
LDR worldlights          3/8192          264/720896   ( 0.0%) 
HDR worldlights          0/8192            0/720896   ( 0.0%) 
leafwaterdata            1/32768          12/393216   ( 0.0%) 
waterstrips             18/32768         180/327680   ( 0.1%) 
waterverts               0/65536           0/786432   ( 0.0%) 
waterindices           258/65536         516/131072   ( 0.4%) 
cubemapsamples           0/1024            0/16384    ( 0.0%) 
overlays                 0/1024            0/360448   ( 0.0%) 
LDR lightdata         [variable]      432884/0        ( 0.0%) 
HDR lightdata         [variable]           0/0        ( 0.0%) 
visdata               [variable]        1714/16777216 ( 0.0%) 
entdata               [variable]       15044/393216   ( 3.8%) 
LDR ambient table      377/65536        1508/262144   ( 0.6%) 
HDR ambient table      377/65536        1508/262144   ( 0.6%) 
LDR leaf ambient       721/65536       20188/1835008  ( 1.1%) 
HDR leaf ambient       377/65536       10556/1835008  ( 0.6%) 
occluders                0/0               0/0        ( 0.0%) 
occluder polygons        0/0               0/0        ( 0.0%) 
occluder vert ind        0/0               0/0        ( 0.0%) 
detail props          [variable]           1/12       ( 8.3%) 
static props          [variable]           1/11330    ( 0.0%) 
pakfile               [variable]       50331/0        ( 0.0%) 
physics               [variable]       67539/4194304  ( 1.6%) 
physics terrain       [variable]           2/1048576  ( 0.0%) 

Level flags = 0

Total triangle count: 1974
Writing e:\steamlibrary\steamapps\common\garrysmod\garrysmod\addons\trainingcenter\trainingcenter.bsp
0 seconds elapsed



materialPath: E:\SteamLibrary\steamapps\common\GarrysMod\garrysmod\materials
Loading E:\SteamLibrary\steamapps\common\GarrysMod\garrysmod\addons\trainingcenter\trainingcenter.vmf
ConVarRef mat_reduceparticles doesn't point to an existing ConVar
fixing up env_cubemap materials on brush sides...
0...1...2...3...4...5...6...7...8...9...100...1...2...3...4...5...6...7...8...9...10Processing areas...done (0)
Building Faces...done (0)
Chop Details...done (0)
Find Visible Detail Sides...done (0)
Merging details...done (0)
FixTjuncs...
PruneNodes...
WriteBSP...
done (0)
writing E:\SteamLibrary\steamapps\common\GarrysMod\garrysmod\addons\trainingcenter\trainingcenter.prt...Building visibility clusters...
done (0)
Creating default LDR cubemaps for env_cubemap using skybox materials:
   skybox/sky_day01_01*.vmt
 ! Run buildcubemaps in the engine to get the correct cube maps.
*** Error: Skybox vtf files for skybox/sky_day01_01 weren't compiled with the same size texture and/or same flags!
Can't load skybox file skybox/sky_day01_01 to build the default cubemap!
Finding displacement neighbors...
Finding lightmap sample positions...
Displacement Alpha : 0...1...2...3...4...5...6...7...8...9...10
Building Physics collision data...
done (0) (74436 bytes)
Placing detail props : 0...1...2...3...4...5...6...7...8...9...10
Water found with no water_lod_control entity, creating a default one.
Compacting texture/material tables...
Reduced 491 texinfos to 249
Reduced 23 texdatas to 19 (579 bytes to 433)
Writing E:\SteamLibrary\steamapps\common\GarrysMod\garrysmod\addons\trainingcenter\trainingcenter.bsp
1 second elapsed



12 threads
reading e:\steamlibrary\steamapps\common\garrysmod\garrysmod\addons\trainingcenter\trainingcenter.bsp
reading e:\steamlibrary\steamapps\common\garrysmod\garrysmod\addons\trainingcenter\trainingcenter.prt
  96 portalclusters
 195 numportals
0...1...2...3...4...5...6...7...8...9...100...1...2...3...4...5...6...7...8...9...10Optimized: 4 visible clusters (0.15%)
Total clusters visible: 2588
Average clusters visible: 26
Building PAS...
Average clusters audible: 29
visdatasize:2686  compressed from 3072
writing e:\steamlibrary\steamapps\common\garrysmod\garrysmod\addons\trainingcenter\trainingcenter.bsp
0 seconds elapsed



[Reading texlights from 'lights.rad']
[45 texlights parsed from 'lights.rad']

Loading e:\steamlibrary\steamapps\common\garrysmod\garrysmod\addons\trainingcenter\trainingcenter.bsp
PREP OK
905 faces
396210 square feet [57054380.00 square inches]
2 Displacements
2784 Square Feet [401003.59 Square Inches]
905 patches before subdivision
21111 patches after subdivision
5 direct lights
0...1...2...3...4...5...6...7...8...9...100...1...2...3...4...5...6...7...8...9...10transfers 855534, max 290
transfer lists:   6.5 megs
0...1...2...3...4...5...6...7...8...9...10	Bounce #1 added RGB(9317, 8788, 7662)
0...1...2...3...4...5...6...7...8...9...10	Bounce #2 added RGB(2333, 2060, 1619)
0...1...2...3...4...5...6...7...8...9...10	Bounce #3 added RGB(777, 626, 431)
0...1...2...3...4...5...6...7...8...9...10	Bounce #4 added RGB(254, 187, 113)
0...1...2...3...4...5...6...7...8...9...10	Bounce #5 added RGB(92, 61, 32)
0...1...2...3...4...5...6...7...8...9...10	Bounce #6 added RGB(33, 20, 9)
0...1...2...3...4...5...6...7...8...9...10	Bounce #7 added RGB(12, 7, 3)
0...1...2...3...4...5...6...7...8...9...10	Bounce #8 added RGB(5, 2, 1)
0...1...2...3...4...5...6...7...8...9...10	Bounce #9 added RGB(2, 1, 0)
0...1...2...3...4...5...6...7...8...9...10	Bounce #10 added RGB(1, 0, 0)
Build Patch/Sample Hash Table(s).....Done<0.0067 sec>
0...1...2...3...4...5...6...7...8...9...10FinalLightFace Done
0 of 0 (0% of) surface lights went in leaf ambient cubes.
0...1...2...3...4...5...6...7...8...9...10Writing leaf ambient...done
Ready to Finish

Object names       Objects/Maxobjs  Memory / Maxmem  Fullness 
------------       ---------------  ---------------  -------- 
models                  17/4096          816/196608   ( 0.4%) 
brushes                157/16384        1884/196608   ( 1.0%) 
brushsides            1557/163840      12456/1310720  ( 1.0%) 
planes                2040/65536       40800/1310720  ( 3.1%) 
vertexes              1463/65536       17556/786432   ( 2.2%) 
nodes                  434/65536       13888/2097152  ( 0.7%) 
texinfos               249/12288       17928/884736   ( 2.0%) 
texdata                 19/2048          608/65536    ( 0.9%) 
dispinfos                2/0             352/0        ( 0.0%) 
disp_verts             162/0            3240/0        ( 0.0%) 
disp_tris              256/0             512/0        ( 0.0%) 
disp_lmsamples        5984/0            5984/0        ( 0.0%) 
faces                  905/65536       50680/3670016  ( 1.4%) 
hdr faces                0/65536           0/3670016  ( 0.0%) 
origfaces              582/65536       32592/3670016  ( 0.9%) 
leaves                 452/65536       14464/2097152  ( 0.7%) 
leaffaces              990/65536        1980/131072   ( 1.5%) 
leafbrushes            298/65536         596/131072   ( 0.5%) 
areas                    5/1024           40/8192     ( 0.5%) 
surfedges             6702/512000      26808/2048000  ( 1.3%) 
edges                 3836/256000      15344/1024000  ( 1.5%) 
LDR worldlights          5/8192          440/720896   ( 0.1%) 
HDR worldlights          0/8192            0/720896   ( 0.0%) 
leafwaterdata            1/32768          12/393216   ( 0.0%) 
waterstrips             25/32768         250/327680   ( 0.1%) 
waterverts               0/65536           0/786432   ( 0.0%) 
waterindices           360/65536         720/131072   ( 0.5%) 
cubemapsamples           0/1024            0/16384    ( 0.0%) 
overlays                 0/1024            0/360448   ( 0.0%) 
LDR lightdata         [variable]      804420/0        ( 0.0%) 
HDR lightdata         [variable]           0/0        ( 0.0%) 
visdata               [variable]        2686/16777216 ( 0.0%) 
entdata               [variable]       14200/393216   ( 3.6%) 
LDR ambient table      452/65536        1808/262144   ( 0.7%) 
HDR ambient table      452/65536        1808/262144   ( 0.7%) 
LDR leaf ambient      1133/65536       31724/1835008  ( 1.7%) 
HDR leaf ambient       452/65536       12656/1835008  ( 0.7%) 
occluders                0/0               0/0        ( 0.0%) 
occluder polygons        0/0               0/0        ( 0.0%) 
occluder vert ind        0/0               0/0        ( 0.0%) 
detail props          [variable]           1/12       ( 8.3%) 
static props          [variable]           1/12250    ( 0.0%) 
pakfile               [variable]       50331/0        ( 0.0%) 
physics               [variable]       74436/4194304  ( 1.8%) 
physics terrain       [variable]         864/1048576  ( 0.1%) 

Level flags = 0

Total triangle count: 2372
Writing e:\steamlibrary\steamapps\common\garrysmod\garrysmod\addons\trainingcenter\trainingcenter.bsp
1 second elapsed
