PRT1
396
851
4 0 44 (3072 4096 -639 ) (3072 4096 -457 ) (3072 4353 -457 ) (3072 4353 -639 ) 
4 0 2 (3072 4096 -457 ) (3072 4096 -639 ) (3261 4096 -639 ) (3261 4096 -457 ) 
4 2 54 (3072 4096 -457 ) (3072 4096 -639 ) (3072 3482 -639 ) (3072 3482 -457 ) 
4 3 57 (3072 3465 -639 ) (3072 3267 -639 ) (3072 3267 -457 ) (3072 3465 -457 ) 
4 4 101 (3072 2048 0 ) (3072 2048 768 ) (3072 2230 768 ) (3072 2230 0 ) 
4 4 7 (3072 2048 367 ) (3072 2048 0 ) (3435 2048 0 ) (3435 2048 367 ) 
4 4 6 (3435 2048 0 ) (3499 2048 0 ) (3499 2048 367 ) (3435 2048 367 ) 
4 4 5 (3072 2048 768 ) (3072 2048 367 ) (3499 2048 367 ) (3499 2048 768 ) 
4 5 102 (3072 1024 367 ) (3072 1024 768 ) (3072 2048 768 ) (3072 2048 367 ) 
4 5 9 (3435 1024 768 ) (3072 1024 768 ) (3072 1024 367 ) (3435 1024 367 ) 
4 5 8 (3499 1024 768 ) (3435 1024 768 ) (3435 1024 367 ) (3499 1024 367 ) 
4 5 7 (3072 1254 367 ) (3072 2048 367 ) (3435 2048 367 ) (3435 1254 367 ) 
4 5 6 (3499 1024 367 ) (3435 1024 367 ) (3435 2048 367 ) (3499 2048 367 ) 
4 6 11 (3435 1024 245 ) (3435 1024 0 ) (3499 1024 0 ) (3499 1024 245 ) 
4 6 8 (3499 1024 367 ) (3435 1024 367 ) (3435 1024 245 ) (3499 1024 245 ) 
4 6 7 (3435 2048 0 ) (3435 1254 0 ) (3435 1254 367 ) (3435 2048 367 ) 
4 7 103 (3072 1254 367 ) (3072 2048 367 ) (3072 2048 0 ) (3072 1254 0 ) 
4 8 24 (3499 0 768 ) (3435 0 768 ) (3435 0 245 ) (3499 0 245 ) 
4 8 11 (3499 0 245 ) (3435 0 245 ) (3435 1024 245 ) (3499 1024 245 ) 
4 8 10 (3435 462 277 ) (3435 0 277 ) (3435 0 367 ) (3435 462 367 ) 
4 8 9 (3435 1024 768 ) (3435 1024 367 ) (3435 0 367 ) (3435 0 768 ) 
4 9 124 (3072 0 367 ) (3072 0 768 ) (3072 1024 768 ) (3072 1024 367 ) 
4 9 25 (3072 0 768 ) (3072 0 367 ) (3435 0 367 ) (3435 0 768 ) 
4 9 10 (3072 0 367 ) (3072 462 367 ) (3435 462 367 ) (3435 0 367 ) 
4 10 125 (3072 0 277 ) (3072 0 367 ) (3072 462 367 ) (3072 462 277 ) 
4 10 25 (3072 0 367 ) (3072 0 277 ) (3435 0 277 ) (3435 0 367 ) 
4 11 24 (3499 0 245 ) (3435 0 245 ) (3435 0 0 ) (3499 0 0 ) 
4 12 15 (3131 158 4 ) (3419 158 4 ) (3419 158 245 ) (3131 158 245 ) 
4 13 126 (3072 166 245 ) (3072 462 245 ) (3072 462 4 ) (3072 166 4 ) 
4 13 14 (3072 166 4 ) (3115 166 4 ) (3115 166 112 ) (3072 166 112 ) 
4 14 127 (3072 166 112 ) (3072 166 4 ) (3072 158 4 ) (3072 158 112 ) 
4 14 16 (3072 158 4 ) (3115 158 4 ) (3115 158 112 ) (3072 158 112 ) 
4 15 17 (3251 134 4 ) (3299 134 4 ) (3299 134 112 ) (3251 134 112 ) 
4 16 128 (3072 134 245 ) (3072 158 245 ) (3072 158 4 ) (3072 134 4 ) 
4 16 18 (3072 134 4 ) (3123 134 4 ) (3123 134 245 ) (3072 134 245 ) 
4 17 19 (3251 126 4 ) (3299 126 4 ) (3299 126 112 ) (3251 126 112 ) 
4 18 128 (3072 126 245 ) (3072 134 245 ) (3072 134 4 ) (3072 126 4 ) 
4 18 19 (3072 126 4 ) (3123 126 4 ) (3123 126 245 ) (3072 126 245 ) 
4 19 128 (3072 110 245 ) (3072 126 245 ) (3072 126 4 ) (3072 110 4 ) 
4 19 21 (3072 110 4 ) (3411 110 4 ) (3411 110 112 ) (3072 110 112 ) 
4 19 20 (3411 110 112 ) (3411 110 245 ) (3072 110 245 ) (3072 110 112 ) 
4 20 128 (3072 62 245 ) (3072 110 245 ) (3072 110 112 ) (3072 62 112 ) 
4 20 23 (3411 62 245 ) (3072 62 245 ) (3072 62 112 ) (3411 62 112 ) 
4 20 21 (3411 62 112 ) (3072 62 112 ) (3072 110 112 ) (3411 110 112 ) 
4 21 128 (3072 110 112 ) (3072 110 4 ) (3072 62 4 ) (3072 62 112 ) 
4 21 23 (3072 62 4 ) (3411 62 4 ) (3411 62 112 ) (3072 62 112 ) 
4 22 27 (3419 0 4 ) (3419 0 245 ) (3411 0 245 ) (3411 0 4 ) 
4 22 23 (3411 38 4 ) (3411 0 4 ) (3411 0 245 ) (3411 38 245 ) 
4 23 128 (3072 0 4 ) (3072 0 245 ) (3072 62 245 ) (3072 62 4 ) 
4 23 27 (3411 0 245 ) (3072 0 245 ) (3072 0 4 ) (3411 0 4 ) 
4 24 37 (3435 -1024 336 ) (3435 -1024 0 ) (3499 -1024 0 ) (3499 -1024 336 ) 
4 24 34 (3499 -1024 768 ) (3435 -1024 768 ) (3435 -1024 336 ) (3499 -1024 336 ) 
4 24 32 (3435 -1024 0 ) (3435 -1024 2 ) (3435 -314 2 ) (3435 -314 0 ) 
4 24 30 (3435 -1024 367 ) (3435 -1024 768 ) (3435 -314 768 ) (3435 -314 367 ) 
4 24 26 (3435 -314 768 ) (3435 -298 768 ) (3435 -298 367 ) (3435 -314 367 ) 
4 24 25 (3435 -298 768 ) (3435 0 768 ) (3435 0 277 ) (3435 -298 277 ) 
4 25 141 (3072 0 336 ) (3072 0 277 ) (3072 -298 277 ) (3072 -298 336 ) 
4 25 138 (3072 0 367 ) (3072 0 336 ) (3072 -298 336 ) (3072 -298 367 ) 
4 25 137 (3072 -298 768 ) (3072 0 768 ) (3072 0 367 ) (3072 -298 367 ) 
4 25 26 (3435 -298 367 ) (3435 -298 768 ) (3072 -298 768 ) (3072 -298 367 ) 
4 26 137 (3072 -314 367 ) (3072 -314 768 ) (3072 -298 768 ) (3072 -298 367 ) 
4 26 30 (3072 -314 768 ) (3072 -314 367 ) (3435 -314 367 ) (3435 -314 768 ) 
4 27 142 (3072 -98 245 ) (3072 0 245 ) (3072 0 4 ) (3072 -98 4 ) 
4 27 28 (3330 -98 4 ) (3378 -98 4 ) (3378 -98 112 ) (3330 -98 112 ) 
4 28 29 (3330 -106 4 ) (3378 -106 4 ) (3378 -106 112 ) (3330 -106 112 ) 
4 29 145 (3072 -298 245 ) (3072 -106 245 ) (3072 -106 4 ) (3072 -298 4 ) 
4 30 137 (3072 -1024 367 ) (3072 -1024 768 ) (3072 -314 768 ) (3072 -314 367 ) 
4 30 35 (3072 -1024 768 ) (3072 -1024 367 ) (3435 -1024 367 ) (3435 -1024 768 ) 
4 31 33 (3419 -602 236 ) (3419 -602 209 ) (3419 -642 209 ) (3419 -642 236 ) 
4 32 38 (3435 -1024 0 ) (3435 -1024 2 ) (3419 -1024 2 ) (3419 -1024 0 ) 
4 33 152 (3072 -1024 4 ) (3072 -1024 336 ) (3072 -514 336 ) (3072 -514 4 ) 
4 33 150 (3072 -514 336 ) (3072 -466 336 ) (3072 -466 4 ) (3072 -514 4 ) 
4 33 148 (3072 -466 336 ) (3072 -314 336 ) (3072 -314 4 ) (3072 -466 4 ) 
4 33 39 (3072 -1024 336 ) (3072 -1024 4 ) (3419 -1024 4 ) (3419 -1024 336 ) 
4 34 43 (3435 -2048 336 ) (3499 -2048 336 ) (3499 -2048 768 ) (3435 -2048 768 ) 
4 34 40 (3499 -2048 336 ) (3435 -2048 336 ) (3435 -1074 336 ) (3499 -1074 336 ) 
4 34 37 (3435 -1074 336 ) (3435 -1024 336 ) (3499 -1024 336 ) (3499 -1074 336 ) 
4 34 35 (3435 -1090 367 ) (3435 -1090 768 ) (3435 -1024 768 ) (3435 -1024 367 ) 
4 34 36 (3435 -1090 336 ) (3435 -2048 336 ) (3435 -2048 768 ) (3435 -1090 768 ) 
4 35 334 (3072 -1090 768 ) (3072 -1024 768 ) (3072 -1024 367 ) (3072 -1090 367 ) 
4 35 36 (3435 -1090 367 ) (3435 -1090 768 ) (3072 -1090 768 ) (3072 -1090 367 ) 
4 36 335 (3072 -2048 336 ) (3072 -2048 768 ) (3072 -1090 768 ) (3072 -1090 336 ) 
4 36 43 (3072 -2048 768 ) (3072 -2048 336 ) (3435 -2048 336 ) (3435 -2048 768 ) 
4 36 42 (3435 -2048 336 ) (3072 -2048 336 ) (3072 -1090 336 ) (3435 -1090 336 ) 
4 37 40 (3435 -1074 0 ) (3499 -1074 0 ) (3499 -1074 336 ) (3435 -1074 336 ) 
4 37 38 (3435 -1024 0 ) (3435 -1074 0 ) (3435 -1074 2 ) (3435 -1024 2 ) 
4 38 41 (3419 -1074 0 ) (3435 -1074 0 ) (3435 -1074 2 ) (3419 -1074 2 ) 
4 39 352 (3072 -1024 25 ) (3072 -1024 4 ) (3072 -1074 4 ) (3072 -1074 25 ) 
4 39 337 (3072 -1074 336 ) (3072 -1024 336 ) (3072 -1024 25 ) (3072 -1074 25 ) 
4 40 43 (3435 -2048 0 ) (3499 -2048 0 ) (3499 -2048 336 ) (3435 -2048 336 ) 
4 40 41 (3435 -1074 2 ) (3435 -1074 0 ) (3435 -1090 0 ) (3435 -1090 2 ) 
4 40 42 (3435 -1090 0 ) (3435 -2048 0 ) (3435 -2048 336 ) (3435 -1090 336 ) 
4 41 369 (3072 -1074 2 ) (3072 -1074 0 ) (3072 -1090 0 ) (3072 -1090 2 ) 
4 41 42 (3072 -1090 0 ) (3435 -1090 0 ) (3435 -1090 2 ) (3072 -1090 2 ) 
4 42 369 (3072 -2048 0 ) (3072 -2048 2 ) (3072 -1090 2 ) (3072 -1090 0 ) 
4 42 367 (3072 -2048 2 ) (3072 -2048 336 ) (3072 -1090 336 ) (3072 -1090 2 ) 
4 42 43 (3072 -2048 336 ) (3072 -2048 0 ) (3435 -2048 0 ) (3435 -2048 336 ) 
4 43 377 (3072 -2082 0 ) (3072 -2082 768 ) (3072 -2048 768 ) (3072 -2048 0 ) 
4 44 71 (2902 4096 -639 ) (2910 4096 -639 ) (2910 4096 -496 ) (2902 4096 -496 ) 
4 44 72 (2623 4096 -496 ) (2623 4096 -639 ) (2902 4096 -639 ) (2902 4096 -496 ) 
4 44 70 (2910 4096 -457 ) (2623 4096 -457 ) (2623 4096 -496 ) (2910 4096 -496 ) 
4 44 67 (2910 4096 -592 ) (2910 4096 -639 ) (2990 4096 -639 ) (2990 4096 -592 ) 
4 44 60 (2990 4096 -457 ) (2910 4096 -457 ) (2910 4096 -592 ) (2990 4096 -592 ) 
4 44 55 (2998 4096 -457 ) (2990 4096 -457 ) (2990 4096 -639 ) (2998 4096 -639 ) 
4 44 54 (3072 4096 -639 ) (3072 4096 -457 ) (2998 4096 -457 ) (2998 4096 -639 ) 
4 45 83 (2199 4096 -639 ) (2206 4096 -639 ) (2206 4096 -224 ) (2199 4096 -224 ) 
4 45 82 (2206 4096 -639 ) (2477 4096 -639 ) (2477 4096 -224 ) (2206 4096 -224 ) 
4 45 48 (2199 4162 -639 ) (2199 4142 -639 ) (2199 4142 -390 ) (2199 4162 -390 ) 
4 45 47 (2199 4142 -390 ) (2199 4142 -224 ) (2199 4162 -224 ) (2199 4162 -390 ) 
4 45 46 (2199 4353 -224 ) (2199 4353 -639 ) (2199 4162 -639 ) (2199 4162 -224 ) 
4 45 49 (2199 4142 -639 ) (2199 4096 -639 ) (2199 4096 -224 ) (2199 4142 -224 ) 
4 46 48 (2094 4162 -390 ) (2094 4162 -639 ) (2199 4162 -639 ) (2199 4162 -390 ) 
4 46 47 (2094 4162 -224 ) (2094 4162 -390 ) (2199 4162 -390 ) (2199 4162 -224 ) 
4 46 50 (2094 4353 -224 ) (2094 4353 -639 ) (2094 4162 -639 ) (2094 4162 -224 ) 
4 47 50 (2094 4142 -390 ) (2094 4142 -224 ) (2094 4162 -224 ) (2094 4162 -390 ) 
4 47 49 (2094 4142 -224 ) (2094 4142 -390 ) (2199 4142 -390 ) (2199 4142 -224 ) 
4 47 48 (2199 4142 -390 ) (2094 4142 -390 ) (2094 4162 -390 ) (2199 4162 -390 ) 
4 48 50 (2094 4162 -639 ) (2094 4142 -639 ) (2094 4142 -390 ) (2094 4162 -390 ) 
4 48 49 (2094 4142 -390 ) (2094 4142 -639 ) (2199 4142 -639 ) (2199 4142 -390 ) 
4 49 88 (2094 4096 -639 ) (2095 4096 -639 ) (2095 4096 -224 ) (2094 4096 -224 ) 
4 49 83 (2095 4096 -639 ) (2199 4096 -639 ) (2199 4096 -224 ) (2095 4096 -224 ) 
4 49 50 (2094 4142 -639 ) (2094 4096 -639 ) (2094 4096 -224 ) (2094 4142 -224 ) 
4 50 88 (2048 4096 -224 ) (2048 4096 -639 ) (2094 4096 -639 ) (2094 4096 -224 ) 
4 50 51 (2048 4096 -639 ) (2048 4096 -224 ) (2048 4353 -224 ) (2048 4353 -639 ) 
4 51 90 (1758 4096 -224 ) (1566 4096 -224 ) (1566 4096 -639 ) (1758 4096 -639 ) 
4 51 89 (2048 4096 -639 ) (2048 4096 -224 ) (1758 4096 -224 ) (1758 4096 -639 ) 
4 52 93 (1024 4096 -296 ) (1024 4096 -639 ) (1561 4096 -639 ) (1561 4096 -296 ) 
4 52 53 (1024 4096 -639 ) (1024 4096 -296 ) (1024 4353 -296 ) (1024 4353 -639 ) 
4 53 95 (842 4096 -296 ) (650 4096 -296 ) (650 4096 -639 ) (842 4096 -639 ) 
4 53 94 (1024 4096 -639 ) (1024 4096 -296 ) (842 4096 -296 ) (842 4096 -639 ) 
4 54 56 (2998 3482 -496 ) (2998 3482 -457 ) (2998 3498 -457 ) (2998 3498 -496 ) 
4 54 55 (2998 4096 -639 ) (2998 3498 -639 ) (2998 3498 -457 ) (2998 4096 -457 ) 
4 55 67 (2990 4096 -592 ) (2990 4096 -639 ) (2990 3498 -639 ) (2990 3498 -592 ) 
4 55 60 (2990 4096 -457 ) (2990 4096 -592 ) (2990 3498 -592 ) (2990 3498 -457 ) 
4 55 56 (2998 3498 -496 ) (2998 3498 -457 ) (2990 3498 -457 ) (2990 3498 -496 ) 
4 56 60 (2990 3482 -496 ) (2990 3482 -457 ) (2990 3498 -457 ) (2990 3498 -496 ) 
4 57 58 (2998 3465 -457 ) (2998 3465 -496 ) (2998 3410 -496 ) (2998 3410 -457 ) 
4 57 59 (2998 3410 -639 ) (2998 3267 -639 ) (2998 3267 -457 ) (2998 3410 -457 ) 
4 58 62 (2990 3410 -496 ) (2990 3410 -457 ) (2990 3465 -457 ) (2990 3465 -496 ) 
4 58 59 (2998 3410 -496 ) (2998 3410 -457 ) (2990 3410 -457 ) (2990 3410 -496 ) 
4 59 69 (2990 3410 -639 ) (2990 3267 -639 ) (2990 3267 -592 ) (2990 3410 -592 ) 
4 59 62 (2990 3267 -592 ) (2990 3267 -457 ) (2990 3410 -457 ) (2990 3410 -592 ) 
4 60 71 (2910 4096 -496 ) (2910 4096 -592 ) (2910 3498 -592 ) (2910 3498 -496 ) 
4 60 70 (2910 3482 -457 ) (2910 4096 -457 ) (2910 4096 -496 ) (2910 3482 -496 ) 
4 60 67 (2910 3482 -592 ) (2910 4096 -592 ) (2990 4096 -592 ) (2990 3482 -592 ) 
4 60 61 (2910 3482 -592 ) (2990 3482 -592 ) (2990 3482 -496 ) (2910 3482 -496 ) 
4 61 67 (2910 3475 -592 ) (2910 3482 -592 ) (2990 3482 -592 ) (2990 3475 -592 ) 
4 61 64 (2928 3465 -592 ) (2976 3465 -592 ) (2976 3465 -496 ) (2928 3465 -496 ) 
4 61 62 (2976 3465 -592 ) (2990 3465 -592 ) (2990 3465 -496 ) (2976 3465 -496 ) 
4 61 66 (2910 3465 -592 ) (2928 3465 -592 ) (2928 3465 -496 ) (2910 3465 -496 ) 
4 62 69 (2990 3267 -592 ) (2976 3267 -592 ) (2976 3452 -592 ) (2990 3452 -592 ) 
4 62 63 (2976 3465 -457 ) (2976 3465 -471 ) (2976 3463 -471 ) (2976 3463 -457 ) 
4 62 64 (2976 3465 -488 ) (2976 3465 -592 ) (2976 3463 -592 ) (2976 3463 -488 ) 
4 62 65 (2976 3463 -592 ) (2976 3267 -592 ) (2976 3267 -457 ) (2976 3463 -457 ) 
4 63 66 (2928 3465 -457 ) (2928 3465 -471 ) (2928 3463 -471 ) (2928 3463 -457 ) 
4 63 65 (2928 3463 -457 ) (2928 3463 -471 ) (2976 3463 -471 ) (2976 3463 -457 ) 
4 64 65 (2928 3463 -488 ) (2928 3463 -592 ) (2976 3463 -592 ) (2976 3463 -488 ) 
4 64 66 (2928 3465 -488 ) (2928 3465 -592 ) (2928 3463 -592 ) (2928 3463 -488 ) 
4 65 69 (2976 3267 -592 ) (2928 3267 -592 ) (2928 3452 -592 ) (2976 3452 -592 ) 
4 65 66 (2928 3463 -592 ) (2928 3267 -592 ) (2928 3267 -457 ) (2928 3463 -457 ) 
4 66 79 (2910 3410 -457 ) (2910 3465 -457 ) (2910 3465 -496 ) (2910 3410 -496 ) 
4 66 80 (2910 3267 -592 ) (2910 3267 -457 ) (2910 3410 -457 ) (2910 3410 -592 ) 
4 66 69 (2928 3267 -592 ) (2910 3267 -592 ) (2910 3452 -592 ) (2928 3452 -592 ) 
4 67 71 (2910 4096 -639 ) (2910 3498 -639 ) (2910 3498 -592 ) (2910 4096 -592 ) 
4 67 68 (2990 3475 -639 ) (2990 3475 -594 ) (2910 3475 -594 ) (2910 3475 -639 ) 
4 68 69 (2990 3452 -639 ) (2990 3452 -594 ) (2910 3452 -594 ) (2910 3452 -639 ) 
4 69 80 (2910 3410 -639 ) (2910 3267 -639 ) (2910 3267 -592 ) (2910 3410 -592 ) 
4 70 71 (2902 3498 -496 ) (2902 4096 -496 ) (2910 4096 -496 ) (2910 3498 -496 ) 
4 70 72 (2902 3482 -496 ) (2623 3482 -496 ) (2623 4096 -496 ) (2902 4096 -496 ) 
4 71 72 (2902 4096 -639 ) (2902 3498 -639 ) (2902 3498 -496 ) (2902 4096 -496 ) 
4 72 76 (2742 3482 -580 ) (2826 3482 -580 ) (2826 3482 -562 ) (2742 3482 -562 ) 
4 72 73 (2830 3482 -580 ) (2894 3482 -580 ) (2894 3482 -562 ) (2830 3482 -562 ) 
4 73 74 (2830 3478 -562 ) (2830 3478 -580 ) (2894 3478 -580 ) (2894 3478 -562 ) 
4 74 75 (2830 3470 -562 ) (2830 3470 -580 ) (2894 3470 -580 ) (2894 3470 -562 ) 
4 75 81 (2830 3465 -580 ) (2894 3465 -580 ) (2894 3465 -562 ) (2830 3465 -562 ) 
4 76 77 (2742 3478 -562 ) (2742 3478 -580 ) (2826 3478 -580 ) (2826 3478 -562 ) 
4 77 78 (2742 3470 -562 ) (2742 3470 -580 ) (2826 3470 -580 ) (2826 3470 -562 ) 
4 78 81 (2742 3465 -580 ) (2826 3465 -580 ) (2826 3465 -562 ) (2742 3465 -562 ) 
4 79 80 (2902 3410 -457 ) (2902 3410 -496 ) (2910 3410 -496 ) (2910 3410 -457 ) 
4 79 81 (2902 3410 -457 ) (2902 3465 -457 ) (2902 3465 -496 ) (2902 3410 -496 ) 
4 80 81 (2902 3267 -639 ) (2902 3267 -457 ) (2902 3410 -457 ) (2902 3410 -639 ) 
4 82 87 (2206 3902 -639 ) (2206 3267 -639 ) (2206 3267 -224 ) (2206 3902 -224 ) 
4 82 86 (2206 4070 -639 ) (2206 3902 -639 ) (2206 3902 -619 ) (2206 4070 -619 ) 
4 82 84 (2206 3902 -542 ) (2206 3902 -224 ) (2206 4070 -224 ) (2206 4070 -542 ) 
4 82 85 (2206 3902 -619 ) (2206 3902 -542 ) (2206 4070 -542 ) (2206 4070 -619 ) 
4 82 83 (2206 4096 -224 ) (2206 4096 -639 ) (2206 4070 -639 ) (2206 4070 -224 ) 
4 83 88 (2095 4096 -224 ) (2095 4096 -639 ) (2095 4070 -639 ) (2095 4070 -224 ) 
4 83 86 (2095 4070 -619 ) (2095 4070 -639 ) (2206 4070 -639 ) (2206 4070 -619 ) 
4 83 84 (2095 4070 -224 ) (2095 4070 -542 ) (2206 4070 -542 ) (2206 4070 -224 ) 
4 83 85 (2095 4070 -542 ) (2095 4070 -619 ) (2206 4070 -619 ) (2206 4070 -542 ) 
4 84 88 (2095 3902 -542 ) (2095 3902 -224 ) (2095 4070 -224 ) (2095 4070 -542 ) 
4 84 87 (2095 3902 -224 ) (2095 3902 -542 ) (2206 3902 -542 ) (2206 3902 -224 ) 
4 84 85 (2206 3902 -542 ) (2095 3902 -542 ) (2095 4070 -542 ) (2206 4070 -542 ) 
4 85 88 (2095 3902 -619 ) (2095 3902 -542 ) (2095 4070 -542 ) (2095 4070 -619 ) 
4 85 87 (2095 3902 -542 ) (2095 3902 -619 ) (2206 3902 -619 ) (2206 3902 -542 ) 
4 85 86 (2206 3902 -619 ) (2095 3902 -619 ) (2095 4070 -619 ) (2206 4070 -619 ) 
4 86 88 (2095 3902 -639 ) (2095 3902 -619 ) (2095 4070 -619 ) (2095 4070 -639 ) 
4 86 87 (2095 3902 -619 ) (2095 3902 -639 ) (2206 3902 -639 ) (2206 3902 -619 ) 
4 87 88 (2095 3902 -224 ) (2095 3902 -639 ) (2095 3267 -639 ) (2095 3267 -224 ) 
4 88 89 (2048 4096 -224 ) (2048 4096 -639 ) (2048 3267 -639 ) (2048 3267 -224 ) 
4 89 91 (1758 3366 -639 ) (1758 3318 -639 ) (1758 3318 -544 ) (1758 3366 -544 ) 
4 89 90 (1758 4096 -639 ) (1758 3402 -639 ) (1758 3402 -224 ) (1758 4096 -224 ) 
4 91 92 (1750 3366 -639 ) (1750 3318 -639 ) (1750 3318 -544 ) (1750 3366 -544 ) 
4 93 99 (1024 3318 -639 ) (1024 3267 -639 ) (1024 3267 -296 ) (1024 3318 -296 ) 
4 93 97 (1024 3366 -639 ) (1024 3318 -639 ) (1024 3318 -296 ) (1024 3366 -296 ) 
4 93 96 (1024 3394 -639 ) (1024 3366 -639 ) (1024 3366 -296 ) (1024 3394 -296 ) 
4 93 94 (1024 4096 -296 ) (1024 4096 -639 ) (1024 3394 -639 ) (1024 3394 -296 ) 
4 94 96 (842 3394 -639 ) (1024 3394 -639 ) (1024 3394 -296 ) (842 3394 -296 ) 
4 94 95 (842 4096 -639 ) (842 3402 -639 ) (842 3402 -296 ) (842 4096 -296 ) 
4 96 97 (842 3366 -639 ) (1024 3366 -639 ) (1024 3366 -296 ) (842 3366 -296 ) 
4 97 99 (842 3318 -639 ) (1024 3318 -639 ) (1024 3318 -296 ) (842 3318 -296 ) 
4 97 98 (842 3366 -544 ) (842 3366 -639 ) (842 3318 -639 ) (842 3318 -544 ) 
4 98 100 (834 3366 -639 ) (834 3318 -639 ) (834 3318 -544 ) (834 3366 -544 ) 
4 101 105 (2048 2048 0 ) (2048 2048 768 ) (2048 2230 768 ) (2048 2230 0 ) 
4 101 103 (3072 2048 0 ) (3072 2048 367 ) (2155 2048 367 ) (2155 2048 0 ) 
4 101 104 (2155 2048 367 ) (2048 2048 367 ) (2048 2048 0 ) (2155 2048 0 ) 
4 101 102 (3072 2048 367 ) (3072 2048 768 ) (2048 2048 768 ) (2048 2048 367 ) 
4 102 135 (2155 1024 768 ) (2048 1024 768 ) (2048 1024 367 ) (2155 1024 367 ) 
4 102 124 (3072 1024 367 ) (3072 1024 768 ) (2155 1024 768 ) (2155 1024 367 ) 
4 102 108 (2048 1024 367 ) (2048 1024 768 ) (2048 2048 768 ) (2048 2048 367 ) 
4 102 103 (3072 2048 367 ) (3072 1254 367 ) (2155 1254 367 ) (2155 2048 367 ) 
4 102 104 (2155 1024 367 ) (2048 1024 367 ) (2048 2048 367 ) (2155 2048 367 ) 
4 103 104 (2155 2048 0 ) (2155 1254 0 ) (2155 1254 367 ) (2155 2048 367 ) 
4 104 136 (2048 1024 4 ) (2048 1024 0 ) (2155 1024 0 ) (2155 1024 4 ) 
4 104 135 (2155 1024 367 ) (2048 1024 367 ) (2048 1024 4 ) (2155 1024 4 ) 
4 104 109 (2048 1024 0 ) (2048 1024 4 ) (2048 2048 4 ) (2048 2048 0 ) 
4 104 108 (2048 1024 4 ) (2048 1024 367 ) (2048 2048 367 ) (2048 2048 4 ) 
4 105 110 (1067 2048 4 ) (1024 2048 4 ) (1024 2048 0 ) (1067 2048 0 ) 
4 105 109 (2048 2048 0 ) (2048 2048 4 ) (1067 2048 4 ) (1067 2048 0 ) 
4 105 108 (2048 2048 4 ) (2048 2048 768 ) (1024 2048 768 ) (1024 2048 4 ) 
4 105 106 (1024 2048 0 ) (1024 2048 768 ) (1024 2230 768 ) (1024 2230 0 ) 
4 106 114 (171 2048 0 ) (179 2048 0 ) (179 2048 6 ) (171 2048 6 ) 
4 106 113 (179 2048 6 ) (179 2048 768 ) (171 2048 768 ) (171 2048 6 ) 
4 106 112 (179 2048 0 ) (1024 2048 0 ) (1024 2048 4 ) (179 2048 4 ) 
4 106 111 (1024 2048 4 ) (1024 2048 768 ) (179 2048 768 ) (179 2048 4 ) 
4 106 107 (171 2048 4 ) (171 2048 768 ) (171 2230 768 ) (171 2230 4 ) 
4 107 116 (0 2048 4 ) (0 2048 768 ) (0 2230 768 ) (0 2230 4 ) 
4 107 115 (0 2048 768 ) (0 2048 4 ) (171 2048 4 ) (171 2048 768 ) 
4 108 322 (2048 1024 4 ) (2048 1024 768 ) (1024 1024 768 ) (1024 1024 4 ) 
4 108 111 (1024 2048 768 ) (1024 2048 4 ) (1024 1024 4 ) (1024 1024 768 ) 
4 108 110 (1024 1590 4 ) (1024 2048 4 ) (1067 2048 4 ) (1067 1590 4 ) 
4 108 109 (2048 1024 4 ) (1067 1024 4 ) (1067 2048 4 ) (2048 2048 4 ) 
4 109 324 (1339 1024 4 ) (1067 1024 4 ) (1067 1024 0 ) (1339 1024 0 ) 
4 109 323 (2048 1024 0 ) (2048 1024 4 ) (1339 1024 4 ) (1339 1024 0 ) 
4 109 110 (1067 2048 0 ) (1067 1590 0 ) (1067 1590 4 ) (1067 2048 4 ) 
4 110 112 (1024 2048 4 ) (1024 2048 0 ) (1024 1590 0 ) (1024 1590 4 ) 
4 111 325 (1024 1024 4 ) (1024 1024 768 ) (179 1024 768 ) (179 1024 4 ) 
4 111 114 (179 1590 6 ) (179 2048 6 ) (179 2048 4 ) (179 1590 4 ) 
4 111 113 (179 1024 6 ) (179 1024 768 ) (179 2048 768 ) (179 2048 6 ) 
4 111 112 (179 1590 4 ) (179 2048 4 ) (1024 2048 4 ) (1024 1590 4 ) 
4 112 114 (179 2048 0 ) (179 1590 0 ) (179 1590 4 ) (179 2048 4 ) 
4 113 326 (171 1024 768 ) (171 1024 6 ) (179 1024 6 ) (179 1024 768 ) 
4 113 115 (171 2048 768 ) (171 2048 6 ) (171 1024 6 ) (171 1024 768 ) 
4 113 114 (171 1590 6 ) (171 2048 6 ) (179 2048 6 ) (179 1590 6 ) 
4 114 115 (171 2048 6 ) (171 2048 4 ) (171 1590 4 ) (171 1590 6 ) 
4 115 327 (0 1024 768 ) (0 1024 4 ) (171 1024 4 ) (171 1024 768 ) 
4 115 118 (0 1024 4 ) (0 1024 768 ) (0 2048 768 ) (0 2048 4 ) 
4 116 118 (0 2048 4 ) (0 2048 768 ) (-341 2048 768 ) (-341 2048 4 ) 
4 116 117 (-341 2048 4 ) (-341 2048 768 ) (-341 2230 768 ) (-341 2230 4 ) 
4 117 122 (-1024 2048 0 ) (-1024 2048 768 ) (-1024 2230 768 ) (-1024 2230 0 ) 
4 117 119 (-341 2048 768 ) (-349 2048 768 ) (-349 2048 0 ) (-341 2048 0 ) 
4 117 121 (-349 2048 768 ) (-1024 2048 768 ) (-1024 2048 0 ) (-349 2048 0 ) 
4 118 380 (0 1024 4 ) (0 1024 768 ) (-341 1024 768 ) (-341 1024 4 ) 
4 118 120 (-341 1024 6 ) (-341 1024 768 ) (-341 1590 768 ) (-341 1590 6 ) 
4 118 119 (-341 1590 768 ) (-341 2048 768 ) (-341 2048 4 ) (-341 1590 4 ) 
4 119 120 (-349 1590 768 ) (-349 1590 6 ) (-341 1590 6 ) (-341 1590 768 ) 
4 119 121 (-349 2048 0 ) (-349 1590 0 ) (-349 1590 768 ) (-349 2048 768 ) 
4 120 381 (-341 1024 6 ) (-341 1024 768 ) (-349 1024 768 ) (-349 1024 6 ) 
4 120 121 (-349 1024 6 ) (-349 1024 768 ) (-349 1590 768 ) (-349 1590 6 ) 
4 121 382 (-1024 1024 768 ) (-1024 1024 0 ) (-349 1024 0 ) (-349 1024 768 ) 
4 121 123 (-1024 1024 0 ) (-1024 1024 768 ) (-1024 2048 768 ) (-1024 2048 0 ) 
4 122 123 (-1024 2048 0 ) (-1024 2048 768 ) (-1416 2048 768 ) (-1416 2048 0 ) 
4 123 386 (-1024 1024 0 ) (-1024 1024 768 ) (-1416 1024 768 ) (-1416 1024 0 ) 
4 124 137 (3072 0 367 ) (3072 0 768 ) (2155 0 768 ) (2155 0 367 ) 
4 124 135 (2155 0 367 ) (2155 0 768 ) (2155 1024 768 ) (2155 1024 367 ) 
4 124 125 (2155 0 367 ) (2155 462 367 ) (3072 462 367 ) (3072 0 367 ) 
4 125 315 (2171 0 336 ) (2155 0 336 ) (2155 0 277 ) (2171 0 277 ) 
4 125 212 (2307 0 336 ) (2171 0 336 ) (2171 0 277 ) (2307 0 277 ) 
4 125 205 (2315 0 336 ) (2307 0 336 ) (2307 0 277 ) (2315 0 277 ) 
4 125 189 (2555 0 336 ) (2315 0 336 ) (2315 0 277 ) (2555 0 277 ) 
4 125 141 (3072 0 277 ) (3072 0 336 ) (2555 0 336 ) (2555 0 277 ) 
4 125 138 (3072 0 336 ) (3072 0 367 ) (2155 0 367 ) (2155 0 336 ) 
4 125 135 (2155 0 277 ) (2155 0 367 ) (2155 462 367 ) (2155 462 277 ) 
4 126 127 (3067 166 4 ) (3072 166 4 ) (3072 166 112 ) (3067 166 112 ) 
4 127 128 (3067 158 4 ) (3072 158 4 ) (3072 158 112 ) (3067 158 112 ) 
4 128 142 (3072 0 4 ) (3072 0 245 ) (2843 0 245 ) (2843 0 4 ) 
4 128 130 (2843 78 4 ) (2843 30 4 ) (2843 30 112 ) (2843 78 112 ) 
4 129 133 (2171 125 4 ) (2171 78 4 ) (2171 78 112 ) (2171 125 112 ) 
4 129 131 (2171 78 245 ) (2171 78 4 ) (2835 78 4 ) (2835 78 245 ) 
4 130 131 (2835 78 112 ) (2835 78 4 ) (2835 30 4 ) (2835 30 112 ) 
4 131 134 (2171 54 4 ) (2171 30 4 ) (2171 30 112 ) (2171 54 112 ) 
4 131 133 (2171 78 112 ) (2171 78 4 ) (2171 77 4 ) (2171 77 112 ) 
4 131 132 (2171 30 245 ) (2171 30 4 ) (2835 30 4 ) (2835 30 245 ) 
4 132 281 (2171 0 32 ) (2171 0 4 ) (2307 0 4 ) (2307 0 32 ) 
4 132 267 (2171 0 39 ) (2171 0 32 ) (2220 0 32 ) (2220 0 39 ) 
4 132 245 (2220 0 32 ) (2234 0 32 ) (2234 0 39 ) (2220 0 39 ) 
4 132 231 (2234 0 32 ) (2307 0 32 ) (2307 0 39 ) (2234 0 39 ) 
4 132 225 (2171 0 112 ) (2171 0 39 ) (2307 0 39 ) (2307 0 112 ) 
4 132 219 (2171 0 118 ) (2171 0 112 ) (2307 0 112 ) (2307 0 118 ) 
4 132 213 (2307 0 245 ) (2171 0 245 ) (2171 0 118 ) (2307 0 118 ) 
4 132 206 (2315 0 245 ) (2307 0 245 ) (2307 0 4 ) (2315 0 4 ) 
4 132 191 (2555 0 245 ) (2315 0 245 ) (2315 0 4 ) (2555 0 4 ) 
4 132 143 (2835 0 245 ) (2555 0 245 ) (2555 0 4 ) (2835 0 4 ) 
4 132 134 (2171 6 112 ) (2171 30 112 ) (2171 30 4 ) (2171 6 4 ) 
4 133 135 (2155 77 4 ) (2155 77 112 ) (2155 125 112 ) (2155 125 4 ) 
4 134 135 (2155 6 4 ) (2155 6 112 ) (2155 54 112 ) (2155 54 4 ) 
4 135 322 (2048 1024 768 ) (2048 1024 4 ) (2048 0 4 ) (2048 0 768 ) 
4 135 316 (2048 0 336 ) (2048 0 4 ) (2155 0 4 ) (2155 0 336 ) 
4 135 139 (2048 0 367 ) (2048 0 336 ) (2155 0 336 ) (2155 0 367 ) 
4 135 137 (2048 0 768 ) (2048 0 367 ) (2155 0 367 ) (2155 0 768 ) 
4 135 136 (2048 166 4 ) (2048 1024 4 ) (2155 1024 4 ) (2155 166 4 ) 
4 136 323 (2048 1024 4 ) (2048 1024 0 ) (2048 166 0 ) (2048 166 4 ) 
4 137 334 (3072 -1024 367 ) (3072 -1024 768 ) (2155 -1024 768 ) (2155 -1024 367 ) 
4 137 336 (2155 -1024 768 ) (2048 -1024 768 ) (2048 -1024 367 ) (2155 -1024 367 ) 
4 137 328 (2048 -1024 367 ) (2048 -1024 768 ) (2048 0 768 ) (2048 0 367 ) 
4 137 140 (2155 -1024 367 ) (2048 -1024 367 ) (2048 -314 367 ) (2155 -314 367 ) 
4 137 138 (2155 0 367 ) (3072 0 367 ) (3072 -298 367 ) (2155 -298 367 ) 
4 137 139 (2048 -314 367 ) (2048 0 367 ) (2155 0 367 ) (2155 -314 367 ) 
4 138 315 (2155 0 336 ) (2171 0 336 ) (2171 -298 336 ) (2155 -298 336 ) 
4 138 212 (2171 0 336 ) (2307 0 336 ) (2307 -298 336 ) (2171 -298 336 ) 
4 138 205 (2307 0 336 ) (2315 0 336 ) (2315 -298 336 ) (2307 -298 336 ) 
4 138 189 (2315 0 336 ) (2555 0 336 ) (2555 -298 336 ) (2315 -298 336 ) 
4 138 141 (2555 0 336 ) (3072 0 336 ) (3072 -298 336 ) (2555 -298 336 ) 
4 138 139 (2155 0 336 ) (2155 -298 336 ) (2155 -298 367 ) (2155 0 367 ) 
4 139 328 (2048 -314 367 ) (2048 0 367 ) (2048 0 336 ) (2048 -314 336 ) 
4 139 317 (2048 -314 336 ) (2048 -298 336 ) (2155 -298 336 ) (2155 -314 336 ) 
4 139 316 (2048 -298 336 ) (2048 0 336 ) (2155 0 336 ) (2155 -298 336 ) 
4 139 140 (2048 -314 336 ) (2155 -314 336 ) (2155 -314 367 ) (2048 -314 367 ) 
4 140 336 (2155 -1024 367 ) (2048 -1024 367 ) (2048 -1024 336 ) (2155 -1024 336 ) 
4 140 328 (2048 -1024 336 ) (2048 -1024 367 ) (2048 -314 367 ) (2048 -314 336 ) 
4 140 318 (2048 -1024 336 ) (2048 -314 336 ) (2155 -314 336 ) (2155 -1024 336 ) 
4 141 189 (2555 -298 277 ) (2555 -298 336 ) (2555 0 336 ) (2555 0 277 ) 
4 143 191 (2555 0 4 ) (2555 -98 4 ) (2555 -98 245 ) (2555 0 245 ) 
4 143 144 (2635 -98 245 ) (2555 -98 245 ) (2555 -98 4 ) (2635 -98 4 ) 
4 144 191 (2555 -98 4 ) (2555 -106 4 ) (2555 -106 245 ) (2555 -98 245 ) 
4 144 146 (2635 -106 245 ) (2555 -106 245 ) (2555 -106 4 ) (2635 -106 4 ) 
4 145 147 (2713 -298 4 ) (2761 -298 4 ) (2761 -298 112 ) (2713 -298 112 ) 
4 146 191 (2555 -106 4 ) (2555 -298 4 ) (2555 -298 245 ) (2555 -106 245 ) 
4 147 149 (2713 -314 4 ) (2761 -314 4 ) (2761 -314 112 ) (2713 -314 112 ) 
4 148 150 (2779 -466 4 ) (3072 -466 4 ) (3072 -466 336 ) (2779 -466 336 ) 
4 149 153 (2691 -314 336 ) (2691 -314 4 ) (2691 -458 4 ) (2691 -458 336 ) 
4 150 152 (2699 -514 4 ) (3072 -514 4 ) (3072 -514 336 ) (2699 -514 336 ) 
4 150 151 (2699 -466 112 ) (2699 -466 4 ) (2699 -514 4 ) (2699 -514 112 ) 
4 151 154 (2691 -466 4 ) (2691 -514 4 ) (2691 -514 112 ) (2691 -466 112 ) 
4 152 352 (3072 -1024 4 ) (3072 -1024 25 ) (2699 -1024 25 ) (2699 -1024 4 ) 
4 152 337 (3072 -1024 25 ) (3072 -1024 336 ) (2699 -1024 336 ) (2699 -1024 25 ) 
4 153 192 (2555 -314 4 ) (2555 -458 4 ) (2555 -458 277 ) (2555 -314 277 ) 
4 153 190 (2555 -458 277 ) (2555 -458 336 ) (2555 -314 336 ) (2555 -314 277 ) 
4 154 194 (2555 -466 4 ) (2555 -514 4 ) (2555 -514 112 ) (2555 -466 112 ) 
4 155 157 (2555 -709 336 ) (2555 -709 118 ) (2691 -709 118 ) (2691 -709 336 ) 
4 156 159 (2555 -709 112 ) (2555 -709 4 ) (2691 -709 4 ) (2691 -709 112 ) 
4 157 160 (2555 -773 336 ) (2555 -773 118 ) (2691 -773 118 ) (2691 -773 336 ) 
4 157 158 (2627 -773 118 ) (2595 -773 118 ) (2595 -709 118 ) (2627 -709 118 ) 
4 158 159 (2627 -773 112 ) (2595 -773 112 ) (2595 -709 112 ) (2627 -709 112 ) 
4 159 195 (2555 -711 4 ) (2555 -759 4 ) (2555 -759 112 ) (2555 -711 112 ) 
4 159 161 (2555 -773 112 ) (2555 -773 4 ) (2691 -773 4 ) (2691 -773 112 ) 
4 162 164 (2555 -845 336 ) (2555 -845 118 ) (2691 -845 118 ) (2691 -845 336 ) 
4 163 166 (2555 -845 112 ) (2555 -845 4 ) (2691 -845 4 ) (2691 -845 112 ) 
4 164 167 (2555 -909 336 ) (2555 -909 118 ) (2691 -909 118 ) (2691 -909 336 ) 
4 164 165 (2627 -909 118 ) (2595 -909 118 ) (2595 -845 118 ) (2627 -845 118 ) 
4 165 166 (2627 -909 112 ) (2595 -909 112 ) (2595 -845 112 ) (2627 -845 112 ) 
4 166 196 (2555 -847 4 ) (2555 -895 4 ) (2555 -895 112 ) (2555 -847 112 ) 
4 166 168 (2555 -909 112 ) (2555 -909 4 ) (2691 -909 4 ) (2691 -909 112 ) 
4 169 171 (2555 -981 336 ) (2555 -981 118 ) (2691 -981 118 ) (2691 -981 336 ) 
4 170 186 (2654 -981 4 ) (2664 -981 4 ) (2664 -981 24 ) (2654 -981 24 ) 
4 170 185 (2664 -981 4 ) (2691 -981 4 ) (2691 -981 24 ) (2664 -981 24 ) 
4 170 188 (2555 -981 24 ) (2555 -981 4 ) (2654 -981 4 ) (2654 -981 24 ) 
4 170 183 (2651 -981 24 ) (2667 -981 24 ) (2667 -981 25 ) (2651 -981 25 ) 
4 170 182 (2667 -981 24 ) (2691 -981 24 ) (2691 -981 25 ) (2667 -981 25 ) 
4 170 184 (2555 -981 25 ) (2555 -981 24 ) (2651 -981 24 ) (2651 -981 25 ) 
4 170 180 (2651 -981 25 ) (2652 -981 25 ) (2652 -981 32 ) (2651 -981 32 ) 
4 170 181 (2555 -981 32 ) (2555 -981 25 ) (2651 -981 25 ) (2651 -981 32 ) 
4 170 176 (2652 -981 25 ) (2666 -981 25 ) (2666 -981 32 ) (2652 -981 32 ) 
4 170 175 (2666 -981 25 ) (2667 -981 25 ) (2667 -981 32 ) (2666 -981 32 ) 
4 170 174 (2667 -981 25 ) (2691 -981 25 ) (2691 -981 32 ) (2667 -981 32 ) 
4 170 173 (2555 -981 112 ) (2555 -981 32 ) (2691 -981 32 ) (2691 -981 112 ) 
4 171 338 (2691 -1024 336 ) (2555 -1024 336 ) (2555 -1024 118 ) (2691 -1024 118 ) 
4 171 172 (2595 -981 118 ) (2627 -981 118 ) (2627 -1024 118 ) (2595 -1024 118 ) 
4 172 339 (2595 -1024 112 ) (2627 -1024 112 ) (2627 -1024 118 ) (2595 -1024 118 ) 
4 172 173 (2595 -981 112 ) (2627 -981 112 ) (2627 -1024 112 ) (2595 -1024 112 ) 
4 173 349 (2651 -1024 32 ) (2652 -1024 32 ) (2652 -1024 112 ) (2651 -1024 112 ) 
4 173 351 (2555 -1024 112 ) (2555 -1024 32 ) (2651 -1024 32 ) (2651 -1024 112 ) 
4 173 344 (2652 -1024 32 ) (2666 -1024 32 ) (2666 -1024 112 ) (2652 -1024 112 ) 
4 173 342 (2666 -1024 32 ) (2667 -1024 32 ) (2667 -1024 112 ) (2666 -1024 112 ) 
4 173 341 (2667 -1024 32 ) (2691 -1024 32 ) (2691 -1024 112 ) (2667 -1024 112 ) 
4 173 197 (2555 -1024 32 ) (2555 -1024 112 ) (2555 -983 112 ) (2555 -983 32 ) 
4 173 180 (2651 -981 32 ) (2652 -981 32 ) (2652 -985 32 ) (2651 -985 32 ) 
4 173 181 (2555 -1024 32 ) (2555 -981 32 ) (2651 -981 32 ) (2651 -1024 32 ) 
4 173 177 (2666 -986 32 ) (2666 -1024 32 ) (2652 -1024 32 ) (2652 -986 32 ) 
4 173 176 (2652 -981 32 ) (2666 -981 32 ) (2666 -985 32 ) (2652 -985 32 ) 
4 173 175 (2666 -981 32 ) (2667 -981 32 ) (2667 -985 32 ) (2666 -985 32 ) 
4 173 174 (2667 -981 32 ) (2691 -981 32 ) (2691 -1024 32 ) (2667 -1024 32 ) 
4 174 341 (2667 -1024 25 ) (2691 -1024 25 ) (2691 -1024 32 ) (2667 -1024 32 ) 
4 174 182 (2667 -981 25 ) (2691 -981 25 ) (2691 -1024 25 ) (2667 -1024 25 ) 
4 174 175 (2667 -981 25 ) (2667 -985 25 ) (2667 -985 32 ) (2667 -981 32 ) 
4 175 183 (2666 -981 25 ) (2667 -981 25 ) (2667 -985 25 ) (2666 -985 25 ) 
4 175 176 (2666 -981 25 ) (2666 -985 25 ) (2666 -985 32 ) (2666 -981 32 ) 
4 176 183 (2652 -981 25 ) (2666 -981 25 ) (2666 -985 25 ) (2652 -985 25 ) 
4 176 180 (2652 -981 25 ) (2652 -985 25 ) (2652 -985 32 ) (2652 -981 32 ) 
4 177 344 (2666 -1024 31 ) (2666 -1024 32 ) (2652 -1024 32 ) (2652 -1024 31 ) 
4 177 178 (2652 -1024 31 ) (2652 -986 31 ) (2666 -986 31 ) (2666 -1024 31 ) 
4 178 345 (2666 -1024 30 ) (2666 -1024 31 ) (2652 -1024 31 ) (2652 -1024 30 ) 
4 178 179 (2652 -1024 30 ) (2652 -986 30 ) (2666 -986 30 ) (2666 -1024 30 ) 
4 179 346 (2652 -1024 25 ) (2666 -1024 25 ) (2666 -1024 30 ) (2652 -1024 30 ) 
4 180 183 (2651 -981 25 ) (2652 -981 25 ) (2652 -985 25 ) (2651 -985 25 ) 
4 180 181 (2651 -981 25 ) (2651 -985 25 ) (2651 -985 32 ) (2651 -981 32 ) 
4 181 351 (2555 -1024 32 ) (2555 -1024 25 ) (2651 -1024 25 ) (2651 -1024 32 ) 
4 181 197 (2555 -1024 25 ) (2555 -1024 32 ) (2555 -983 32 ) (2555 -983 25 ) 
4 181 184 (2555 -1024 25 ) (2555 -981 25 ) (2651 -981 25 ) (2651 -1024 25 ) 
4 182 353 (2667 -1024 24 ) (2691 -1024 24 ) (2691 -1024 25 ) (2667 -1024 25 ) 
4 182 185 (2667 -981 24 ) (2691 -981 24 ) (2691 -1024 24 ) (2667 -1024 24 ) 
4 182 183 (2667 -981 24 ) (2667 -985 24 ) (2667 -985 25 ) (2667 -981 25 ) 
4 183 186 (2654 -981 24 ) (2664 -981 24 ) (2664 -985 24 ) (2654 -985 24 ) 
4 183 185 (2664 -981 24 ) (2667 -981 24 ) (2667 -985 24 ) (2664 -985 24 ) 
4 183 188 (2651 -981 24 ) (2654 -981 24 ) (2654 -985 24 ) (2651 -985 24 ) 
4 183 184 (2651 -981 24 ) (2651 -985 24 ) (2651 -985 25 ) (2651 -981 25 ) 
4 184 356 (2555 -1024 25 ) (2555 -1024 24 ) (2651 -1024 24 ) (2651 -1024 25 ) 
4 184 197 (2555 -1024 24 ) (2555 -1024 25 ) (2555 -983 25 ) (2555 -983 24 ) 
4 184 188 (2555 -1024 24 ) (2555 -981 24 ) (2651 -981 24 ) (2651 -1024 24 ) 
4 185 354 (2664 -1024 4 ) (2667 -1024 4 ) (2667 -1024 24 ) (2664 -1024 24 ) 
4 185 353 (2667 -1024 4 ) (2691 -1024 4 ) (2691 -1024 24 ) (2667 -1024 24 ) 
4 185 186 (2664 -993 24 ) (2664 -981 24 ) (2664 -981 4 ) (2664 -993 4 ) 
4 185 187 (2664 -1024 24 ) (2664 -1018 24 ) (2664 -1018 4 ) (2664 -1024 4 ) 
4 186 188 (2654 -993 24 ) (2654 -981 24 ) (2654 -981 4 ) (2654 -993 4 ) 
4 187 354 (2654 -1024 4 ) (2664 -1024 4 ) (2664 -1024 24 ) (2654 -1024 24 ) 
4 187 188 (2654 -1024 24 ) (2654 -1018 24 ) (2654 -1018 4 ) (2654 -1024 4 ) 
4 188 354 (2651 -1024 4 ) (2654 -1024 4 ) (2654 -1024 24 ) (2651 -1024 24 ) 
4 188 356 (2555 -1024 24 ) (2555 -1024 4 ) (2651 -1024 4 ) (2651 -1024 24 ) 
4 188 197 (2555 -983 4 ) (2555 -1024 4 ) (2555 -1024 24 ) (2555 -983 24 ) 
4 189 205 (2315 -298 336 ) (2315 0 336 ) (2315 0 277 ) (2315 -298 277 ) 
4 190 207 (2315 -458 277 ) (2315 -458 336 ) (2315 -314 336 ) (2315 -314 277 ) 
4 190 192 (2555 -458 277 ) (2315 -458 277 ) (2315 -314 277 ) (2555 -314 277 ) 
4 191 206 (2315 0 4 ) (2315 -298 4 ) (2315 -298 245 ) (2315 0 245 ) 
4 192 207 (2315 -314 4 ) (2315 -458 4 ) (2315 -458 277 ) (2315 -314 277 ) 
4 192 193 (2347 -458 4 ) (2395 -458 4 ) (2395 -458 112 ) (2347 -458 112 ) 
4 193 204 (2347 -466 4 ) (2395 -466 4 ) (2395 -466 112 ) (2347 -466 112 ) 
4 194 198 (2547 -466 112 ) (2547 -466 4 ) (2547 -514 4 ) (2547 -514 112 ) 
4 195 199 (2547 -711 4 ) (2547 -759 4 ) (2547 -759 112 ) (2547 -711 112 ) 
4 196 200 (2547 -847 4 ) (2547 -895 4 ) (2547 -895 112 ) (2547 -847 112 ) 
4 197 357 (2547 -1024 112 ) (2547 -1024 4 ) (2555 -1024 4 ) (2555 -1024 112 ) 
4 197 201 (2547 -983 4 ) (2547 -1024 4 ) (2547 -1024 112 ) (2547 -983 112 ) 
4 198 202 (2523 -466 336 ) (2523 -466 4 ) (2523 -661 4 ) (2523 -661 336 ) 
4 199 202 (2523 -669 4 ) (2523 -797 4 ) (2523 -797 336 ) (2523 -669 336 ) 
4 200 202 (2523 -805 4 ) (2523 -933 4 ) (2523 -933 336 ) (2523 -805 336 ) 
4 201 358 (2547 -1024 336 ) (2523 -1024 336 ) (2523 -1024 4 ) (2547 -1024 4 ) 
4 201 202 (2523 -941 4 ) (2523 -1024 4 ) (2523 -1024 336 ) (2523 -941 336 ) 
4 202 358 (2523 -1024 336 ) (2435 -1024 336 ) (2435 -1024 4 ) (2523 -1024 4 ) 
4 202 203 (2435 -466 336 ) (2435 -466 4 ) (2435 -467 4 ) (2435 -467 336 ) 
4 203 204 (2427 -466 336 ) (2427 -466 4 ) (2427 -467 4 ) (2427 -467 336 ) 
4 204 360 (2427 -1024 336 ) (2315 -1024 336 ) (2315 -1024 4 ) (2427 -1024 4 ) 
4 204 211 (2315 -938 4 ) (2315 -986 4 ) (2315 -986 112 ) (2315 -938 112 ) 
4 204 210 (2315 -797 4 ) (2315 -845 4 ) (2315 -845 112 ) (2315 -797 112 ) 
4 204 209 (2315 -656 4 ) (2315 -704 4 ) (2315 -704 112 ) (2315 -656 112 ) 
4 204 208 (2315 -516 4 ) (2315 -564 4 ) (2315 -564 112 ) (2315 -516 112 ) 
4 205 212 (2307 -298 277 ) (2307 -298 336 ) (2307 0 336 ) (2307 0 277 ) 
4 206 281 (2307 0 4 ) (2307 -298 4 ) (2307 -298 32 ) (2307 0 32 ) 
4 206 231 (2307 -298 32 ) (2307 -298 39 ) (2307 0 39 ) (2307 0 32 ) 
4 206 225 (2307 -298 39 ) (2307 -298 112 ) (2307 0 112 ) (2307 0 39 ) 
4 206 219 (2307 -298 112 ) (2307 -298 118 ) (2307 0 118 ) (2307 0 112 ) 
4 206 213 (2307 -298 118 ) (2307 -298 245 ) (2307 0 245 ) (2307 0 118 ) 
4 207 282 (2307 -314 4 ) (2307 -458 4 ) (2307 -458 32 ) (2307 -314 32 ) 
4 207 232 (2307 -458 32 ) (2307 -458 39 ) (2307 -314 39 ) (2307 -314 32 ) 
4 207 226 (2307 -458 39 ) (2307 -458 112 ) (2307 -314 112 ) (2307 -314 39 ) 
4 207 220 (2307 -458 112 ) (2307 -458 118 ) (2307 -314 118 ) (2307 -314 112 ) 
4 207 214 (2307 -458 118 ) (2307 -458 336 ) (2307 -314 336 ) (2307 -314 118 ) 
4 208 287 (2307 -518 4 ) (2307 -564 4 ) (2307 -564 31 ) (2307 -518 31 ) 
4 208 284 (2307 -564 31 ) (2307 -564 32 ) (2307 -518 32 ) (2307 -518 31 ) 
4 208 283 (2307 -516 4 ) (2307 -518 4 ) (2307 -518 32 ) (2307 -516 32 ) 
4 208 234 (2307 -564 32 ) (2307 -564 39 ) (2307 -518 39 ) (2307 -518 32 ) 
4 208 233 (2307 -518 39 ) (2307 -516 39 ) (2307 -516 32 ) (2307 -518 32 ) 
4 208 227 (2307 -564 39 ) (2307 -564 112 ) (2307 -516 112 ) (2307 -516 39 ) 
4 209 294 (2307 -656 4 ) (2307 -704 4 ) (2307 -704 31 ) (2307 -656 31 ) 
4 209 291 (2307 -704 31 ) (2307 -704 32 ) (2307 -656 32 ) (2307 -656 31 ) 
4 209 236 (2307 -704 32 ) (2307 -704 39 ) (2307 -656 39 ) (2307 -656 32 ) 
4 209 228 (2307 -704 39 ) (2307 -704 112 ) (2307 -656 112 ) (2307 -656 39 ) 
4 210 303 (2307 -803 4 ) (2307 -845 4 ) (2307 -845 31 ) (2307 -803 31 ) 
4 210 300 (2307 -845 31 ) (2307 -845 32 ) (2307 -803 32 ) (2307 -803 31 ) 
4 210 299 (2307 -797 4 ) (2307 -803 4 ) (2307 -803 32 ) (2307 -797 32 ) 
4 210 241 (2307 -845 32 ) (2307 -845 39 ) (2307 -844 39 ) (2307 -844 32 ) 
4 210 239 (2307 -844 39 ) (2307 -797 39 ) (2307 -797 32 ) (2307 -844 32 ) 
4 210 229 (2307 -845 39 ) (2307 -845 112 ) (2307 -797 112 ) (2307 -797 39 ) 
4 211 311 (2307 -938 4 ) (2307 -986 4 ) (2307 -986 31 ) (2307 -938 31 ) 
4 211 307 (2307 -986 31 ) (2307 -986 32 ) (2307 -938 32 ) (2307 -938 31 ) 
4 211 242 (2307 -986 32 ) (2307 -986 39 ) (2307 -938 39 ) (2307 -938 32 ) 
4 211 230 (2307 -986 39 ) (2307 -986 112 ) (2307 -938 112 ) (2307 -938 39 ) 
4 212 315 (2171 -298 336 ) (2171 0 336 ) (2171 0 277 ) (2171 -298 277 ) 
4 213 219 (2171 -298 118 ) (2171 0 118 ) (2307 0 118 ) (2307 -298 118 ) 
4 214 220 (2171 -458 118 ) (2171 -314 118 ) (2307 -314 118 ) (2307 -458 118 ) 
4 215 221 (2211 -506 118 ) (2243 -506 118 ) (2243 -570 118 ) (2211 -570 118 ) 
4 216 222 (2211 -653 118 ) (2243 -653 118 ) (2243 -717 118 ) (2211 -717 118 ) 
4 217 223 (2211 -794 118 ) (2243 -794 118 ) (2243 -858 118 ) (2211 -858 118 ) 
4 218 363 (2307 -1024 336 ) (2171 -1024 336 ) (2171 -1024 118 ) (2307 -1024 118 ) 
4 218 224 (2211 -935 118 ) (2243 -935 118 ) (2243 -999 118 ) (2211 -999 118 ) 
4 219 225 (2171 -298 112 ) (2171 0 112 ) (2307 0 112 ) (2307 -298 112 ) 
4 220 226 (2171 -458 112 ) (2171 -314 112 ) (2307 -314 112 ) (2307 -458 112 ) 
4 221 227 (2211 -506 112 ) (2243 -506 112 ) (2243 -570 112 ) (2211 -570 112 ) 
4 222 228 (2211 -653 112 ) (2243 -653 112 ) (2243 -717 112 ) (2211 -717 112 ) 
4 223 229 (2211 -794 112 ) (2243 -794 112 ) (2243 -858 112 ) (2211 -858 112 ) 
4 224 230 (2211 -935 112 ) (2243 -935 112 ) (2243 -999 112 ) (2211 -999 112 ) 
4 225 267 (2171 -298 39 ) (2171 0 39 ) (2220 0 39 ) (2220 -298 39 ) 
4 225 245 (2220 0 39 ) (2234 0 39 ) (2234 -298 39 ) (2220 -298 39 ) 
4 225 231 (2234 0 39 ) (2307 0 39 ) (2307 -298 39 ) (2234 -298 39 ) 
4 226 268 (2171 -458 39 ) (2171 -314 39 ) (2220 -314 39 ) (2220 -458 39 ) 
4 226 246 (2220 -314 39 ) (2234 -314 39 ) (2234 -458 39 ) (2220 -458 39 ) 
4 226 232 (2234 -314 39 ) (2307 -314 39 ) (2307 -458 39 ) (2234 -458 39 ) 
4 227 270 (2220 -559 39 ) (2220 -605 39 ) (2219 -605 39 ) (2219 -559 39 ) 
4 227 271 (2171 -605 39 ) (2171 -518 39 ) (2219 -518 39 ) (2219 -605 39 ) 
4 227 269 (2171 -518 39 ) (2171 -466 39 ) (2220 -466 39 ) (2220 -518 39 ) 
4 227 251 (2234 -559 39 ) (2234 -605 39 ) (2220 -605 39 ) (2220 -559 39 ) 
4 227 248 (2234 -519 39 ) (2234 -558 39 ) (2220 -558 39 ) (2220 -519 39 ) 
4 227 247 (2220 -466 39 ) (2234 -466 39 ) (2234 -518 39 ) (2220 -518 39 ) 
4 227 235 (2235 -605 39 ) (2234 -605 39 ) (2234 -559 39 ) (2235 -559 39 ) 
4 227 234 (2307 -518 39 ) (2307 -605 39 ) (2235 -605 39 ) (2235 -518 39 ) 
4 227 233 (2234 -466 39 ) (2307 -466 39 ) (2307 -518 39 ) (2234 -518 39 ) 
4 228 274 (2171 -746 39 ) (2171 -704 39 ) (2220 -704 39 ) (2220 -746 39 ) 
4 228 273 (2171 -704 39 ) (2171 -663 39 ) (2219 -663 39 ) (2219 -704 39 ) 
4 228 272 (2171 -663 39 ) (2171 -613 39 ) (2220 -613 39 ) (2220 -663 39 ) 
4 228 256 (2234 -704 39 ) (2234 -746 39 ) (2220 -746 39 ) (2220 -704 39 ) 
4 228 253 (2234 -664 39 ) (2234 -703 39 ) (2220 -703 39 ) (2220 -664 39 ) 
4 228 252 (2220 -613 39 ) (2234 -613 39 ) (2234 -663 39 ) (2220 -663 39 ) 
4 228 238 (2307 -704 39 ) (2307 -746 39 ) (2234 -746 39 ) (2234 -704 39 ) 
4 228 237 (2234 -613 39 ) (2235 -613 39 ) (2235 -663 39 ) (2234 -663 39 ) 
4 228 236 (2235 -613 39 ) (2307 -613 39 ) (2307 -704 39 ) (2235 -704 39 ) 
4 229 276 (2220 -844 39 ) (2220 -887 39 ) (2219 -887 39 ) (2219 -844 39 ) 
4 229 277 (2171 -887 39 ) (2171 -803 39 ) (2219 -803 39 ) (2219 -887 39 ) 
4 229 275 (2171 -803 39 ) (2171 -754 39 ) (2220 -754 39 ) (2220 -803 39 ) 
4 229 261 (2234 -844 39 ) (2234 -887 39 ) (2220 -887 39 ) (2220 -844 39 ) 
4 229 258 (2234 -804 39 ) (2234 -843 39 ) (2220 -843 39 ) (2220 -804 39 ) 
4 229 257 (2220 -754 39 ) (2234 -754 39 ) (2234 -803 39 ) (2220 -803 39 ) 
4 229 241 (2307 -844 39 ) (2307 -887 39 ) (2234 -887 39 ) (2234 -844 39 ) 
4 229 240 (2234 -754 39 ) (2235 -754 39 ) (2235 -803 39 ) (2234 -803 39 ) 
4 229 239 (2235 -754 39 ) (2307 -754 39 ) (2307 -844 39 ) (2235 -844 39 ) 
4 230 364 (2171 -1024 112 ) (2171 -1024 39 ) (2307 -1024 39 ) (2307 -1024 112 ) 
4 230 279 (2220 -990 39 ) (2220 -1024 39 ) (2219 -1024 39 ) (2219 -990 39 ) 
4 230 280 (2171 -1024 39 ) (2171 -939 39 ) (2219 -939 39 ) (2219 -1024 39 ) 
4 230 278 (2171 -939 39 ) (2171 -895 39 ) (2220 -895 39 ) (2220 -939 39 ) 
4 230 266 (2234 -990 39 ) (2234 -1024 39 ) (2220 -1024 39 ) (2220 -990 39 ) 
4 230 263 (2234 -940 39 ) (2234 -989 39 ) (2220 -989 39 ) (2220 -940 39 ) 
4 230 262 (2220 -895 39 ) (2234 -895 39 ) (2234 -939 39 ) (2220 -939 39 ) 
4 230 243 (2234 -895 39 ) (2235 -895 39 ) (2235 -939 39 ) (2234 -939 39 ) 
4 230 244 (2235 -990 39 ) (2235 -1024 39 ) (2234 -1024 39 ) (2234 -990 39 ) 
4 230 242 (2235 -895 39 ) (2307 -895 39 ) (2307 -1024 39 ) (2235 -1024 39 ) 
4 231 281 (2234 0 32 ) (2307 0 32 ) (2307 -298 32 ) (2234 -298 32 ) 
4 231 245 (2234 0 32 ) (2234 -298 32 ) (2234 -298 39 ) (2234 0 39 ) 
4 232 282 (2307 -314 32 ) (2307 -458 32 ) (2234 -458 32 ) (2234 -314 32 ) 
4 232 246 (2234 -314 32 ) (2234 -458 32 ) (2234 -458 39 ) (2234 -314 39 ) 
4 233 283 (2307 -466 32 ) (2307 -518 32 ) (2234 -518 32 ) (2234 -466 32 ) 
4 233 247 (2234 -466 32 ) (2234 -518 32 ) (2234 -518 39 ) (2234 -466 39 ) 
4 233 234 (2235 -518 32 ) (2307 -518 32 ) (2307 -518 39 ) (2235 -518 39 ) 
4 234 284 (2307 -518 32 ) (2307 -605 32 ) (2235 -605 32 ) (2235 -518 32 ) 
4 234 235 (2235 -559 32 ) (2235 -605 32 ) (2235 -605 39 ) (2235 -559 39 ) 
4 235 285 (2235 -605 32 ) (2234 -605 32 ) (2234 -559 32 ) (2235 -559 32 ) 
4 235 251 (2234 -559 32 ) (2234 -605 32 ) (2234 -605 39 ) (2234 -559 39 ) 
4 236 291 (2307 -613 32 ) (2307 -704 32 ) (2235 -704 32 ) (2235 -613 32 ) 
4 236 238 (2235 -704 32 ) (2307 -704 32 ) (2307 -704 39 ) (2235 -704 39 ) 
4 236 237 (2235 -613 39 ) (2235 -613 32 ) (2235 -663 32 ) (2235 -663 39 ) 
4 237 292 (2234 -663 32 ) (2234 -613 32 ) (2235 -613 32 ) (2235 -663 32 ) 
4 237 252 (2234 -613 32 ) (2234 -663 32 ) (2234 -663 39 ) (2234 -613 39 ) 
4 238 298 (2307 -704 32 ) (2307 -746 32 ) (2234 -746 32 ) (2234 -704 32 ) 
4 238 256 (2234 -704 32 ) (2234 -746 32 ) (2234 -746 39 ) (2234 -704 39 ) 
4 239 300 (2307 -803 32 ) (2307 -844 32 ) (2235 -844 32 ) (2235 -803 32 ) 
4 239 299 (2307 -754 32 ) (2307 -803 32 ) (2235 -803 32 ) (2235 -754 32 ) 
4 239 241 (2235 -844 32 ) (2307 -844 32 ) (2307 -844 39 ) (2235 -844 39 ) 
4 239 240 (2235 -754 39 ) (2235 -754 32 ) (2235 -803 32 ) (2235 -803 39 ) 
4 240 299 (2234 -803 32 ) (2234 -754 32 ) (2235 -754 32 ) (2235 -803 32 ) 
4 240 257 (2234 -754 32 ) (2234 -803 32 ) (2234 -803 39 ) (2234 -754 39 ) 
4 241 301 (2235 -887 32 ) (2234 -887 32 ) (2234 -844 32 ) (2235 -844 32 ) 
4 241 300 (2307 -844 32 ) (2307 -887 32 ) (2235 -887 32 ) (2235 -844 32 ) 
4 241 261 (2234 -844 32 ) (2234 -887 32 ) (2234 -887 39 ) (2234 -844 39 ) 
4 242 364 (2235 -1024 32 ) (2307 -1024 32 ) (2307 -1024 39 ) (2235 -1024 39 ) 
4 242 307 (2307 -895 32 ) (2307 -1024 32 ) (2235 -1024 32 ) (2235 -895 32 ) 
4 242 243 (2235 -895 39 ) (2235 -895 32 ) (2235 -939 32 ) (2235 -939 39 ) 
4 242 244 (2235 -990 32 ) (2235 -1024 32 ) (2235 -1024 39 ) (2235 -990 39 ) 
4 243 308 (2234 -939 32 ) (2234 -895 32 ) (2235 -895 32 ) (2235 -939 32 ) 
4 243 262 (2234 -895 32 ) (2234 -939 32 ) (2234 -939 39 ) (2234 -895 39 ) 
4 244 364 (2234 -1024 32 ) (2235 -1024 32 ) (2235 -1024 39 ) (2234 -1024 39 ) 
4 244 309 (2235 -1024 32 ) (2234 -1024 32 ) (2234 -990 32 ) (2235 -990 32 ) 
4 244 266 (2234 -990 32 ) (2234 -1024 32 ) (2234 -1024 39 ) (2234 -990 39 ) 
4 245 281 (2220 0 32 ) (2234 0 32 ) (2234 -298 32 ) (2220 -298 32 ) 
4 245 267 (2220 0 32 ) (2220 -298 32 ) (2220 -298 39 ) (2220 0 39 ) 
4 246 282 (2234 -314 32 ) (2234 -458 32 ) (2220 -458 32 ) (2220 -314 32 ) 
4 246 268 (2220 -314 32 ) (2220 -458 32 ) (2220 -458 39 ) (2220 -314 39 ) 
4 247 283 (2234 -466 32 ) (2234 -518 32 ) (2220 -518 32 ) (2220 -466 32 ) 
4 247 269 (2220 -466 32 ) (2220 -518 32 ) (2220 -518 39 ) (2220 -466 39 ) 
4 248 249 (2234 -558 38 ) (2220 -558 38 ) (2220 -519 38 ) (2234 -519 38 ) 
4 249 250 (2234 -558 37 ) (2220 -558 37 ) (2220 -519 37 ) (2234 -519 37 ) 
4 251 285 (2234 -559 32 ) (2234 -605 32 ) (2220 -605 32 ) (2220 -559 32 ) 
4 251 270 (2220 -559 32 ) (2220 -605 32 ) (2220 -605 39 ) (2220 -559 39 ) 
4 252 292 (2234 -613 32 ) (2234 -663 32 ) (2220 -663 32 ) (2220 -613 32 ) 
4 252 272 (2220 -613 32 ) (2220 -663 32 ) (2220 -663 39 ) (2220 -613 39 ) 
4 253 254 (2234 -703 38 ) (2220 -703 38 ) (2220 -664 38 ) (2234 -664 38 ) 
4 254 255 (2234 -703 37 ) (2220 -703 37 ) (2220 -664 37 ) (2234 -664 37 ) 
4 256 298 (2234 -704 32 ) (2234 -746 32 ) (2220 -746 32 ) (2220 -704 32 ) 
4 256 274 (2220 -704 32 ) (2220 -746 32 ) (2220 -746 39 ) (2220 -704 39 ) 
4 257 299 (2234 -754 32 ) (2234 -803 32 ) (2220 -803 32 ) (2220 -754 32 ) 
4 257 275 (2220 -754 32 ) (2220 -803 32 ) (2220 -803 39 ) (2220 -754 39 ) 
4 258 259 (2234 -843 38 ) (2220 -843 38 ) (2220 -804 38 ) (2234 -804 38 ) 
4 259 260 (2234 -843 37 ) (2220 -843 37 ) (2220 -804 37 ) (2234 -804 37 ) 
4 261 301 (2234 -844 32 ) (2234 -887 32 ) (2220 -887 32 ) (2220 -844 32 ) 
4 261 276 (2220 -844 32 ) (2220 -887 32 ) (2220 -887 39 ) (2220 -844 39 ) 
4 262 308 (2234 -895 32 ) (2234 -939 32 ) (2220 -939 32 ) (2220 -895 32 ) 
4 262 278 (2220 -895 32 ) (2220 -939 32 ) (2220 -939 39 ) (2220 -895 39 ) 
4 263 264 (2234 -989 38 ) (2220 -989 38 ) (2220 -940 38 ) (2234 -940 38 ) 
4 264 265 (2234 -989 37 ) (2220 -989 37 ) (2220 -940 37 ) (2234 -940 37 ) 
4 266 364 (2220 -1024 32 ) (2234 -1024 32 ) (2234 -1024 39 ) (2220 -1024 39 ) 
4 266 309 (2234 -990 32 ) (2234 -1024 32 ) (2220 -1024 32 ) (2220 -990 32 ) 
4 266 279 (2220 -990 32 ) (2220 -1024 32 ) (2220 -1024 39 ) (2220 -990 39 ) 
4 267 281 (2171 -298 32 ) (2171 0 32 ) (2220 0 32 ) (2220 -298 32 ) 
4 268 282 (2171 -458 32 ) (2171 -314 32 ) (2220 -314 32 ) (2220 -458 32 ) 
4 269 283 (2171 -518 32 ) (2171 -466 32 ) (2220 -466 32 ) (2220 -518 32 ) 
4 269 271 (2171 -518 32 ) (2219 -518 32 ) (2219 -518 39 ) (2171 -518 39 ) 
4 270 285 (2220 -559 32 ) (2220 -605 32 ) (2219 -605 32 ) (2219 -559 32 ) 
4 270 271 (2219 -559 32 ) (2219 -605 32 ) (2219 -605 39 ) (2219 -559 39 ) 
4 271 286 (2171 -605 32 ) (2171 -518 32 ) (2219 -518 32 ) (2219 -605 32 ) 
4 272 292 (2219 -613 32 ) (2220 -613 32 ) (2220 -663 32 ) (2219 -663 32 ) 
4 272 293 (2171 -663 32 ) (2171 -613 32 ) (2219 -613 32 ) (2219 -663 32 ) 
4 272 273 (2171 -663 32 ) (2219 -663 32 ) (2219 -663 39 ) (2171 -663 39 ) 
4 273 293 (2171 -704 32 ) (2171 -663 32 ) (2219 -663 32 ) (2219 -704 32 ) 
4 273 274 (2171 -704 32 ) (2219 -704 32 ) (2219 -704 39 ) (2171 -704 39 ) 
4 274 298 (2171 -746 32 ) (2171 -704 32 ) (2220 -704 32 ) (2220 -746 32 ) 
4 275 299 (2171 -803 32 ) (2171 -754 32 ) (2220 -754 32 ) (2220 -803 32 ) 
4 275 277 (2171 -803 32 ) (2219 -803 32 ) (2219 -803 39 ) (2171 -803 39 ) 
4 276 301 (2220 -844 32 ) (2220 -887 32 ) (2219 -887 32 ) (2219 -844 32 ) 
4 276 277 (2219 -844 32 ) (2219 -887 32 ) (2219 -887 39 ) (2219 -844 39 ) 
4 277 302 (2171 -887 32 ) (2171 -803 32 ) (2219 -803 32 ) (2219 -887 32 ) 
4 278 308 (2219 -895 32 ) (2220 -895 32 ) (2220 -939 32 ) (2219 -939 32 ) 
4 278 310 (2171 -939 32 ) (2171 -895 32 ) (2219 -895 32 ) (2219 -939 32 ) 
4 278 280 (2171 -939 32 ) (2219 -939 32 ) (2219 -939 39 ) (2171 -939 39 ) 
4 279 364 (2219 -1024 32 ) (2220 -1024 32 ) (2220 -1024 39 ) (2219 -1024 39 ) 
4 279 309 (2220 -990 32 ) (2220 -1024 32 ) (2219 -1024 32 ) (2219 -990 32 ) 
4 279 280 (2219 -990 32 ) (2219 -1024 32 ) (2219 -1024 39 ) (2219 -990 39 ) 
4 280 364 (2171 -1024 39 ) (2171 -1024 32 ) (2219 -1024 32 ) (2219 -1024 39 ) 
4 280 310 (2171 -1024 32 ) (2171 -939 32 ) (2219 -939 32 ) (2219 -1024 32 ) 
4 283 288 (2232 -518 31 ) (2222 -518 31 ) (2222 -518 4 ) (2232 -518 4 ) 
4 283 287 (2307 -518 4 ) (2307 -518 31 ) (2232 -518 31 ) (2232 -518 4 ) 
4 283 290 (2222 -518 31 ) (2171 -518 31 ) (2171 -518 4 ) (2222 -518 4 ) 
4 283 284 (2307 -518 31 ) (2307 -518 32 ) (2235 -518 32 ) (2235 -518 31 ) 
4 283 286 (2219 -518 32 ) (2171 -518 32 ) (2171 -518 31 ) (2219 -518 31 ) 
4 284 287 (2307 -605 31 ) (2235 -605 31 ) (2235 -518 31 ) (2307 -518 31 ) 
4 284 285 (2235 -559 31 ) (2235 -605 31 ) (2235 -605 32 ) (2235 -559 32 ) 
4 285 289 (2232 -605 31 ) (2222 -605 31 ) (2222 -559 31 ) (2232 -559 31 ) 
4 285 287 (2235 -605 31 ) (2232 -605 31 ) (2232 -559 31 ) (2235 -559 31 ) 
4 285 290 (2222 -605 31 ) (2219 -605 31 ) (2219 -559 31 ) (2222 -559 31 ) 
4 285 286 (2219 -559 31 ) (2219 -605 31 ) (2219 -605 32 ) (2219 -559 32 ) 
4 286 290 (2219 -605 31 ) (2171 -605 31 ) (2171 -518 31 ) (2219 -518 31 ) 
4 287 288 (2232 -526 31 ) (2232 -518 31 ) (2232 -518 4 ) (2232 -526 4 ) 
4 287 289 (2232 -605 4 ) (2232 -605 31 ) (2232 -551 31 ) (2232 -551 4 ) 
4 288 290 (2222 -526 31 ) (2222 -518 31 ) (2222 -518 4 ) (2222 -526 4 ) 
4 289 290 (2222 -605 4 ) (2222 -605 31 ) (2222 -551 31 ) (2222 -551 4 ) 
4 291 298 (2307 -704 31 ) (2307 -704 32 ) (2235 -704 32 ) (2235 -704 31 ) 
4 291 294 (2307 -704 31 ) (2235 -704 31 ) (2235 -613 31 ) (2307 -613 31 ) 
4 291 292 (2235 -613 32 ) (2235 -613 31 ) (2235 -663 31 ) (2235 -663 32 ) 
4 292 295 (2222 -613 31 ) (2232 -613 31 ) (2232 -663 31 ) (2222 -663 31 ) 
4 292 294 (2232 -613 31 ) (2235 -613 31 ) (2235 -663 31 ) (2232 -663 31 ) 
4 292 297 (2219 -663 31 ) (2219 -613 31 ) (2222 -613 31 ) (2222 -663 31 ) 
4 292 293 (2219 -613 32 ) (2219 -613 31 ) (2219 -663 31 ) (2219 -663 32 ) 
4 293 298 (2219 -704 32 ) (2171 -704 32 ) (2171 -704 31 ) (2219 -704 31 ) 
4 293 297 (2219 -704 31 ) (2171 -704 31 ) (2171 -613 31 ) (2219 -613 31 ) 
4 294 298 (2307 -704 4 ) (2307 -704 31 ) (2232 -704 31 ) (2232 -704 4 ) 
4 294 295 (2232 -613 31 ) (2232 -613 4 ) (2232 -670 4 ) (2232 -670 31 ) 
4 294 296 (2232 -695 4 ) (2232 -704 4 ) (2232 -704 31 ) (2232 -695 31 ) 
4 295 297 (2222 -613 31 ) (2222 -613 4 ) (2222 -670 4 ) (2222 -670 31 ) 
4 296 298 (2232 -704 31 ) (2222 -704 31 ) (2222 -704 4 ) (2232 -704 4 ) 
4 296 297 (2222 -695 4 ) (2222 -704 4 ) (2222 -704 31 ) (2222 -695 31 ) 
4 297 298 (2222 -704 31 ) (2171 -704 31 ) (2171 -704 4 ) (2222 -704 4 ) 
4 299 304 (2232 -803 31 ) (2222 -803 31 ) (2222 -803 4 ) (2232 -803 4 ) 
4 299 303 (2307 -803 4 ) (2307 -803 31 ) (2232 -803 31 ) (2232 -803 4 ) 
4 299 306 (2222 -803 31 ) (2171 -803 31 ) (2171 -803 4 ) (2222 -803 4 ) 
4 299 300 (2307 -803 31 ) (2307 -803 32 ) (2235 -803 32 ) (2235 -803 31 ) 
4 299 302 (2219 -803 32 ) (2171 -803 32 ) (2171 -803 31 ) (2219 -803 31 ) 
4 300 303 (2307 -887 31 ) (2235 -887 31 ) (2235 -803 31 ) (2307 -803 31 ) 
4 300 301 (2235 -844 31 ) (2235 -887 31 ) (2235 -887 32 ) (2235 -844 32 ) 
4 301 305 (2232 -887 31 ) (2222 -887 31 ) (2222 -844 31 ) (2232 -844 31 ) 
4 301 303 (2235 -887 31 ) (2232 -887 31 ) (2232 -844 31 ) (2235 -844 31 ) 
4 301 306 (2222 -887 31 ) (2219 -887 31 ) (2219 -844 31 ) (2222 -844 31 ) 
4 301 302 (2219 -844 31 ) (2219 -887 31 ) (2219 -887 32 ) (2219 -844 32 ) 
4 302 306 (2219 -887 31 ) (2171 -887 31 ) (2171 -803 31 ) (2219 -803 31 ) 
4 303 304 (2232 -811 31 ) (2232 -803 31 ) (2232 -803 4 ) (2232 -811 4 ) 
4 303 305 (2232 -887 4 ) (2232 -887 31 ) (2232 -836 31 ) (2232 -836 4 ) 
4 304 306 (2222 -811 31 ) (2222 -803 31 ) (2222 -803 4 ) (2222 -811 4 ) 
4 305 306 (2222 -887 4 ) (2222 -887 31 ) (2222 -836 31 ) (2222 -836 4 ) 
4 307 364 (2235 -1024 31 ) (2307 -1024 31 ) (2307 -1024 32 ) (2235 -1024 32 ) 
4 307 311 (2235 -895 31 ) (2307 -895 31 ) (2307 -1024 31 ) (2235 -1024 31 ) 
4 307 308 (2235 -895 32 ) (2235 -895 31 ) (2235 -939 31 ) (2235 -939 32 ) 
4 307 309 (2235 -990 31 ) (2235 -1024 31 ) (2235 -1024 32 ) (2235 -990 32 ) 
4 308 312 (2222 -895 31 ) (2232 -895 31 ) (2232 -939 31 ) (2222 -939 31 ) 
4 308 311 (2232 -895 31 ) (2235 -895 31 ) (2235 -939 31 ) (2232 -939 31 ) 
4 308 314 (2219 -895 31 ) (2222 -895 31 ) (2222 -939 31 ) (2219 -939 31 ) 
4 308 310 (2219 -895 32 ) (2219 -895 31 ) (2219 -939 31 ) (2219 -939 32 ) 
4 309 364 (2219 -1024 31 ) (2235 -1024 31 ) (2235 -1024 32 ) (2219 -1024 32 ) 
4 309 313 (2232 -1024 31 ) (2222 -1024 31 ) (2222 -990 31 ) (2232 -990 31 ) 
4 309 311 (2235 -990 31 ) (2235 -1024 31 ) (2232 -1024 31 ) (2232 -990 31 ) 
4 309 314 (2222 -1024 31 ) (2219 -1024 31 ) (2219 -990 31 ) (2222 -990 31 ) 
4 309 310 (2219 -990 31 ) (2219 -1024 31 ) (2219 -1024 32 ) (2219 -990 32 ) 
4 310 364 (2171 -1024 32 ) (2171 -1024 31 ) (2219 -1024 31 ) (2219 -1024 32 ) 
4 310 314 (2171 -1024 31 ) (2171 -895 31 ) (2219 -895 31 ) (2219 -1024 31 ) 
4 311 364 (2232 -1024 4 ) (2307 -1024 4 ) (2307 -1024 31 ) (2232 -1024 31 ) 
4 311 312 (2232 -895 31 ) (2232 -895 4 ) (2232 -946 4 ) (2232 -946 31 ) 
4 311 313 (2232 -983 4 ) (2232 -1024 4 ) (2232 -1024 31 ) (2232 -983 31 ) 
4 312 314 (2222 -895 31 ) (2222 -895 4 ) (2222 -946 4 ) (2222 -946 31 ) 
4 313 364 (2222 -1024 4 ) (2232 -1024 4 ) (2232 -1024 31 ) (2222 -1024 31 ) 
4 313 314 (2222 -983 4 ) (2222 -1024 4 ) (2222 -1024 31 ) (2222 -983 31 ) 
4 314 364 (2171 -1024 31 ) (2171 -1024 4 ) (2222 -1024 4 ) (2222 -1024 31 ) 
4 315 316 (2155 -298 277 ) (2155 -298 336 ) (2155 0 336 ) (2155 0 277 ) 
4 316 328 (2048 -298 336 ) (2048 0 336 ) (2048 0 4 ) (2048 -298 4 ) 
4 316 319 (2048 -298 4 ) (2048 -30 4 ) (2155 -30 4 ) (2155 -298 4 ) 
4 316 317 (2048 -298 4 ) (2155 -298 4 ) (2155 -298 336 ) (2048 -298 336 ) 
4 317 328 (2048 -314 336 ) (2048 -298 336 ) (2048 -298 4 ) (2048 -314 4 ) 
4 317 320 (2048 -314 4 ) (2048 -298 4 ) (2155 -298 4 ) (2155 -314 4 ) 
4 317 318 (2048 -314 4 ) (2155 -314 4 ) (2155 -314 336 ) (2048 -314 336 ) 
4 318 365 (2155 -1024 336 ) (2048 -1024 336 ) (2048 -1024 4 ) (2155 -1024 4 ) 
4 318 328 (2048 -1024 4 ) (2048 -1024 336 ) (2048 -314 336 ) (2048 -314 4 ) 
4 318 321 (2155 -1024 4 ) (2048 -1024 4 ) (2048 -314 4 ) (2155 -314 4 ) 
4 319 329 (2048 -298 4 ) (2048 -30 4 ) (2048 -30 0 ) (2048 -298 0 ) 
4 319 320 (2048 -298 0 ) (2155 -298 0 ) (2155 -298 4 ) (2048 -298 4 ) 
4 320 329 (2048 -314 4 ) (2048 -298 4 ) (2048 -298 0 ) (2048 -314 0 ) 
4 320 321 (2048 -314 0 ) (2155 -314 0 ) (2155 -314 4 ) (2048 -314 4 ) 
4 321 366 (2155 -1024 4 ) (2048 -1024 4 ) (2048 -1024 0 ) (2155 -1024 0 ) 
4 321 329 (2048 -1024 0 ) (2048 -1024 4 ) (2048 -314 4 ) (2048 -314 0 ) 
4 322 328 (2048 0 4 ) (2048 0 768 ) (1024 0 768 ) (1024 0 4 ) 
4 322 325 (1024 1024 768 ) (1024 1024 4 ) (1024 0 4 ) (1024 0 768 ) 
4 322 324 (1067 1024 4 ) (1339 1024 4 ) (1339 462 4 ) (1067 462 4 ) 
4 322 323 (1339 1024 4 ) (2048 1024 4 ) (2048 166 4 ) (1339 166 4 ) 
4 323 324 (1339 1024 0 ) (1339 462 0 ) (1339 462 4 ) (1339 1024 4 ) 
4 325 331 (1024 0 4 ) (1024 0 768 ) (179 0 768 ) (179 0 4 ) 
4 325 326 (179 0 6 ) (179 0 768 ) (179 1024 768 ) (179 1024 6 ) 
4 326 332 (171 0 768 ) (171 0 6 ) (179 0 6 ) (179 0 768 ) 
4 326 327 (171 1024 768 ) (171 1024 6 ) (171 0 6 ) (171 0 768 ) 
4 327 380 (0 1024 768 ) (0 1024 4 ) (0 0 4 ) (0 0 768 ) 
4 327 333 (0 0 768 ) (0 0 4 ) (171 0 4 ) (171 0 768 ) 
4 328 370 (2048 -1024 4 ) (2048 -1024 768 ) (1024 -1024 768 ) (1024 -1024 4 ) 
4 328 331 (1024 0 768 ) (1024 0 4 ) (1024 -1024 4 ) (1024 -1024 768 ) 
4 328 330 (1339 -1024 4 ) (1067 -1024 4 ) (1067 -349 4 ) (1339 -349 4 ) 
4 328 329 (2048 -1024 4 ) (1339 -1024 4 ) (1339 -30 4 ) (2048 -30 4 ) 
4 329 371 (2048 -1024 0 ) (2048 -1024 4 ) (1339 -1024 4 ) (1339 -1024 0 ) 
4 329 330 (1339 -349 0 ) (1339 -1024 0 ) (1339 -1024 4 ) (1339 -349 4 ) 
4 330 371 (1339 -1024 4 ) (1067 -1024 4 ) (1067 -1024 0 ) (1339 -1024 0 ) 
4 331 373 (1024 -1024 4 ) (1024 -1024 768 ) (179 -1024 768 ) (179 -1024 4 ) 
4 331 332 (179 -1024 6 ) (179 -1024 768 ) (179 0 768 ) (179 0 6 ) 
4 332 374 (171 -1024 768 ) (171 -1024 6 ) (179 -1024 6 ) (179 -1024 768 ) 
4 332 333 (171 0 768 ) (171 0 6 ) (171 -1024 6 ) (171 -1024 768 ) 
4 333 383 (0 -1024 4 ) (0 -1024 768 ) (0 0 768 ) (0 0 4 ) 
4 333 375 (0 -1024 768 ) (0 -1024 4 ) (171 -1024 4 ) (171 -1024 768 ) 
4 334 335 (2155 -1090 768 ) (2155 -1090 367 ) (3072 -1090 367 ) (3072 -1090 768 ) 
4 334 336 (2155 -1090 367 ) (2155 -1090 768 ) (2155 -1024 768 ) (2155 -1024 367 ) 
4 335 377 (3072 -2048 336 ) (3072 -2048 768 ) (2155 -2048 768 ) (2155 -2048 336 ) 
4 335 367 (3072 -2048 336 ) (2155 -2048 336 ) (2155 -1090 336 ) (3072 -1090 336 ) 
4 335 336 (2155 -1090 336 ) (2155 -2048 336 ) (2155 -2048 768 ) (2155 -1090 768 ) 
4 336 377 (2155 -2048 768 ) (2048 -2048 768 ) (2048 -2048 336 ) (2155 -2048 336 ) 
4 336 370 (2048 -2048 336 ) (2048 -2048 768 ) (2048 -1024 768 ) (2048 -1024 336 ) 
4 336 368 (2155 -2048 336 ) (2048 -2048 336 ) (2048 -1074 336 ) (2155 -1074 336 ) 
4 336 365 (2048 -1074 336 ) (2048 -1024 336 ) (2155 -1024 336 ) (2155 -1074 336 ) 
4 337 352 (3072 -1074 25 ) (2699 -1074 25 ) (2699 -1024 25 ) (3072 -1024 25 ) 
4 338 340 (2555 -1045 336 ) (2555 -1045 118 ) (2691 -1045 118 ) (2691 -1045 336 ) 
4 338 339 (2627 -1045 118 ) (2595 -1045 118 ) (2595 -1024 118 ) (2627 -1024 118 ) 
4 339 351 (2595 -1024 112 ) (2627 -1024 112 ) (2627 -1045 112 ) (2595 -1045 112 ) 
4 341 353 (2691 -1074 25 ) (2667 -1074 25 ) (2667 -1024 25 ) (2691 -1024 25 ) 
4 341 342 (2667 -1026 32 ) (2667 -1026 112 ) (2667 -1024 112 ) (2667 -1024 32 ) 
4 341 343 (2667 -1026 25 ) (2667 -1074 25 ) (2667 -1074 112 ) (2667 -1026 112 ) 
4 342 347 (2666 -1026 32 ) (2666 -1026 112 ) (2666 -1025 112 ) (2666 -1025 32 ) 
4 342 344 (2666 -1025 112 ) (2666 -1024 112 ) (2666 -1024 32 ) (2666 -1025 32 ) 
4 342 343 (2666 -1026 112 ) (2666 -1026 32 ) (2667 -1026 32 ) (2667 -1026 112 ) 
4 343 355 (2667 -1074 25 ) (2666 -1074 25 ) (2666 -1026 25 ) (2667 -1026 25 ) 
4 343 348 (2666 -1026 25 ) (2666 -1074 25 ) (2666 -1074 112 ) (2666 -1026 112 ) 
4 344 349 (2652 -1025 32 ) (2652 -1025 112 ) (2652 -1024 112 ) (2652 -1024 32 ) 
4 344 347 (2652 -1025 112 ) (2652 -1025 32 ) (2666 -1025 32 ) (2666 -1025 112 ) 
4 344 345 (2666 -1025 31 ) (2652 -1025 31 ) (2652 -1024 31 ) (2666 -1024 31 ) 
4 345 346 (2666 -1025 30 ) (2652 -1025 30 ) (2652 -1024 30 ) (2666 -1024 30 ) 
4 347 349 (2652 -1026 32 ) (2652 -1026 112 ) (2652 -1025 112 ) (2652 -1025 32 ) 
4 347 348 (2652 -1026 112 ) (2652 -1026 32 ) (2666 -1026 32 ) (2666 -1026 112 ) 
4 348 355 (2666 -1074 25 ) (2652 -1074 25 ) (2652 -1026 25 ) (2666 -1026 25 ) 
4 348 350 (2652 -1026 25 ) (2652 -1074 25 ) (2652 -1074 112 ) (2652 -1026 112 ) 
4 349 350 (2651 -1026 112 ) (2651 -1026 32 ) (2652 -1026 32 ) (2652 -1026 112 ) 
4 349 351 (2651 -1026 32 ) (2651 -1026 112 ) (2651 -1024 112 ) (2651 -1024 32 ) 
4 350 355 (2652 -1074 25 ) (2651 -1074 25 ) (2651 -1026 25 ) (2652 -1026 25 ) 
4 350 351 (2651 -1026 25 ) (2651 -1074 25 ) (2651 -1074 112 ) (2651 -1026 112 ) 
4 351 357 (2555 -1031 112 ) (2555 -1024 112 ) (2555 -1024 25 ) (2555 -1031 25 ) 
4 351 356 (2651 -1074 25 ) (2555 -1074 25 ) (2555 -1024 25 ) (2651 -1024 25 ) 
4 353 354 (2667 -1024 4 ) (2667 -1026 4 ) (2667 -1026 24 ) (2667 -1024 24 ) 
4 353 355 (2667 -1026 4 ) (2667 -1074 4 ) (2667 -1074 25 ) (2667 -1026 25 ) 
4 354 355 (2651 -1026 24 ) (2651 -1026 4 ) (2667 -1026 4 ) (2667 -1026 24 ) 
4 354 356 (2651 -1024 4 ) (2651 -1026 4 ) (2651 -1026 24 ) (2651 -1024 24 ) 
4 355 356 (2651 -1026 4 ) (2651 -1074 4 ) (2651 -1074 25 ) (2651 -1026 25 ) 
4 356 357 (2555 -1031 25 ) (2555 -1024 25 ) (2555 -1024 4 ) (2555 -1031 4 ) 
4 357 358 (2547 -1024 4 ) (2547 -1031 4 ) (2547 -1031 112 ) (2547 -1024 112 ) 
4 358 361 (2435 -1026 4 ) (2435 -1031 4 ) (2435 -1031 112 ) (2435 -1026 112 ) 
4 358 359 (2435 -1031 336 ) (2435 -1031 4 ) (2547 -1031 4 ) (2547 -1031 336 ) 
4 359 361 (2435 -1031 4 ) (2435 -1074 4 ) (2435 -1074 112 ) (2435 -1031 112 ) 
4 360 362 (2315 -1026 336 ) (2315 -1026 4 ) (2427 -1026 4 ) (2427 -1026 336 ) 
4 361 362 (2427 -1026 112 ) (2427 -1026 4 ) (2427 -1074 4 ) (2427 -1074 112 ) 
4 365 370 (2048 -1074 4 ) (2048 -1074 336 ) (2048 -1024 336 ) (2048 -1024 4 ) 
4 365 368 (2155 -1074 336 ) (2048 -1074 336 ) (2048 -1074 4 ) (2155 -1074 4 ) 
4 365 366 (2155 -1074 4 ) (2048 -1074 4 ) (2048 -1024 4 ) (2155 -1024 4 ) 
4 366 371 (2048 -1074 0 ) (2048 -1074 4 ) (2048 -1024 4 ) (2048 -1024 0 ) 
4 366 369 (2048 -1074 2 ) (2048 -1074 0 ) (2155 -1074 0 ) (2155 -1074 2 ) 
4 366 368 (2048 -1074 4 ) (2048 -1074 2 ) (2155 -1074 2 ) (2155 -1074 4 ) 
4 367 377 (3072 -2048 2 ) (3072 -2048 336 ) (2155 -2048 336 ) (2155 -2048 2 ) 
4 367 369 (3072 -2048 2 ) (2155 -2048 2 ) (2155 -1090 2 ) (3072 -1090 2 ) 
4 367 368 (2155 -1090 2 ) (2155 -2048 2 ) (2155 -2048 336 ) (2155 -1090 336 ) 
4 368 377 (2155 -2048 336 ) (2048 -2048 336 ) (2048 -2048 2 ) (2155 -2048 2 ) 
4 368 371 (2048 -2048 2 ) (2048 -2048 4 ) (2048 -1074 4 ) (2048 -1074 2 ) 
4 368 370 (2048 -2048 4 ) (2048 -2048 336 ) (2048 -1074 336 ) (2048 -1074 4 ) 
4 368 369 (2155 -2048 2 ) (2048 -2048 2 ) (2048 -1074 2 ) (2155 -1074 2 ) 
4 369 377 (3072 -2048 0 ) (3072 -2048 2 ) (2048 -2048 2 ) (2048 -2048 0 ) 
4 369 371 (2048 -2048 0 ) (2048 -2048 2 ) (2048 -1074 2 ) (2048 -1074 0 ) 
4 370 378 (2048 -2048 4 ) (2048 -2048 768 ) (1024 -2048 768 ) (1024 -2048 4 ) 
4 370 376 (1024 -1442 4 ) (1024 -2048 4 ) (1024 -2048 768 ) (1024 -1442 768 ) 
4 370 373 (1024 -1024 768 ) (1024 -1024 4 ) (1024 -1442 4 ) (1024 -1442 768 ) 
4 370 372 (1024 -2048 4 ) (1024 -1442 4 ) (1067 -1442 4 ) (1067 -2048 4 ) 
4 370 371 (1067 -1024 4 ) (2048 -1024 4 ) (2048 -2048 4 ) (1067 -2048 4 ) 
4 371 378 (2048 -2048 0 ) (2048 -2048 4 ) (1067 -2048 4 ) (1067 -2048 0 ) 
4 371 372 (1067 -1442 0 ) (1067 -2048 0 ) (1067 -2048 4 ) (1067 -1442 4 ) 
4 372 378 (1067 -2048 4 ) (1024 -2048 4 ) (1024 -2048 0 ) (1067 -2048 0 ) 
4 372 376 (1024 -1442 0 ) (1024 -2048 0 ) (1024 -2048 4 ) (1024 -1442 4 ) 
4 373 376 (1024 -1442 4 ) (1024 -1442 768 ) (179 -1442 768 ) (179 -1442 4 ) 
4 373 374 (179 -1024 768 ) (179 -1024 6 ) (179 -1442 6 ) (179 -1442 768 ) 
4 374 376 (179 -1442 6 ) (179 -1442 768 ) (171 -1442 768 ) (171 -1442 6 ) 
4 374 375 (171 -1442 6 ) (171 -1442 768 ) (171 -1024 768 ) (171 -1024 6 ) 
4 375 388 (0 -1024 768 ) (0 -1024 4 ) (0 -1442 4 ) (0 -1442 768 ) 
4 375 376 (0 -1442 768 ) (0 -1442 4 ) (171 -1442 4 ) (171 -1442 768 ) 
4 376 389 (0 -2048 0 ) (0 -2048 768 ) (0 -1442 768 ) (0 -1442 0 ) 
4 376 379 (0 -2048 768 ) (0 -2048 0 ) (1024 -2048 0 ) (1024 -2048 768 ) 
4 377 378 (2048 -2048 768 ) (2048 -2048 0 ) (2048 -2082 0 ) (2048 -2082 768 ) 
4 378 379 (1024 -2048 768 ) (1024 -2048 0 ) (1024 -2082 0 ) (1024 -2082 768 ) 
4 379 394 (0 -2082 0 ) (0 -2082 768 ) (0 -2048 768 ) (0 -2048 0 ) 
4 380 383 (0 0 4 ) (0 0 768 ) (-341 0 768 ) (-341 0 4 ) 
4 380 381 (-341 0 6 ) (-341 0 768 ) (-341 1024 768 ) (-341 1024 6 ) 
4 381 384 (-341 0 6 ) (-341 0 768 ) (-349 0 768 ) (-349 0 6 ) 
4 381 382 (-349 0 6 ) (-349 0 768 ) (-349 1024 768 ) (-349 1024 6 ) 
4 382 386 (-1024 1024 768 ) (-1024 1024 0 ) (-1024 0 0 ) (-1024 0 768 ) 
4 382 385 (-1024 0 768 ) (-1024 0 0 ) (-349 0 0 ) (-349 0 768 ) 
4 383 388 (0 -1024 4 ) (0 -1024 768 ) (-341 -1024 768 ) (-341 -1024 4 ) 
4 383 384 (-341 -1024 6 ) (-341 -1024 768 ) (-341 0 768 ) (-341 0 6 ) 
4 384 390 (-341 -1024 6 ) (-341 -1024 768 ) (-349 -1024 768 ) (-349 -1024 6 ) 
4 384 385 (-349 -1024 6 ) (-349 -1024 768 ) (-349 0 768 ) (-349 0 6 ) 
4 385 392 (-1024 -1024 768 ) (-1024 -1024 0 ) (-349 -1024 0 ) (-349 -1024 768 ) 
4 385 387 (-1024 -1024 0 ) (-1024 -1024 768 ) (-1024 0 768 ) (-1024 0 0 ) 
4 386 387 (-1024 0 0 ) (-1024 0 768 ) (-1416 0 768 ) (-1416 0 0 ) 
4 387 393 (-1024 -1024 0 ) (-1024 -1024 768 ) (-1416 -1024 768 ) (-1416 -1024 0 ) 
4 388 390 (-341 -1442 6 ) (-341 -1442 768 ) (-341 -1024 768 ) (-341 -1024 6 ) 
4 388 389 (0 -1442 768 ) (-341 -1442 768 ) (-341 -1442 4 ) (0 -1442 4 ) 
4 389 394 (0 -2048 0 ) (0 -2048 768 ) (-341 -2048 768 ) (-341 -2048 0 ) 
4 389 391 (-341 -1442 0 ) (-341 -2048 0 ) (-341 -2048 768 ) (-341 -1442 768 ) 
4 390 391 (-349 -1442 768 ) (-349 -1442 6 ) (-341 -1442 6 ) (-341 -1442 768 ) 
4 390 392 (-349 -1442 6 ) (-349 -1442 768 ) (-349 -1024 768 ) (-349 -1024 6 ) 
4 391 394 (-349 -2048 0 ) (-341 -2048 0 ) (-341 -2048 768 ) (-349 -2048 768 ) 
4 391 392 (-349 -1442 0 ) (-349 -2048 0 ) (-349 -2048 768 ) (-349 -1442 768 ) 
4 392 394 (-1024 -2048 768 ) (-1024 -2048 0 ) (-349 -2048 0 ) (-349 -2048 768 ) 
4 392 393 (-1024 -2048 0 ) (-1024 -2048 768 ) (-1024 -1024 768 ) (-1024 -1024 0 ) 
4 393 395 (-1024 -2048 0 ) (-1024 -2048 768 ) (-1416 -2048 768 ) (-1416 -2048 0 ) 
4 394 395 (-1024 -2048 768 ) (-1024 -2048 0 ) (-1024 -2082 0 ) (-1024 -2082 768 ) 
